<?xml version="1.0" encoding="UTF-8"?>
<coverage generated="1762183865275" clover="3.2.0">
  <project timestamp="1762183865276" name="All files">
    <metrics statements="1122" coveredstatements="1074" conditionals="1217" coveredconditionals="1023" methods="421" coveredmethods="398" elements="2760" coveredelements="2495" complexity="0" loc="1122" ncloc="1122" packages="10" files="91" classes="91"/>
    <package name="components">
      <metrics statements="260" coveredstatements="245" conditionals="355" coveredconditionals="297" methods="97" coveredmethods="91"/>
      <file name="AdBanner.tsx" path="C:\Users\satis\Desktop\Workspace\Mossombi\components\AdBanner.tsx">
        <metrics statements="14" coveredstatements="14" conditionals="16" coveredconditionals="12" methods="5" coveredmethods="5"/>
        <line num="27" count="16" type="stmt"/>
        <line num="28" count="16" type="stmt"/>
        <line num="30" count="16" type="stmt"/>
        <line num="31" count="2" type="stmt"/>
        <line num="32" count="2" type="stmt"/>
        <line num="35" count="16" type="stmt"/>
        <line num="36" count="4" type="cond" truecount="2" falsecount="0"/>
        <line num="37" count="2" type="stmt"/>
        <line num="41" count="16" type="cond" truecount="2" falsecount="0"/>
        <line num="44" count="14" type="stmt"/>
        <line num="48" count="10" type="stmt"/>
        <line num="68" count="14" type="stmt"/>
        <line num="82" count="14" type="stmt"/>
        <line num="107" count="5" type="stmt"/>
      </file>
      <file name="Button.tsx" path="C:\Users\satis\Desktop\Workspace\Mossombi\components\Button.tsx">
        <metrics statements="42" coveredstatements="41" conditionals="80" coveredconditionals="73" methods="9" coveredmethods="9"/>
        <line num="42" count="226" type="stmt"/>
        <line num="45" count="226" type="stmt"/>
        <line num="46" count="226" type="stmt"/>
        <line num="48" count="226" type="stmt"/>
        <line num="55" count="226" type="stmt"/>
        <line num="56" count="40" type="cond" truecount="5" falsecount="0"/>
        <line num="58" count="39" type="cond" truecount="2" falsecount="0"/>
        <line num="60" count="4" type="stmt"/>
        <line num="61" count="4" type="stmt"/>
        <line num="64" count="4" type="stmt"/>
        <line num="74" count="4" type="stmt"/>
        <line num="77" count="35" type="stmt"/>
        <line num="81" count="226" type="stmt"/>
        <line num="82" count="228" type="cond" truecount="2" falsecount="0"/>
        <line num="83" count="219" type="cond" truecount="7" falsecount="0"/>
        <line num="85" count="54" type="stmt"/>
        <line num="87" count="2" type="stmt"/>
        <line num="89" count="2" type="stmt"/>
        <line num="91" count="10" type="stmt"/>
        <line num="94" count="80" type="stmt"/>
        <line num="96" count="71" type="stmt"/>
        <line num="100" count="226" type="stmt"/>
        <line num="101" count="226" type="cond" truecount="2" falsecount="0"/>
        <line num="102" count="217" type="cond" truecount="7" falsecount="1"/>
        <line num="108" count="137" type="stmt"/>
        <line num="111" count="80" type="stmt"/>
        <line num="113" count="0" type="stmt"/>
        <line num="118" count="226" type="stmt"/>
        <line num="141" count="226" type="stmt"/>
        <line num="156" count="226" type="cond" truecount="4" falsecount="0"/>
        <line num="158" count="71" type="stmt"/>
        <line num="176" count="71" type="cond" truecount="2" falsecount="0"/>
        <line num="177" count="10" type="stmt"/>
        <line num="212" count="10" type="stmt"/>
        <line num="225" count="61" type="stmt"/>
        <line num="230" count="61" type="stmt"/>
        <line num="242" count="155" type="stmt"/>
        <line num="246" count="155" type="stmt"/>
        <line num="256" count="155" type="cond" truecount="2" falsecount="0"/>
        <line num="257" count="2" type="stmt"/>
        <line num="294" count="153" type="stmt"/>
        <line num="297" count="44" type="stmt"/>
      </file>
      <file name="ButtonAnimationExample.tsx" path="C:\Users\satis\Desktop\Workspace\Mossombi\components\ButtonAnimationExample.tsx">
        <metrics statements="4" coveredstatements="4" conditionals="0" coveredconditionals="0" methods="3" coveredmethods="3"/>
        <line num="15" count="2" type="stmt"/>
        <line num="17" count="2" type="stmt"/>
        <line num="48" count="2" type="stmt"/>
        <line num="68" count="2" type="stmt"/>
      </file>
      <file name="Card.tsx" path="C:\Users\satis\Desktop\Workspace\Mossombi\components\Card.tsx">
        <metrics statements="13" coveredstatements="13" conditionals="18" coveredconditionals="14" methods="3" coveredmethods="3"/>
        <line num="24" count="10" type="stmt"/>
        <line num="26" count="10" type="stmt"/>
        <line num="39" count="10" type="cond" truecount="2" falsecount="0"/>
        <line num="40" count="4" type="stmt"/>
        <line num="42" count="4" type="cond" truecount="2" falsecount="0"/>
        <line num="43" count="2" type="stmt"/>
        <line num="47" count="2" type="cond" truecount="1" falsecount="1"/>
        <line num="61" count="2" type="stmt"/>
        <line num="73" count="6" type="cond" truecount="2" falsecount="0"/>
        <line num="74" count="2" type="stmt"/>
        <line num="78" count="2" type="cond" truecount="1" falsecount="1"/>
        <line num="85" count="4" type="stmt"/>
        <line num="92" count="3" type="stmt"/>
      </file>
      <file name="CartModal.tsx" path="C:\Users\satis\Desktop\Workspace\Mossombi\components\CartModal.tsx">
        <metrics statements="14" coveredstatements="14" conditionals="8" coveredconditionals="5" methods="9" coveredmethods="9"/>
        <line num="47" count="16" type="stmt"/>
        <line num="49" count="16" type="stmt"/>
        <line num="50" count="16" type="stmt"/>
        <line num="51" count="8" type="stmt"/>
        <line num="52" count="6" type="cond" truecount="1" falsecount="1"/>
        <line num="55" count="16" type="stmt"/>
        <line num="78" count="8" type="stmt"/>
        <line num="79" count="6" type="cond" truecount="1" falsecount="1"/>
        <line num="81" count="6" type="stmt"/>
        <line num="96" count="1" type="stmt"/>
        <line num="108" count="1" type="stmt"/>
        <line num="154" count="1" type="stmt"/>
        <line num="155" count="1" type="stmt"/>
        <line num="170" count="17" type="stmt"/>
      </file>
      <file name="CheckoutModal.tsx" path="C:\Users\satis\Desktop\Workspace\Mossombi\components\CheckoutModal.tsx">
        <metrics statements="43" coveredstatements="34" conditionals="70" coveredconditionals="62" methods="23" coveredmethods="19"/>
        <line num="34" count="39" type="stmt"/>
        <line num="35" count="39" type="stmt"/>
        <line num="36" count="39" type="stmt"/>
        <line num="37" count="39" type="stmt"/>
        <line num="38" count="39" type="stmt"/>
        <line num="39" count="39" type="stmt"/>
        <line num="45" count="39" type="stmt"/>
        <line num="46" count="39" type="stmt"/>
        <line num="48" count="39" type="stmt"/>
        <line num="49" count="29" type="stmt"/>
        <line num="50" count="29" type="cond" truecount="1" falsecount="1"/>
        <line num="53" count="39" type="stmt"/>
        <line num="54" count="39" type="cond" truecount="2" falsecount="0"/>
        <line num="55" count="39" type="stmt"/>
        <line num="56" count="39" type="stmt"/>
        <line num="58" count="39" type="stmt"/>
        <line num="59" count="1" type="stmt"/>
        <line num="60" count="1" type="stmt"/>
        <line num="62" count="1" type="stmt"/>
        <line num="63" count="1" type="stmt"/>
        <line num="64" count="1" type="stmt"/>
        <line num="65" count="1" type="stmt"/>
        <line num="68" count="0" type="stmt"/>
        <line num="69" count="0" type="stmt"/>
        <line num="73" count="39" type="stmt"/>
        <line num="74" count="0" type="cond" truecount="0" falsecount="2"/>
        <line num="75" count="0" type="stmt"/>
        <line num="77" count="0" type="stmt"/>
        <line num="78" count="0" type="cond" truecount="0" falsecount="4"/>
        <line num="82" count="39" type="stmt"/>
        <line num="106" count="29" type="stmt"/>
        <line num="159" count="0" type="stmt"/>
        <line num="187" count="2" type="stmt"/>
        <line num="226" count="0" type="stmt"/>
        <line num="254" count="2" type="stmt"/>
        <line num="295" count="0" type="stmt"/>
        <line num="312" count="1" type="stmt"/>
        <line num="357" count="1" type="stmt"/>
        <line num="371" count="1" type="stmt"/>
        <line num="384" count="1" type="stmt"/>
        <line num="398" count="1" type="stmt"/>
        <line num="439" count="4" type="stmt"/>
        <line num="454" count="18" type="stmt"/>
      </file>
      <file name="HeaderWithBackButton.tsx" path="C:\Users\satis\Desktop\Workspace\Mossombi\components\HeaderWithBackButton.tsx">
        <metrics statements="14" coveredstatements="12" conditionals="12" coveredconditionals="9" methods="6" coveredmethods="4"/>
        <line num="33" count="46" type="stmt"/>
        <line num="34" count="46" type="stmt"/>
        <line num="35" count="46" type="stmt"/>
        <line num="37" count="46" type="stmt"/>
        <line num="38" count="2" type="cond" truecount="2" falsecount="0"/>
        <line num="39" count="1" type="stmt"/>
        <line num="41" count="1" type="stmt"/>
        <line num="46" count="46" type="cond" truecount="2" falsecount="0"/>
        <line num="47" count="2" type="stmt"/>
        <line num="61" count="2" type="stmt"/>
        <line num="88" count="44" type="stmt"/>
        <line num="94" count="1" type="stmt"/>
        <line num="96" count="0" type="stmt"/>
        <line num="104" count="0" type="cond" truecount="2" falsecount="0"/>
      </file>
      <file name="Input.tsx" path="C:\Users\satis\Desktop\Workspace\Mossombi\components\Input.tsx">
        <metrics statements="24" coveredstatements="24" conditionals="47" coveredconditionals="42" methods="5" coveredmethods="5"/>
        <line num="48" count="26" type="stmt"/>
        <line num="49" count="26" type="stmt"/>
        <line num="52" count="26" type="stmt"/>
        <line num="53" count="26" type="cond" truecount="1" falsecount="1"/>
        <line num="55" count="26" type="cond" truecount="4" falsecount="0"/>
        <line num="57" count="4" type="stmt"/>
        <line num="59" count="2" type="stmt"/>
        <line num="61" count="2" type="stmt"/>
        <line num="63" count="18" type="stmt"/>
        <line num="68" count="26" type="stmt"/>
        <line num="69" count="26" type="cond" truecount="6" falsecount="0"/>
        <line num="71" count="4" type="stmt"/>
        <line num="77" count="2" type="stmt"/>
        <line num="81" count="2" type="stmt"/>
        <line num="86" count="2" type="stmt"/>
        <line num="91" count="2" type="stmt"/>
        <line num="97" count="14" type="stmt"/>
        <line num="101" count="26" type="stmt"/>
        <line num="102" count="26" type="stmt"/>
        <line num="103" count="26" type="cond" truecount="2" falsecount="0"/>
        <line num="105" count="26" type="stmt"/>
        <line num="154" count="1" type="stmt"/>
        <line num="155" count="1" type="stmt"/>
        <line num="185" count="22" type="stmt"/>
      </file>
      <file name="NativeAd.tsx" path="C:\Users\satis\Desktop\Workspace\Mossombi\components\NativeAd.tsx">
        <metrics statements="4" coveredstatements="4" conditionals="5" coveredconditionals="4" methods="2" coveredmethods="2"/>
        <line num="26" count="2" type="stmt"/>
        <line num="28" count="2" type="stmt"/>
        <line num="62" count="2" type="stmt"/>
        <line num="77" count="1" type="stmt"/>
      </file>
      <file name="PopupAd.tsx" path="C:\Users\satis\Desktop\Workspace\Mossombi\components\PopupAd.tsx">
        <metrics statements="9" coveredstatements="9" conditionals="7" coveredconditionals="4" methods="5" coveredmethods="5"/>
        <line num="8" count="1" type="stmt"/>
        <line num="27" count="4" type="stmt"/>
        <line num="29" count="4" type="stmt"/>
        <line num="46" count="4" type="stmt"/>
        <line num="66" count="4" type="stmt"/>
        <line num="79" count="1" type="stmt"/>
        <line num="80" count="1" type="stmt"/>
        <line num="82" count="4" type="stmt"/>
        <line num="101" count="1" type="stmt"/>
      </file>
      <file name="ProductDetailModal.tsx" path="C:\Users\satis\Desktop\Workspace\Mossombi\components\ProductDetailModal.tsx">
        <metrics statements="10" coveredstatements="10" conditionals="27" coveredconditionals="24" methods="4" coveredmethods="4"/>
        <line num="38" count="8" type="stmt"/>
        <line num="39" count="8" type="stmt"/>
        <line num="41" count="8" type="cond" truecount="1" falsecount="1"/>
        <line num="43" count="8" type="cond" truecount="2" falsecount="0"/>
        <line num="47" count="8" type="stmt"/>
        <line num="56" count="8" type="cond" truecount="1" falsecount="1"/>
        <line num="135" count="32" type="stmt"/>
        <line num="169" count="1" type="stmt"/>
        <line num="170" count="1" type="stmt"/>
        <line num="184" count="18" type="stmt"/>
      </file>
      <file name="QRScanner.tsx" path="C:\Users\satis\Desktop\Workspace\Mossombi\components\QRScanner.tsx">
        <metrics statements="18" coveredstatements="17" conditionals="11" coveredconditionals="8" methods="4" coveredmethods="4"/>
        <line num="22" count="6" type="stmt"/>
        <line num="23" count="6" type="stmt"/>
        <line num="24" count="6" type="stmt"/>
        <line num="25" count="6" type="stmt"/>
        <line num="27" count="6" type="stmt"/>
        <line num="28" count="1" type="cond" truecount="1" falsecount="1"/>
        <line num="29" count="1" type="stmt"/>
        <line num="30" count="1" type="stmt"/>
        <line num="31" count="1" type="stmt"/>
        <line num="32" count="1" type="stmt"/>
        <line num="33" count="1" type="stmt"/>
        <line num="38" count="6" type="cond" truecount="1" falsecount="1"/>
        <line num="39" count="0" type="stmt"/>
        <line num="42" count="6" type="cond" truecount="2" falsecount="0"/>
        <line num="43" count="2" type="stmt"/>
        <line num="77" count="4" type="stmt"/>
        <line num="86" count="4" type="stmt"/>
        <line num="124" count="2" type="stmt"/>
      </file>
      <file name="ServiceCard.tsx" path="C:\Users\satis\Desktop\Workspace\Mossombi\components\ServiceCard.tsx">
        <metrics statements="4" coveredstatements="4" conditionals="6" coveredconditionals="6" methods="2" coveredmethods="2"/>
        <line num="23" count="4" type="stmt"/>
        <line num="25" count="4" type="stmt"/>
        <line num="29" count="5" type="stmt"/>
        <line num="98" count="2" type="stmt"/>
      </file>
      <file name="SplashAd.tsx" path="C:\Users\satis\Desktop\Workspace\Mossombi\components\SplashAd.tsx">
        <metrics statements="36" coveredstatements="34" conditionals="26" coveredconditionals="20" methods="9" coveredmethods="9"/>
        <line num="11" count="5" type="stmt"/>
        <line num="12" count="5" type="stmt"/>
        <line num="31" count="13" type="stmt"/>
        <line num="32" count="13" type="stmt"/>
        <line num="33" count="13" type="stmt"/>
        <line num="34" count="13" type="stmt"/>
        <line num="36" count="13" type="stmt"/>
        <line num="37" count="5" type="cond" truecount="2" falsecount="0"/>
        <line num="38" count="4" type="stmt"/>
        <line num="39" count="4" type="stmt"/>
        <line num="42" count="4" type="cond" truecount="2" falsecount="0"/>
        <line num="43" count="2" type="stmt"/>
        <line num="46" count="4" type="stmt"/>
        <line num="47" count="3" type="stmt"/>
        <line num="48" count="3" type="cond" truecount="1" falsecount="1"/>
        <line num="49" count="3" type="stmt"/>
        <line num="50" count="3" type="stmt"/>
        <line num="51" count="3" type="stmt"/>
        <line num="53" count="0" type="stmt"/>
        <line num="57" count="4" type="stmt"/>
        <line num="58" count="4" type="stmt"/>
        <line num="60" count="4" type="cond" truecount="1" falsecount="1"/>
        <line num="61" count="0" type="stmt"/>
        <line num="67" count="13" type="stmt"/>
        <line num="68" count="1" type="cond" truecount="1" falsecount="1"/>
        <line num="70" count="1" type="cond" truecount="1" falsecount="1"/>
        <line num="71" count="1" type="stmt"/>
        <line num="73" count="1" type="stmt"/>
        <line num="77" count="13" type="stmt"/>
        <line num="97" count="3" type="stmt"/>
        <line num="139" count="2" type="cond" truecount="2" falsecount="0"/>
        <line num="140" count="1" type="stmt"/>
        <line num="142" count="2" type="stmt"/>
        <line num="143" count="2" type="stmt"/>
        <line num="145" count="2" type="stmt"/>
        <line num="161" count="5" type="stmt"/>
      </file>
      <file name="VlogServiceCard.tsx" path="C:\Users\satis\Desktop\Workspace\Mossombi\components\VlogServiceCard.tsx">
        <metrics statements="4" coveredstatements="4" conditionals="6" coveredconditionals="4" methods="2" coveredmethods="2"/>
        <line num="27" count="2" type="stmt"/>
        <line num="29" count="2" type="stmt"/>
        <line num="33" count="2" type="stmt"/>
        <line num="129" count="1" type="stmt"/>
      </file>
      <file name="WalletCard.tsx" path="C:\Users\satis\Desktop\Workspace\Mossombi\components\WalletCard.tsx">
        <metrics statements="7" coveredstatements="7" conditionals="16" coveredconditionals="10" methods="6" coveredmethods="6"/>
        <line num="21" count="5" type="stmt"/>
        <line num="22" count="5" type="stmt"/>
        <line num="24" count="5" type="stmt"/>
        <line num="35" count="1" type="stmt"/>
        <line num="57" count="5" type="stmt"/>
        <line num="71" count="5" type="stmt"/>
        <line num="87" count="2" type="stmt"/>
      </file>
      <file name="index.ts" path="C:\Users\satis\Desktop\Workspace\Mossombi\components\index.ts">
        <metrics statements="0" coveredstatements="0" conditionals="0" coveredconditionals="0" methods="0" coveredmethods="0"/>
      </file>
    </package>
    <package name="components.atoms">
      <metrics statements="93" coveredstatements="86" conditionals="99" coveredconditionals="80" methods="27" coveredmethods="27"/>
      <file name="AnimatedButton.tsx" path="C:\Users\satis\Desktop\Workspace\Mossombi\components\atoms\AnimatedButton.tsx">
        <metrics statements="16" coveredstatements="12" conditionals="28" coveredconditionals="17" methods="5" coveredmethods="5"/>
        <line num="34" count="4" type="stmt"/>
        <line num="35" count="4" type="stmt"/>
        <line num="37" count="4" type="stmt"/>
        <line num="38" count="1" type="cond" truecount="3" falsecount="1"/>
        <line num="41" count="1" type="stmt"/>
        <line num="42" count="1" type="stmt"/>
        <line num="46" count="4" type="stmt"/>
        <line num="47" count="4" type="cond" truecount="1" falsecount="4"/>
        <line num="49" count="0" type="stmt"/>
        <line num="54" count="0" type="stmt"/>
        <line num="59" count="0" type="stmt"/>
        <line num="64" count="0" type="stmt"/>
        <line num="69" count="4" type="stmt"/>
        <line num="76" count="4" type="stmt"/>
        <line num="78" count="4" type="stmt"/>
        <line num="90" count="4" type="stmt"/>
      </file>
      <file name="AnimatedQuantityButton.tsx" path="C:\Users\satis\Desktop\Workspace\Mossombi\components\atoms\AnimatedQuantityButton.tsx">
        <metrics statements="11" coveredstatements="11" conditionals="14" coveredconditionals="14" methods="4" coveredmethods="4"/>
        <line num="69" count="16" type="stmt"/>
        <line num="70" count="16" type="stmt"/>
        <line num="71" count="16" type="stmt"/>
        <line num="73" count="16" type="stmt"/>
        <line num="74" count="4" type="cond" truecount="4" falsecount="0"/>
        <line num="77" count="3" type="stmt"/>
        <line num="78" count="3" type="stmt"/>
        <line num="81" count="3" type="stmt"/>
        <line num="91" count="3" type="stmt"/>
        <line num="95" count="16" type="stmt"/>
        <line num="126" count="16" type="stmt"/>
      </file>
      <file name="Avatar.tsx" path="C:\Users\satis\Desktop\Workspace\Mossombi\components\atoms\Avatar.tsx">
        <metrics statements="12" coveredstatements="9" conditionals="7" coveredconditionals="3" methods="2" coveredmethods="2"/>
        <line num="38" count="2" type="stmt"/>
        <line num="40" count="2" type="stmt"/>
        <line num="67" count="2" type="stmt"/>
        <line num="70" count="2" type="stmt"/>
        <line num="72" count="2" type="cond" truecount="1" falsecount="1"/>
        <line num="73" count="0" type="cond" truecount="0" falsecount="2"/>
        <line num="74" count="0" type="stmt"/>
        <line num="91" count="2" type="cond" truecount="1" falsecount="1"/>
        <line num="92" count="2" type="stmt"/>
        <line num="109" count="0" type="stmt"/>
        <line num="118" count="2" type="stmt"/>
        <line num="136" count="66" type="stmt"/>
      </file>
      <file name="Badge.tsx" path="C:\Users\satis\Desktop\Workspace\Mossombi\components\atoms\Badge.tsx">
        <metrics statements="10" coveredstatements="10" conditionals="6" coveredconditionals="5" methods="2" coveredmethods="2"/>
        <line num="41" count="48" type="stmt"/>
        <line num="43" count="48" type="stmt"/>
        <line num="66" count="48" type="stmt"/>
        <line num="88" count="48" type="stmt"/>
        <line num="102" count="48" type="stmt"/>
        <line num="113" count="48" type="cond" truecount="2" falsecount="0"/>
        <line num="114" count="2" type="stmt"/>
        <line num="115" count="2" type="cond" truecount="1" falsecount="1"/>
        <line num="121" count="46" type="stmt"/>
        <line num="124" count="66" type="stmt"/>
      </file>
      <file name="LoadingSpinner.tsx" path="C:\Users\satis\Desktop\Workspace\Mossombi\components\atoms\LoadingSpinner.tsx">
        <metrics statements="6" coveredstatements="6" conditionals="6" coveredconditionals="6" methods="1" coveredmethods="1"/>
        <line num="33" count="4" type="stmt"/>
        <line num="36" count="4" type="stmt"/>
        <line num="49" count="4" type="cond" truecount="2" falsecount="0"/>
        <line num="50" count="2" type="stmt"/>
        <line num="62" count="2" type="stmt"/>
        <line num="65" count="66" type="stmt"/>
      </file>
      <file name="Skeleton.tsx" path="C:\Users\satis\Desktop\Workspace\Mossombi\components\atoms\Skeleton.tsx">
        <metrics statements="6" coveredstatements="6" conditionals="3" coveredconditionals="3" methods="2" coveredmethods="2"/>
        <line num="34" count="2" type="stmt"/>
        <line num="35" count="2" type="stmt"/>
        <line num="37" count="2" type="stmt"/>
        <line num="38" count="1" type="stmt"/>
        <line num="54" count="2" type="stmt"/>
        <line num="71" count="66" type="stmt"/>
      </file>
      <file name="StyledCloseButton.tsx" path="C:\Users\satis\Desktop\Workspace\Mossombi\components\atoms\StyledCloseButton.tsx">
        <metrics statements="16" coveredstatements="16" conditionals="15" coveredconditionals="14" methods="4" coveredmethods="4"/>
        <line num="62" count="43" type="stmt"/>
        <line num="65" count="43" type="cond" truecount="2" falsecount="0"/>
        <line num="66" count="43" type="cond" truecount="2" falsecount="0"/>
        <line num="67" count="43" type="stmt"/>
        <line num="70" count="43" type="stmt"/>
        <line num="71" count="16" type="cond" truecount="2" falsecount="0"/>
        <line num="72" count="11" type="stmt"/>
        <line num="76" count="43" type="stmt"/>
        <line num="77" count="2" type="cond" truecount="4" falsecount="0"/>
        <line num="79" count="1" type="stmt"/>
        <line num="82" count="1" type="stmt"/>
        <line num="83" count="1" type="stmt"/>
        <line num="86" count="1" type="stmt"/>
        <line num="97" count="1" type="stmt"/>
        <line num="98" count="1" type="stmt"/>
        <line num="102" count="43" type="stmt"/>
      </file>
      <file name="Typography.tsx" path="C:\Users\satis\Desktop\Workspace\Mossombi\components\atoms\Typography.tsx">
        <metrics statements="16" coveredstatements="16" conditionals="20" coveredconditionals="18" methods="7" coveredmethods="7"/>
        <line num="53" count="100" type="stmt"/>
        <line num="55" count="100" type="stmt"/>
        <line num="78" count="100" type="stmt"/>
        <line num="116" count="653" type="stmt"/>
        <line num="118" count="653" type="stmt"/>
        <line num="124" count="653" type="stmt"/>
        <line num="160" count="213" type="stmt"/>
        <line num="162" count="213" type="stmt"/>
        <line num="199" count="2" type="stmt"/>
        <line num="201" count="2" type="stmt"/>
        <line num="237" count="2" type="stmt"/>
        <line num="239" count="2" type="stmt"/>
        <line num="268" count="1" type="stmt"/>
        <line num="288" count="2" type="stmt"/>
        <line num="290" count="2" type="stmt"/>
        <line num="309" count="67" type="stmt"/>
      </file>
      <file name="index.ts" path="C:\Users\satis\Desktop\Workspace\Mossombi\components\atoms\index.ts">
        <metrics statements="0" coveredstatements="0" conditionals="0" coveredconditionals="0" methods="0" coveredmethods="0"/>
      </file>
    </package>
    <package name="components.layouts">
      <metrics statements="14" coveredstatements="14" conditionals="24" coveredconditionals="18" methods="4" coveredmethods="4"/>
      <file name="ContentCard.tsx" path="C:\Users\satis\Desktop\Workspace\Mossombi\components\layouts\ContentCard.tsx">
        <metrics statements="6" coveredstatements="6" conditionals="11" coveredconditionals="9" methods="2" coveredmethods="2"/>
        <line num="32" count="4" type="stmt"/>
        <line num="34" count="4" type="stmt"/>
        <line num="44" count="4" type="cond" truecount="4" falsecount="0"/>
        <line num="45" count="2" type="stmt"/>
        <line num="48" count="2" type="stmt"/>
        <line num="58" count="2" type="stmt"/>
      </file>
      <file name="FilterChip.tsx" path="C:\Users\satis\Desktop\Workspace\Mossombi\components\layouts\FilterChip.tsx">
        <metrics statements="2" coveredstatements="2" conditionals="8" coveredconditionals="4" methods="1" coveredmethods="1"/>
        <line num="31" count="2" type="stmt"/>
        <line num="33" count="2" type="stmt"/>
      </file>
      <file name="PageContainer.tsx" path="C:\Users\satis\Desktop\Workspace\Mossombi\components\layouts\PageContainer.tsx">
        <metrics statements="6" coveredstatements="6" conditionals="5" coveredconditionals="5" methods="1" coveredmethods="1"/>
        <line num="34" count="4" type="stmt"/>
        <line num="36" count="4" type="stmt"/>
        <line num="42" count="4" type="stmt"/>
        <line num="47" count="4" type="cond" truecount="2" falsecount="0"/>
        <line num="48" count="2" type="stmt"/>
        <line num="61" count="2" type="stmt"/>
      </file>
      <file name="index.ts" path="C:\Users\satis\Desktop\Workspace\Mossombi\components\layouts\index.ts">
        <metrics statements="0" coveredstatements="0" conditionals="0" coveredconditionals="0" methods="0" coveredmethods="0"/>
      </file>
    </package>
    <package name="components.molecules">
      <metrics statements="236" coveredstatements="227" conditionals="341" coveredconditionals="290" methods="87" coveredmethods="82"/>
      <file name="CategoryCard.tsx" path="C:\Users\satis\Desktop\Workspace\Mossombi\components\molecules\CategoryCard.tsx">
        <metrics statements="5" coveredstatements="5" conditionals="8" coveredconditionals="5" methods="2" coveredmethods="2"/>
        <line num="7" count="22" type="stmt"/>
        <line num="30" count="2" type="stmt"/>
        <line num="32" count="2" type="stmt"/>
        <line num="35" count="2" type="stmt"/>
        <line num="121" count="22" type="stmt"/>
      </file>
      <file name="CoinServiceCard.tsx" path="C:\Users\satis\Desktop\Workspace\Mossombi\components\molecules\CoinServiceCard.tsx">
        <metrics statements="6" coveredstatements="6" conditionals="6" coveredconditionals="6" methods="2" coveredmethods="2"/>
        <line num="21" count="8" type="stmt"/>
        <line num="23" count="8" type="stmt"/>
        <line num="24" count="8" type="cond" truecount="2" falsecount="0"/>
        <line num="25" count="2" type="stmt"/>
        <line num="28" count="8" type="stmt"/>
        <line num="30" count="8" type="stmt"/>
      </file>
      <file name="Counter.tsx" path="C:\Users\satis\Desktop\Workspace\Mossombi\components\molecules\Counter.tsx">
        <metrics statements="13" coveredstatements="12" conditionals="34" coveredconditionals="29" methods="5" coveredmethods="5"/>
        <line num="47" count="14" type="stmt"/>
        <line num="49" count="14" type="stmt"/>
        <line num="50" count="2" type="cond" truecount="3" falsecount="1"/>
        <line num="51" count="0" type="stmt"/>
        <line num="55" count="14" type="stmt"/>
        <line num="56" count="2" type="cond" truecount="4" falsecount="0"/>
        <line num="57" count="1" type="stmt"/>
        <line num="61" count="14" type="cond" truecount="2" falsecount="0"/>
        <line num="62" count="14" type="cond" truecount="2" falsecount="0"/>
        <line num="64" count="14" type="stmt"/>
        <line num="76" count="14" type="stmt"/>
        <line num="103" count="14" type="stmt"/>
        <line num="119" count="23" type="stmt"/>
      </file>
      <file name="DatePicker.tsx" path="C:\Users\satis\Desktop\Workspace\Mossombi\components\molecules\DatePicker.tsx">
        <metrics statements="71" coveredstatements="68" conditionals="70" coveredconditionals="62" methods="22" coveredmethods="20"/>
        <line num="68" count="34" type="stmt"/>
        <line num="69" count="34" type="stmt"/>
        <line num="70" count="34" type="cond" truecount="2" falsecount="0"/>
        <line num="71" count="34" type="stmt"/>
        <line num="74" count="34" type="stmt"/>
        <line num="75" count="19" type="cond" truecount="2" falsecount="0"/>
        <line num="76" count="11" type="stmt"/>
        <line num="84" count="34" type="cond" truecount="2" falsecount="0"/>
        <line num="91" count="34" type="stmt"/>
        <line num="92" count="34" type="stmt"/>
        <line num="93" count="34" type="stmt"/>
        <line num="94" count="34" type="stmt"/>
        <line num="95" count="34" type="stmt"/>
        <line num="96" count="34" type="stmt"/>
        <line num="97" count="34" type="stmt"/>
        <line num="99" count="34" type="stmt"/>
        <line num="102" count="34" type="stmt"/>
        <line num="103" count="184" type="stmt"/>
        <line num="107" count="34" type="stmt"/>
        <line num="108" count="1021" type="stmt"/>
        <line num="111" count="34" type="stmt"/>
        <line num="114" count="34" type="stmt"/>
        <line num="115" count="34" type="stmt"/>
        <line num="118" count="34" type="stmt"/>
        <line num="119" count="1" type="stmt"/>
        <line num="122" count="34" type="stmt"/>
        <line num="123" count="1" type="stmt"/>
        <line num="127" count="34" type="stmt"/>
        <line num="128" count="4" type="cond" truecount="2" falsecount="0"/>
        <line num="129" count="1" type="stmt"/>
        <line num="130" count="1" type="stmt"/>
        <line num="133" count="3" type="cond" truecount="5" falsecount="0"/>
        <line num="135" count="2" type="stmt"/>
        <line num="136" count="2" type="stmt"/>
        <line num="139" count="1" type="cond" truecount="1" falsecount="1"/>
        <line num="140" count="1" type="stmt"/>
        <line num="142" count="0" type="stmt"/>
        <line num="144" count="1" type="stmt"/>
        <line num="145" count="1" type="stmt"/>
        <line num="151" count="34" type="stmt"/>
        <line num="152" count="1021" type="cond" truecount="2" falsecount="0"/>
        <line num="153" count="511" type="cond" truecount="2" falsecount="0"/>
        <line num="155" count="510" type="cond" truecount="4" falsecount="0"/>
        <line num="156" count="30" type="cond" truecount="2" falsecount="0"/>
        <line num="161" count="34" type="stmt"/>
        <line num="162" count="1021" type="stmt"/>
        <line num="163" count="1021" type="stmt"/>
        <line num="167" count="34" type="stmt"/>
        <line num="168" count="1021" type="cond" truecount="4" falsecount="0"/>
        <line num="169" count="964" type="cond" truecount="2" falsecount="2"/>
        <line num="170" count="964" type="stmt"/>
        <line num="173" count="34" type="stmt"/>
        <line num="183" count="6" type="stmt"/>
        <line num="204" count="1" type="stmt"/>
        <line num="208" count="0" type="stmt"/>
        <line num="219" count="0" type="stmt"/>
        <line num="237" count="1" type="stmt"/>
        <line num="238" count="10" type="cond" truecount="1" falsecount="1"/>
        <line num="248" count="10" type="stmt"/>
        <line num="258" count="10" type="stmt"/>
        <line num="270" count="238" type="stmt"/>
        <line num="281" count="1205" type="cond" truecount="2" falsecount="0"/>
        <line num="282" count="184" type="stmt"/>
        <line num="285" count="1021" type="stmt"/>
        <line num="286" count="1021" type="stmt"/>
        <line num="287" count="1021" type="stmt"/>
        <line num="289" count="1021" type="stmt"/>
        <line num="292" count="3" type="cond" truecount="2" falsecount="0"/>
        <line num="294" count="301" type="stmt"/>
        <line num="328" count="2" type="stmt"/>
        <line num="345" count="25" type="stmt"/>
      </file>
      <file name="DigitalServiceCard.tsx" path="C:\Users\satis\Desktop\Workspace\Mossombi\components\molecules\DigitalServiceCard.tsx">
        <metrics statements="8" coveredstatements="8" conditionals="8" coveredconditionals="7" methods="2" coveredmethods="2"/>
        <line num="7" count="22" type="stmt"/>
        <line num="31" count="4" type="stmt"/>
        <line num="33" count="4" type="stmt"/>
        <line num="34" count="4" type="cond" truecount="1" falsecount="1"/>
        <line num="35" count="4" type="stmt"/>
        <line num="38" count="4" type="stmt"/>
        <line num="40" count="4" type="stmt"/>
        <line num="195" count="22" type="stmt"/>
      </file>
      <file name="EmptyState.tsx" path="C:\Users\satis\Desktop\Workspace\Mossombi\components\molecules\EmptyState.tsx">
        <metrics statements="2" coveredstatements="2" conditionals="7" coveredconditionals="7" methods="1" coveredmethods="1"/>
        <line num="43" count="10" type="stmt"/>
        <line num="71" count="22" type="stmt"/>
      </file>
      <file name="ErrorState.tsx" path="C:\Users\satis\Desktop\Workspace\Mossombi\components\molecules\ErrorState.tsx">
        <metrics statements="3" coveredstatements="3" conditionals="4" coveredconditionals="4" methods="1" coveredmethods="1"/>
        <line num="41" count="4" type="stmt"/>
        <line num="43" count="4" type="stmt"/>
        <line num="69" count="22" type="stmt"/>
      </file>
      <file name="ExclusiveDigitalServiceCard.tsx" path="C:\Users\satis\Desktop\Workspace\Mossombi\components\molecules\ExclusiveDigitalServiceCard.tsx">
        <metrics statements="8" coveredstatements="8" conditionals="16" coveredconditionals="11" methods="3" coveredmethods="3"/>
        <line num="32" count="4" type="stmt"/>
        <line num="34" count="4" type="stmt"/>
        <line num="35" count="4" type="cond" truecount="1" falsecount="1"/>
        <line num="36" count="4" type="stmt"/>
        <line num="39" count="4" type="stmt"/>
        <line num="41" count="4" type="stmt"/>
        <line num="207" count="4" type="stmt"/>
        <line num="236" count="22" type="stmt"/>
      </file>
      <file name="ExclusiveServiceCard.tsx" path="C:\Users\satis\Desktop\Workspace\Mossombi\components\molecules\ExclusiveServiceCard.tsx">
        <metrics statements="7" coveredstatements="7" conditionals="8" coveredconditionals="6" methods="3" coveredmethods="3"/>
        <line num="26" count="21" type="stmt"/>
        <line num="28" count="21" type="stmt"/>
        <line num="29" count="21" type="cond" truecount="2" falsecount="0"/>
        <line num="30" count="2" type="stmt"/>
        <line num="33" count="21" type="stmt"/>
        <line num="35" count="21" type="stmt"/>
        <line num="123" count="21" type="stmt"/>
      </file>
      <file name="ExclusiveTicketCard.tsx" path="C:\Users\satis\Desktop\Workspace\Mossombi\components\molecules\ExclusiveTicketCard.tsx">
        <metrics statements="7" coveredstatements="7" conditionals="10" coveredconditionals="7" methods="3" coveredmethods="3"/>
        <line num="29" count="23" type="stmt"/>
        <line num="31" count="23" type="stmt"/>
        <line num="32" count="4" type="cond" truecount="1" falsecount="1"/>
        <line num="33" count="4" type="stmt"/>
        <line num="36" count="23" type="stmt"/>
        <line num="106" count="23" type="stmt"/>
        <line num="125" count="24" type="stmt"/>
      </file>
      <file name="FilterChips.tsx" path="C:\Users\satis\Desktop\Workspace\Mossombi\components\molecules\FilterChips.tsx">
        <metrics statements="10" coveredstatements="10" conditionals="8" coveredconditionals="7" methods="5" coveredmethods="5"/>
        <line num="46" count="22" type="stmt"/>
        <line num="49" count="22" type="stmt"/>
        <line num="50" count="36" type="cond" truecount="2" falsecount="0"/>
        <line num="51" count="32" type="stmt"/>
        <line num="53" count="4" type="stmt"/>
        <line num="56" count="22" type="stmt"/>
        <line num="67" count="36" type="stmt"/>
        <line num="69" count="36" type="stmt"/>
        <line num="72" count="3" type="stmt"/>
        <line num="73" count="36" type="stmt"/>
      </file>
      <file name="MapView.tsx" path="C:\Users\satis\Desktop\Workspace\Mossombi\components\molecules\MapView.tsx">
        <metrics statements="22" coveredstatements="21" conditionals="20" coveredconditionals="16" methods="9" coveredmethods="9"/>
        <line num="72" count="2" type="stmt"/>
        <line num="89" count="8" type="stmt"/>
        <line num="90" count="8" type="stmt"/>
        <line num="92" count="8" type="stmt"/>
        <line num="93" count="1" type="stmt"/>
        <line num="94" count="1" type="cond" truecount="1" falsecount="1"/>
        <line num="96" count="1" type="cond" truecount="1" falsecount="1"/>
        <line num="97" count="1" type="stmt"/>
        <line num="104" count="1" type="stmt"/>
        <line num="105" count="1" type="stmt"/>
        <line num="108" count="8" type="stmt"/>
        <line num="157" count="8" type="stmt"/>
        <line num="175" count="1" type="stmt"/>
        <line num="186" count="2" type="stmt"/>
        <line num="188" count="1" type="stmt"/>
        <line num="214" count="6" type="stmt"/>
        <line num="222" count="22" type="stmt"/>
        <line num="228" count="1" type="stmt"/>
        <line num="229" count="1" type="stmt"/>
        <line num="230" count="1" type="cond" truecount="1" falsecount="1"/>
        <line num="231" count="1" type="stmt"/>
        <line num="234" count="0" type="stmt"/>
      </file>
      <file name="PriceDisplay.tsx" path="C:\Users\satis\Desktop\Workspace\Mossombi\components\molecules\PriceDisplay.tsx">
        <metrics statements="5" coveredstatements="5" conditionals="11" coveredconditionals="10" methods="1" coveredmethods="1"/>
        <line num="41" count="28" type="stmt"/>
        <line num="43" count="28" type="cond" truecount="2" falsecount="0"/>
        <line num="47" count="28" type="stmt"/>
        <line num="53" count="28" type="stmt"/>
        <line num="87" count="22" type="stmt"/>
      </file>
      <file name="ProductCard.tsx" path="C:\Users\satis\Desktop\Workspace\Mossombi\components\molecules\ProductCard.tsx">
        <metrics statements="10" coveredstatements="10" conditionals="23" coveredconditionals="18" methods="4" coveredmethods="4"/>
        <line num="21" count="20" type="stmt"/>
        <line num="23" count="20" type="stmt"/>
        <line num="30" count="20" type="stmt"/>
        <line num="37" count="20" type="cond" truecount="2" falsecount="0"/>
        <line num="38" count="2" type="stmt"/>
        <line num="41" count="2" type="stmt"/>
        <line num="96" count="2" type="stmt"/>
        <line num="111" count="18" type="stmt"/>
        <line num="114" count="18" type="stmt"/>
        <line num="183" count="22" type="stmt"/>
      </file>
      <file name="RatingDisplay.tsx" path="C:\Users\satis\Desktop\Workspace\Mossombi\components\molecules\RatingDisplay.tsx">
        <metrics statements="9" coveredstatements="9" conditionals="23" coveredconditionals="18" methods="2" coveredmethods="2"/>
        <line num="41" count="26" type="stmt"/>
        <line num="42" count="26" type="cond" truecount="1" falsecount="5"/>
        <line num="44" count="26" type="stmt"/>
        <line num="45" count="26" type="stmt"/>
        <line num="47" count="26" type="stmt"/>
        <line num="51" count="130" type="stmt"/>
        <line num="52" count="130" type="cond" truecount="2" falsecount="0"/>
        <line num="54" count="130" type="stmt"/>
        <line num="80" count="22" type="stmt"/>
      </file>
      <file name="SearchBar.tsx" path="C:\Users\satis\Desktop\Workspace\Mossombi\components\molecules\SearchBar.tsx">
        <metrics statements="27" coveredstatements="23" conditionals="28" coveredconditionals="24" methods="13" coveredmethods="10"/>
        <line num="74" count="13" type="stmt"/>
        <line num="75" count="13" type="stmt"/>
        <line num="78" count="13" type="stmt"/>
        <line num="79" count="11" type="cond" truecount="4" falsecount="0"/>
        <line num="81" count="2" type="stmt"/>
        <line num="82" count="4" type="stmt"/>
        <line num="86" count="13" type="stmt"/>
        <line num="87" count="1" type="stmt"/>
        <line num="88" count="1" type="stmt"/>
        <line num="91" count="13" type="stmt"/>
        <line num="93" count="0" type="stmt"/>
        <line num="94" count="0" type="stmt"/>
        <line num="95" count="0" type="stmt"/>
        <line num="99" count="13" type="stmt"/>
        <line num="100" count="0" type="stmt"/>
        <line num="103" count="13" type="stmt"/>
        <line num="104" count="1" type="stmt"/>
        <line num="105" count="1" type="stmt"/>
        <line num="106" count="1" type="stmt"/>
        <line num="109" count="13" type="cond" truecount="2" falsecount="0"/>
        <line num="111" count="13" type="stmt"/>
        <line num="151" count="2" type="stmt"/>
        <line num="175" count="2" type="stmt"/>
        <line num="178" count="1" type="stmt"/>
        <line num="179" count="1" type="stmt"/>
        <line num="180" count="1" type="stmt"/>
        <line num="207" count="22" type="stmt"/>
      </file>
      <file name="SelectionGrid.tsx" path="C:\Users\satis\Desktop\Workspace\Mossombi\components\molecules\SelectionGrid.tsx">
        <metrics statements="11" coveredstatements="11" conditionals="23" coveredconditionals="21" methods="4" coveredmethods="4"/>
        <line num="32" count="4" type="stmt"/>
        <line num="33" count="4" type="cond" truecount="2" falsecount="0"/>
        <line num="35" count="4" type="stmt"/>
        <line num="38" count="8" type="stmt"/>
        <line num="39" count="8" type="cond" truecount="2" falsecount="0"/>
        <line num="40" count="8" type="cond" truecount="2" falsecount="0"/>
        <line num="41" count="8" type="cond" truecount="2" falsecount="0"/>
        <line num="43" count="8" type="stmt"/>
        <line num="46" count="2" type="stmt"/>
        <line num="47" count="8" type="stmt"/>
        <line num="94" count="22" type="stmt"/>
      </file>
      <file name="Stepper.tsx" path="C:\Users\satis\Desktop\Workspace\Mossombi\components\molecules\Stepper.tsx">
        <metrics statements="4" coveredstatements="4" conditionals="24" coveredconditionals="24" methods="2" coveredmethods="2"/>
        <line num="50" count="22" type="stmt"/>
        <line num="56" count="4" type="stmt"/>
        <line num="58" count="4" type="stmt"/>
        <line num="63" count="12" type="stmt"/>
      </file>
      <file name="TicketEventCard.tsx" path="C:\Users\satis\Desktop\Workspace\Mossombi\components\molecules\TicketEventCard.tsx">
        <metrics statements="8" coveredstatements="8" conditionals="10" coveredconditionals="8" methods="3" coveredmethods="3"/>
        <line num="28" count="2" type="stmt"/>
        <line num="30" count="2" type="stmt"/>
        <line num="31" count="2" type="cond" truecount="1" falsecount="1"/>
        <line num="32" count="2" type="stmt"/>
        <line num="35" count="2" type="stmt"/>
        <line num="37" count="2" type="stmt"/>
        <line num="40" count="2" type="stmt"/>
        <line num="114" count="22" type="stmt"/>
      </file>
      <file name="index.ts" path="C:\Users\satis\Desktop\Workspace\Mossombi\components\molecules\index.ts">
        <metrics statements="0" coveredstatements="0" conditionals="0" coveredconditionals="0" methods="0" coveredmethods="0"/>
      </file>
    </package>
    <package name="components.organisms">
      <metrics statements="172" coveredstatements="166" conditionals="142" coveredconditionals="131" methods="74" coveredmethods="69"/>
      <file name="BookingModal.tsx" path="C:\Users\satis\Desktop\Workspace\Mossombi\components\organisms\BookingModal.tsx">
        <metrics statements="3" coveredstatements="3" conditionals="8" coveredconditionals="8" methods="2" coveredmethods="2"/>
        <line num="71" count="18" type="stmt"/>
        <line num="73" count="18" type="stmt"/>
        <line num="93" count="46" type="stmt"/>
      </file>
      <file name="BookingResultCard.tsx" path="C:\Users\satis\Desktop\Workspace\Mossombi\components\organisms\BookingResultCard.tsx">
        <metrics statements="4" coveredstatements="4" conditionals="12" coveredconditionals="12" methods="3" coveredmethods="3"/>
        <line num="81" count="22" type="stmt"/>
        <line num="83" count="22" type="stmt"/>
        <line num="115" count="8" type="stmt"/>
        <line num="127" count="24" type="stmt"/>
      </file>
      <file name="BookingsExample.tsx" path="C:\Users\satis\Desktop\Workspace\Mossombi\components\organisms\BookingsExample.tsx">
        <metrics statements="15" coveredstatements="15" conditionals="6" coveredconditionals="4" methods="11" coveredmethods="10"/>
        <line num="18" count="14" type="stmt"/>
        <line num="19" count="14" type="stmt"/>
        <line num="22" count="14" type="stmt"/>
        <line num="30" count="14" type="stmt"/>
        <line num="31" count="6" type="stmt"/>
        <line num="48" count="1" type="stmt"/>
        <line num="49" count="2" type="stmt"/>
        <line num="55" count="14" type="stmt"/>
        <line num="57" count="1" type="stmt"/>
        <line num="67" count="14" type="stmt"/>
        <line num="69" count="1" type="stmt"/>
        <line num="79" count="14" type="stmt"/>
        <line num="86" count="1" type="stmt"/>
        <line num="88" count="1" type="stmt"/>
        <line num="89" count="1" type="stmt"/>
      </file>
      <file name="BookingsTest.tsx" path="C:\Users\satis\Desktop\Workspace\Mossombi\components\organisms\BookingsTest.tsx">
        <metrics statements="6" coveredstatements="6" conditionals="0" coveredconditionals="0" methods="5" coveredmethods="5"/>
        <line num="15" count="6" type="stmt"/>
        <line num="17" count="6" type="stmt"/>
        <line num="22" count="1" type="stmt"/>
        <line num="23" count="1" type="stmt"/>
        <line num="46" count="1" type="stmt"/>
        <line num="47" count="1" type="stmt"/>
      </file>
      <file name="BottomNav.tsx" path="C:\Users\satis\Desktop\Workspace\Mossombi\components\organisms\BottomNav.tsx">
        <metrics statements="20" coveredstatements="20" conditionals="18" coveredconditionals="15" methods="6" coveredmethods="6"/>
        <line num="17" count="2" type="stmt"/>
        <line num="38" count="24" type="cond" truecount="2" falsecount="0"/>
        <line num="39" count="24" type="cond" truecount="2" falsecount="0"/>
        <line num="41" count="24" type="stmt"/>
        <line num="42" count="12" type="cond" truecount="2" falsecount="0"/>
        <line num="44" count="3" type="stmt"/>
        <line num="59" count="9" type="stmt"/>
        <line num="74" count="24" type="stmt"/>
        <line num="75" count="24" type="cond" truecount="2" falsecount="0"/>
        <line num="77" count="24" type="stmt"/>
        <line num="150" count="6" type="stmt"/>
        <line num="151" count="6" type="stmt"/>
        <line num="152" count="6" type="stmt"/>
        <line num="154" count="6" type="stmt"/>
        <line num="155" count="3" type="stmt"/>
        <line num="158" count="6" type="stmt"/>
        <line num="178" count="24" type="stmt"/>
        <line num="180" count="24" type="stmt"/>
        <line num="185" count="3" type="stmt"/>
        <line num="196" count="2" type="stmt"/>
      </file>
      <file name="ClassFilters.tsx" path="C:\Users\satis\Desktop\Workspace\Mossombi\components\organisms\ClassFilters.tsx">
        <metrics statements="4" coveredstatements="4" conditionals="11" coveredconditionals="11" methods="3" coveredmethods="3"/>
        <line num="49" count="14" type="stmt"/>
        <line num="51" count="14" type="stmt"/>
        <line num="68" count="38" type="stmt"/>
        <line num="70" count="5" type="stmt"/>
      </file>
      <file name="CoinServiceGrid.tsx" path="C:\Users\satis\Desktop\Workspace\Mossombi\components\organisms\CoinServiceGrid.tsx">
        <metrics statements="5" coveredstatements="5" conditionals="6" coveredconditionals="6" methods="3" coveredmethods="3"/>
        <line num="7" count="19" type="stmt"/>
        <line num="33" count="2" type="cond" truecount="2" falsecount="0"/>
        <line num="35" count="1" type="stmt"/>
        <line num="50" count="3" type="stmt"/>
        <line num="60" count="1" type="stmt"/>
      </file>
      <file name="ExclusiveCarousel.tsx" path="C:\Users\satis\Desktop\Workspace\Mossombi\components\organisms\ExclusiveCarousel.tsx">
        <metrics statements="23" coveredstatements="22" conditionals="14" coveredconditionals="14" methods="8" coveredmethods="7"/>
        <line num="6" count="20" type="stmt"/>
        <line num="32" count="9" type="stmt"/>
        <line num="33" count="9" type="stmt"/>
        <line num="34" count="9" type="stmt"/>
        <line num="35" count="9" type="stmt"/>
        <line num="38" count="9" type="stmt"/>
        <line num="39" count="3" type="cond" truecount="2" falsecount="0"/>
        <line num="41" count="1" type="stmt"/>
        <line num="42" count="3" type="stmt"/>
        <line num="43" count="3" type="stmt"/>
        <line num="44" count="3" type="stmt"/>
        <line num="46" count="3" type="cond" truecount="2" falsecount="0"/>
        <line num="47" count="1" type="stmt"/>
        <line num="48" count="1" type="stmt"/>
        <line num="51" count="2" type="stmt"/>
        <line num="52" count="2" type="stmt"/>
        <line num="56" count="1" type="stmt"/>
        <line num="59" count="9" type="cond" truecount="2" falsecount="0"/>
        <line num="61" count="7" type="stmt"/>
        <line num="72" count="0" type="stmt"/>
        <line num="76" count="17" type="stmt"/>
        <line num="94" count="15" type="stmt"/>
        <line num="95" count="15" type="stmt"/>
      </file>
      <file name="ExclusiveServicesCarousel.tsx" path="C:\Users\satis\Desktop\Workspace\Mossombi\components\organisms\ExclusiveServicesCarousel.tsx">
        <metrics statements="24" coveredstatements="23" conditionals="12" coveredconditionals="12" methods="9" coveredmethods="8"/>
        <line num="7" count="20" type="stmt"/>
        <line num="29" count="9" type="stmt"/>
        <line num="30" count="9" type="stmt"/>
        <line num="31" count="9" type="stmt"/>
        <line num="32" count="9" type="stmt"/>
        <line num="35" count="9" type="stmt"/>
        <line num="36" count="3" type="cond" truecount="2" falsecount="0"/>
        <line num="38" count="2" type="stmt"/>
        <line num="39" count="3" type="stmt"/>
        <line num="40" count="3" type="stmt"/>
        <line num="41" count="3" type="stmt"/>
        <line num="43" count="3" type="cond" truecount="2" falsecount="0"/>
        <line num="44" count="1" type="stmt"/>
        <line num="45" count="1" type="stmt"/>
        <line num="48" count="2" type="stmt"/>
        <line num="49" count="2" type="stmt"/>
        <line num="53" count="2" type="stmt"/>
        <line num="56" count="9" type="cond" truecount="2" falsecount="0"/>
        <line num="58" count="7" type="stmt"/>
        <line num="69" count="0" type="stmt"/>
        <line num="73" count="19" type="stmt"/>
        <line num="79" count="1" type="stmt"/>
        <line num="97" count="19" type="stmt"/>
        <line num="98" count="19" type="stmt"/>
      </file>
      <file name="ExclusiveTicketsCarousel.tsx" path="C:\Users\satis\Desktop\Workspace\Mossombi\components\organisms\ExclusiveTicketsCarousel.tsx">
        <metrics statements="24" coveredstatements="23" conditionals="12" coveredconditionals="12" methods="9" coveredmethods="8"/>
        <line num="7" count="20" type="stmt"/>
        <line num="28" count="9" type="stmt"/>
        <line num="29" count="9" type="stmt"/>
        <line num="30" count="9" type="stmt"/>
        <line num="31" count="9" type="stmt"/>
        <line num="34" count="9" type="stmt"/>
        <line num="35" count="3" type="cond" truecount="2" falsecount="0"/>
        <line num="37" count="2" type="stmt"/>
        <line num="38" count="3" type="stmt"/>
        <line num="39" count="3" type="stmt"/>
        <line num="40" count="3" type="stmt"/>
        <line num="42" count="3" type="cond" truecount="2" falsecount="0"/>
        <line num="43" count="1" type="stmt"/>
        <line num="44" count="1" type="stmt"/>
        <line num="47" count="2" type="stmt"/>
        <line num="48" count="2" type="stmt"/>
        <line num="52" count="2" type="stmt"/>
        <line num="55" count="9" type="cond" truecount="2" falsecount="0"/>
        <line num="57" count="7" type="stmt"/>
        <line num="68" count="0" type="stmt"/>
        <line num="72" count="19" type="stmt"/>
        <line num="80" count="1" type="stmt"/>
        <line num="98" count="19" type="stmt"/>
        <line num="99" count="19" type="stmt"/>
      </file>
      <file name="FloatingCartButton.tsx" path="C:\Users\satis\Desktop\Workspace\Mossombi\components\organisms\FloatingCartButton.tsx">
        <metrics statements="14" coveredstatements="14" conditionals="10" coveredconditionals="8" methods="3" coveredmethods="3"/>
        <line num="65" count="20" type="stmt"/>
        <line num="68" count="20" type="stmt"/>
        <line num="69" count="20" type="stmt"/>
        <line num="70" count="20" type="stmt"/>
        <line num="72" count="20" type="stmt"/>
        <line num="73" count="4" type="cond" truecount="1" falsecount="1"/>
        <line num="76" count="4" type="stmt"/>
        <line num="77" count="4" type="stmt"/>
        <line num="78" count="4" type="stmt"/>
        <line num="81" count="4" type="stmt"/>
        <line num="96" count="4" type="stmt"/>
        <line num="101" count="20" type="cond" truecount="2" falsecount="0"/>
        <line num="102" count="8" type="stmt"/>
        <line num="105" count="12" type="stmt"/>
      </file>
      <file name="LocationSuggestions.tsx" path="C:\Users\satis\Desktop\Workspace\Mossombi\components\organisms\LocationSuggestions.tsx">
        <metrics statements="7" coveredstatements="6" conditionals="7" coveredconditionals="7" methods="4" coveredmethods="3"/>
        <line num="68" count="10" type="stmt"/>
        <line num="70" count="10" type="cond" truecount="4" falsecount="0"/>
        <line num="72" count="6" type="stmt"/>
        <line num="95" count="8" type="stmt"/>
        <line num="97" count="0" type="stmt"/>
        <line num="115" count="2" type="stmt"/>
        <line num="117" count="2" type="stmt"/>
      </file>
      <file name="ModalHeader.tsx" path="C:\Users\satis\Desktop\Workspace\Mossombi\components\organisms\ModalHeader.tsx">
        <metrics statements="16" coveredstatements="14" conditionals="13" coveredconditionals="11" methods="3" coveredmethods="3"/>
        <line num="41" count="39" type="stmt"/>
        <line num="42" count="39" type="stmt"/>
        <line num="44" count="39" type="stmt"/>
        <line num="45" count="39" type="cond" truecount="3" falsecount="1"/>
        <line num="46" count="2" type="stmt"/>
        <line num="47" count="2" type="stmt"/>
        <line num="48" count="35" type="stmt"/>
        <line num="49" count="0" type="stmt"/>
        <line num="53" count="39" type="stmt"/>
        <line num="54" count="39" type="cond" truecount="4" falsecount="1"/>
        <line num="55" count="27" type="stmt"/>
        <line num="56" count="8" type="stmt"/>
        <line num="57" count="2" type="stmt"/>
        <line num="58" count="2" type="stmt"/>
        <line num="59" count="0" type="stmt"/>
        <line num="63" count="39" type="stmt"/>
      </file>
      <file name="ServiceGrid.tsx" path="C:\Users\satis\Desktop\Workspace\Mossombi\components\organisms\ServiceGrid.tsx">
        <metrics statements="3" coveredstatements="3" conditionals="6" coveredconditionals="4" methods="2" coveredmethods="2"/>
        <line num="32" count="2" type="cond" truecount="2" falsecount="0"/>
        <line num="34" count="1" type="stmt"/>
        <line num="50" count="2" type="stmt"/>
      </file>
      <file name="TripTypeFilters.tsx" path="C:\Users\satis\Desktop\Workspace\Mossombi\components\organisms\TripTypeFilters.tsx">
        <metrics statements="4" coveredstatements="4" conditionals="7" coveredconditionals="7" methods="3" coveredmethods="3"/>
        <line num="46" count="12" type="stmt"/>
        <line num="48" count="12" type="stmt"/>
        <line num="54" count="24" type="stmt"/>
        <line num="56" count="4" type="stmt"/>
      </file>
      <file name="index.ts" path="C:\Users\satis\Desktop\Workspace\Mossombi\components\organisms\index.ts">
        <metrics statements="0" coveredstatements="0" conditionals="0" coveredconditionals="0" methods="0" coveredmethods="0"/>
      </file>
    </package>
    <package name="components.organisms.modals">
      <metrics statements="58" coveredstatements="54" conditionals="66" coveredconditionals="58" methods="15" coveredmethods="15"/>
      <file name="BaseModal.tsx" path="C:\Users\satis\Desktop\Workspace\Mossombi\components\organisms\modals\BaseModal.tsx">
        <metrics statements="21" coveredstatements="20" conditionals="30" coveredconditionals="28" methods="5" coveredmethods="5"/>
        <line num="68" count="56" type="stmt"/>
        <line num="69" count="56" type="stmt"/>
        <line num="72" count="56" type="stmt"/>
        <line num="73" count="12" type="stmt"/>
        <line num="75" count="12" type="cond" truecount="4" falsecount="1"/>
        <line num="77" count="4" type="stmt"/>
        <line num="82" count="4" type="stmt"/>
        <line num="87" count="2" type="stmt"/>
        <line num="92" count="2" type="stmt"/>
        <line num="97" count="0" type="stmt"/>
        <line num="105" count="56" type="stmt"/>
        <line num="106" count="56" type="stmt"/>
        <line num="107" count="56" type="cond" truecount="4" falsecount="0"/>
        <line num="109" count="44" type="stmt"/>
        <line num="121" count="10" type="stmt"/>
        <line num="130" count="2" type="stmt"/>
        <line num="140" count="56" type="stmt"/>
        <line num="142" count="56" type="stmt"/>
        <line num="166" count="1" type="stmt"/>
        <line num="189" count="22" type="stmt"/>
        <line num="237" count="24" type="stmt"/>
      </file>
      <file name="ConfirmModal.tsx" path="C:\Users\satis\Desktop\Workspace\Mossombi\components\organisms\modals\ConfirmModal.tsx">
        <metrics statements="13" coveredstatements="10" conditionals="11" coveredconditionals="6" methods="3" coveredmethods="3"/>
        <line num="68" count="2" type="stmt"/>
        <line num="71" count="2" type="stmt"/>
        <line num="72" count="2" type="cond" truecount="2" falsecount="3"/>
        <line num="74" count="0" type="stmt"/>
        <line num="79" count="0" type="stmt"/>
        <line num="84" count="0" type="stmt"/>
        <line num="90" count="2" type="stmt"/>
        <line num="97" count="2" type="stmt"/>
        <line num="99" count="2" type="stmt"/>
        <line num="100" count="1" type="stmt"/>
        <line num="101" count="1" type="cond" truecount="1" falsecount="1"/>
        <line num="102" count="1" type="stmt"/>
        <line num="106" count="2" type="stmt"/>
      </file>
      <file name="FormModal.tsx" path="C:\Users\satis\Desktop\Workspace\Mossombi\components\organisms\modals\FormModal.tsx">
        <metrics statements="3" coveredstatements="3" conditionals="7" coveredconditionals="7" methods="2" coveredmethods="2"/>
        <line num="78" count="21" type="stmt"/>
        <line num="79" count="3" type="stmt"/>
        <line num="82" count="21" type="stmt"/>
      </file>
      <file name="SuccessModal.tsx" path="C:\Users\satis\Desktop\Workspace\Mossombi\components\organisms\modals\SuccessModal.tsx">
        <metrics statements="21" coveredstatements="21" conditionals="18" coveredconditionals="17" methods="5" coveredmethods="5"/>
        <line num="67" count="10" type="stmt"/>
        <line num="68" count="10" type="stmt"/>
        <line num="69" count="10" type="stmt"/>
        <line num="72" count="10" type="stmt"/>
        <line num="73" count="5" type="cond" truecount="1" falsecount="1"/>
        <line num="75" count="5" type="stmt"/>
        <line num="76" count="5" type="stmt"/>
        <line num="79" count="5" type="stmt"/>
        <line num="94" count="5" type="cond" truecount="2" falsecount="0"/>
        <line num="95" count="1" type="stmt"/>
        <line num="96" count="1" type="stmt"/>
        <line num="98" count="1" type="stmt"/>
        <line num="104" count="10" type="stmt"/>
        <line num="110" count="10" type="stmt"/>
        <line num="111" count="10" type="stmt"/>
        <line num="113" count="10" type="cond" truecount="4" falsecount="0"/>
        <line num="115" count="2" type="stmt"/>
        <line num="117" count="2" type="stmt"/>
        <line num="120" count="6" type="stmt"/>
        <line num="124" count="10" type="stmt"/>
        <line num="181" count="20" type="stmt"/>
      </file>
      <file name="index.ts" path="C:\Users\satis\Desktop\Workspace\Mossombi\components\organisms\modals\index.ts">
        <metrics statements="0" coveredstatements="0" conditionals="0" coveredconditionals="0" methods="0" coveredmethods="0"/>
      </file>
    </package>
    <package name="components.templates">
      <metrics statements="58" coveredstatements="56" conditionals="80" coveredconditionals="65" methods="35" coveredmethods="33"/>
      <file name="CategoryPageLayout.tsx" path="C:\Users\satis\Desktop\Workspace\Mossombi\components\templates\CategoryPageLayout.tsx">
        <metrics statements="12" coveredstatements="12" conditionals="2" coveredconditionals="1" methods="4" coveredmethods="4"/>
        <line num="11" count="20" type="stmt"/>
        <line num="28" count="4" type="stmt"/>
        <line num="29" count="4" type="stmt"/>
        <line num="30" count="4" type="stmt"/>
        <line num="31" count="4" type="stmt"/>
        <line num="34" count="4" type="stmt"/>
        <line num="35" count="2" type="stmt"/>
        <line num="43" count="4" type="stmt"/>
        <line num="44" count="2" type="stmt"/>
        <line num="47" count="4" type="stmt"/>
        <line num="103" count="4" type="stmt"/>
        <line num="136" count="20" type="stmt"/>
      </file>
      <file name="DetailLayout.tsx" path="C:\Users\satis\Desktop\Workspace\Mossombi\components\templates\DetailLayout.tsx">
        <metrics statements="3" coveredstatements="3" conditionals="2" coveredconditionals="2" methods="1" coveredmethods="1"/>
        <line num="37" count="2" type="stmt"/>
        <line num="39" count="2" type="stmt"/>
        <line num="74" count="19" type="stmt"/>
      </file>
      <file name="ListLayout.tsx" path="C:\Users\satis\Desktop\Workspace\Mossombi\components\templates\ListLayout.tsx">
        <metrics statements="5" coveredstatements="5" conditionals="7" coveredconditionals="6" methods="3" coveredmethods="3"/>
        <line num="44" count="4" type="cond" truecount="1" falsecount="0"/>
        <line num="50" count="2" type="stmt"/>
        <line num="52" count="2" type="stmt"/>
        <line num="76" count="4" type="stmt"/>
        <line num="88" count="19" type="stmt"/>
      </file>
      <file name="PublicServiceFormLayout.tsx" path="C:\Users\satis\Desktop\Workspace\Mossombi\components\templates\PublicServiceFormLayout.tsx">
        <metrics statements="4" coveredstatements="4" conditionals="4" coveredconditionals="3" methods="1" coveredmethods="1"/>
        <line num="51" count="4" type="stmt"/>
        <line num="52" count="4" type="stmt"/>
        <line num="54" count="4" type="stmt"/>
        <line num="157" count="20" type="stmt"/>
      </file>
      <file name="SearchLayout.tsx" path="C:\Users\satis\Desktop\Workspace\Mossombi\components\templates\SearchLayout.tsx">
        <metrics statements="6" coveredstatements="6" conditionals="23" coveredconditionals="23" methods="3" coveredmethods="3"/>
        <line num="55" count="4" type="cond" truecount="1" falsecount="0"/>
        <line num="59" count="20" type="stmt"/>
        <line num="63" count="20" type="stmt"/>
        <line num="68" count="20" type="stmt"/>
        <line num="121" count="10" type="stmt"/>
        <line num="138" count="20" type="stmt"/>
      </file>
      <file name="ServicePageLayout.tsx" path="C:\Users\satis\Desktop\Workspace\Mossombi\components\templates\ServicePageLayout.tsx">
        <metrics statements="2" coveredstatements="2" conditionals="8" coveredconditionals="3" methods="1" coveredmethods="1"/>
        <line num="58" count="2" type="stmt"/>
        <line num="60" count="2" type="stmt"/>
      </file>
      <file name="ShoppingPageLayout.tsx" path="C:\Users\satis\Desktop\Workspace\Mossombi\components\templates\ShoppingPageLayout.tsx">
        <metrics statements="26" coveredstatements="24" conditionals="34" coveredconditionals="27" methods="22" coveredmethods="20"/>
        <line num="103" count="16" type="stmt"/>
        <line num="104" count="16" type="stmt"/>
        <line num="106" count="16" type="stmt"/>
        <line num="112" count="0" type="stmt"/>
        <line num="113" count="0" type="cond" truecount="0" falsecount="2"/>
        <line num="168" count="1" type="stmt"/>
        <line num="179" count="1" type="stmt"/>
        <line num="191" count="1" type="stmt"/>
        <line num="231" count="24" type="stmt"/>
        <line num="233" count="1" type="stmt"/>
        <line num="271" count="30" type="stmt"/>
        <line num="273" count="1" type="stmt"/>
        <line num="311" count="30" type="stmt"/>
        <line num="313" count="8" type="stmt"/>
        <line num="343" count="16" type="stmt"/>
        <line num="346" count="2" type="stmt"/>
        <line num="347" count="2" type="stmt"/>
        <line num="365" count="5" type="stmt"/>
        <line num="376" count="1" type="stmt"/>
        <line num="379" count="1" type="stmt"/>
        <line num="380" count="1" type="stmt"/>
        <line num="389" count="1" type="stmt"/>
        <line num="392" count="1" type="stmt"/>
        <line num="393" count="1" type="stmt"/>
        <line num="401" count="1" type="stmt"/>
        <line num="445" count="18" type="stmt"/>
      </file>
      <file name="index.ts" path="C:\Users\satis\Desktop\Workspace\Mossombi\components\templates\index.ts">
        <metrics statements="0" coveredstatements="0" conditionals="0" coveredconditionals="0" methods="0" coveredmethods="0"/>
      </file>
    </package>
    <package name="components.ui">
      <metrics statements="37" coveredstatements="37" conditionals="38" coveredconditionals="32" methods="14" coveredmethods="14"/>
      <file name="Container.tsx" path="C:\Users\satis\Desktop\Workspace\Mossombi\components\ui\Container.tsx">
        <metrics statements="23" coveredstatements="23" conditionals="34" coveredconditionals="28" methods="7" coveredmethods="7"/>
        <line num="62" count="34" type="stmt"/>
        <line num="64" count="34" type="stmt"/>
        <line num="79" count="34" type="stmt"/>
        <line num="121" count="8" type="stmt"/>
        <line num="123" count="8" type="stmt"/>
        <line num="125" count="8" type="cond" truecount="2" falsecount="0"/>
        <line num="126" count="8" type="cond" truecount="1" falsecount="1"/>
        <line num="127" count="8" type="cond" truecount="1" falsecount="1"/>
        <line num="128" count="8" type="cond" truecount="2" falsecount="0"/>
        <line num="129" count="8" type="cond" truecount="1" falsecount="1"/>
        <line num="130" count="8" type="cond" truecount="1" falsecount="1"/>
        <line num="131" count="8" type="cond" truecount="3" falsecount="1"/>
        <line num="132" count="8" type="cond" truecount="2" falsecount="0"/>
        <line num="134" count="8" type="stmt"/>
        <line num="174" count="232" type="stmt"/>
        <line num="176" count="232" type="stmt"/>
        <line num="220" count="149" type="stmt"/>
        <line num="253" count="2" type="stmt"/>
        <line num="255" count="2" type="stmt"/>
        <line num="289" count="2" type="stmt"/>
        <line num="291" count="2" type="stmt"/>
        <line num="318" count="33" type="stmt"/>
        <line num="335" count="41" type="stmt"/>
      </file>
      <file name="animations.ts" path="C:\Users\satis\Desktop\Workspace\Mossombi\components\ui\animations.ts">
        <metrics statements="14" coveredstatements="14" conditionals="4" coveredconditionals="4" methods="7" coveredmethods="7"/>
        <line num="12" count="42" type="stmt"/>
        <line num="16" count="1" type="stmt"/>
        <line num="24" count="42" type="stmt"/>
        <line num="28" count="1" type="stmt"/>
        <line num="36" count="42" type="stmt"/>
        <line num="40" count="1" type="stmt"/>
        <line num="49" count="42" type="stmt"/>
        <line num="53" count="1" type="stmt"/>
        <line num="61" count="42" type="stmt"/>
        <line num="62" count="1" type="stmt"/>
        <line num="77" count="42" type="stmt"/>
        <line num="78" count="1" type="stmt"/>
        <line num="87" count="42" type="stmt"/>
        <line num="88" count="1" type="stmt"/>
      </file>
      <file name="index.ts" path="C:\Users\satis\Desktop\Workspace\Mossombi\components\ui\index.ts">
        <metrics statements="0" coveredstatements="0" conditionals="0" coveredconditionals="0" methods="0" coveredmethods="0"/>
      </file>
    </package>
    <package name="hooks">
      <metrics statements="143" coveredstatements="138" conditionals="55" coveredconditionals="38" methods="49" coveredmethods="44"/>
      <file name="index.ts" path="C:\Users\satis\Desktop\Workspace\Mossombi\hooks\index.ts">
        <metrics statements="0" coveredstatements="0" conditionals="0" coveredconditionals="0" methods="0" coveredmethods="0"/>
      </file>
      <file name="useProductFilters.ts" path="C:\Users\satis\Desktop\Workspace\Mossombi\hooks\useProductFilters.ts">
        <metrics statements="32" coveredstatements="28" conditionals="22" coveredconditionals="16" methods="12" coveredmethods="7"/>
        <line num="15" count="7" type="stmt"/>
        <line num="16" count="7" type="stmt"/>
        <line num="17" count="7" type="stmt"/>
        <line num="18" count="7" type="stmt"/>
        <line num="19" count="7" type="stmt"/>
        <line num="20" count="7" type="stmt"/>
        <line num="21" count="7" type="stmt"/>
        <line num="23" count="7" type="stmt"/>
        <line num="24" count="7" type="stmt"/>
        <line num="27" count="7" type="cond" truecount="2" falsecount="0"/>
        <line num="28" count="4" type="stmt"/>
        <line num="29" count="12" type="stmt"/>
        <line num="34" count="7" type="cond" truecount="2" falsecount="0"/>
        <line num="35" count="9" type="stmt"/>
        <line num="39" count="7" type="cond" truecount="2" falsecount="0"/>
        <line num="40" count="4" type="stmt"/>
        <line num="41" count="5" type="cond" truecount="1" falsecount="1"/>
        <line num="42" count="0" type="cond" truecount="0" falsecount="2"/>
        <line num="43" count="5" type="cond" truecount="2" falsecount="0"/>
        <line num="44" count="4" type="stmt"/>
        <line num="48" count="7" type="cond" truecount="2" falsecount="0"/>
        <line num="49" count="1" type="stmt"/>
        <line num="53" count="7" type="cond" truecount="1" falsecount="1"/>
        <line num="54" count="0" type="stmt"/>
        <line num="55" count="7" type="cond" truecount="1" falsecount="1"/>
        <line num="56" count="0" type="stmt"/>
        <line num="57" count="7" type="cond" truecount="1" falsecount="1"/>
        <line num="58" count="0" type="stmt"/>
        <line num="59" count="7" type="cond" truecount="2" falsecount="0"/>
        <line num="60" count="2" type="stmt"/>
        <line num="63" count="7" type="stmt"/>
        <line num="66" count="7" type="stmt"/>
      </file>
      <file name="usePublicServiceForm.ts" path="C:\Users\satis\Desktop\Workspace\Mossombi\hooks\usePublicServiceForm.ts">
        <metrics statements="22" coveredstatements="22" conditionals="6" coveredconditionals="4" methods="5" coveredmethods="5"/>
        <line num="17" count="5" type="stmt"/>
        <line num="18" count="5" type="stmt"/>
        <line num="19" count="5" type="stmt"/>
        <line num="20" count="5" type="stmt"/>
        <line num="22" count="5" type="stmt"/>
        <line num="27" count="2" type="stmt"/>
        <line num="28" count="2" type="cond" truecount="2" falsecount="0"/>
        <line num="31" count="2" type="cond" truecount="2" falsecount="0"/>
        <line num="32" count="1" type="stmt"/>
        <line num="33" count="1" type="stmt"/>
        <line num="36" count="1" type="stmt"/>
        <line num="39" count="1" type="stmt"/>
        <line num="40" count="1" type="stmt"/>
        <line num="41" count="1" type="stmt"/>
        <line num="44" count="1" type="stmt"/>
        <line num="59" count="1" type="stmt"/>
        <line num="60" count="1" type="stmt"/>
        <line num="61" count="1" type="stmt"/>
        <line num="62" count="1" type="stmt"/>
        <line num="63" count="1" type="stmt"/>
        <line num="64" count="1" type="stmt"/>
        <line num="69" count="5" type="stmt"/>
      </file>
      <file name="usePurchaseFlow.ts" path="C:\Users\satis\Desktop\Workspace\Mossombi\hooks\usePurchaseFlow.ts">
        <metrics statements="20" coveredstatements="20" conditionals="6" coveredconditionals="3" methods="6" coveredmethods="6"/>
        <line num="29" count="6" type="stmt"/>
        <line num="30" count="6" type="stmt"/>
        <line num="31" count="6" type="stmt"/>
        <line num="33" count="6" type="stmt"/>
        <line num="34" count="1" type="stmt"/>
        <line num="35" count="1" type="stmt"/>
        <line num="38" count="6" type="stmt"/>
        <line num="39" count="1" type="cond" truecount="1" falsecount="1"/>
        <line num="42" count="1" type="stmt"/>
        <line num="49" count="1" type="cond" truecount="1" falsecount="1"/>
        <line num="50" count="1" type="stmt"/>
        <line num="54" count="1" type="stmt"/>
        <line num="57" count="1" type="stmt"/>
        <line num="58" count="1" type="stmt"/>
        <line num="62" count="6" type="stmt"/>
        <line num="63" count="1" type="stmt"/>
        <line num="64" count="1" type="stmt"/>
        <line num="67" count="6" type="stmt"/>
        <line num="68" count="1" type="stmt"/>
        <line num="71" count="6" type="stmt"/>
      </file>
      <file name="useServiceFilters.ts" path="C:\Users\satis\Desktop\Workspace\Mossombi\hooks\useServiceFilters.ts">
        <metrics statements="17" coveredstatements="17" conditionals="8" coveredconditionals="7" methods="8" coveredmethods="8"/>
        <line num="26" count="4" type="stmt"/>
        <line num="27" count="4" type="stmt"/>
        <line num="30" count="4" type="stmt"/>
        <line num="31" count="3" type="stmt"/>
        <line num="32" count="1" type="stmt"/>
        <line num="36" count="4" type="stmt"/>
        <line num="37" count="3" type="stmt"/>
        <line num="41" count="4" type="stmt"/>
        <line num="42" count="4" type="stmt"/>
        <line num="45" count="4" type="cond" truecount="2" falsecount="0"/>
        <line num="46" count="6" type="stmt"/>
        <line num="50" count="4" type="cond" truecount="2" falsecount="0"/>
        <line num="51" count="2" type="stmt"/>
        <line num="52" count="2" type="stmt"/>
        <line num="54" count="5" type="cond" truecount="3" falsecount="1"/>
        <line num="60" count="4" type="stmt"/>
        <line num="63" count="4" type="stmt"/>
      </file>
      <file name="useShoppingCart.ts" path="C:\Users\satis\Desktop\Workspace\Mossombi\hooks\useShoppingCart.ts">
        <metrics statements="41" coveredstatements="40" conditionals="8" coveredconditionals="6" methods="14" coveredmethods="14"/>
        <line num="22" count="10" type="stmt"/>
        <line num="23" count="10" type="stmt"/>
        <line num="24" count="10" type="stmt"/>
        <line num="25" count="10" type="stmt"/>
        <line num="26" count="10" type="stmt"/>
        <line num="27" count="10" type="stmt"/>
        <line num="28" count="10" type="stmt"/>
        <line num="29" count="10" type="stmt"/>
        <line num="31" count="10" type="stmt"/>
        <line num="32" count="4" type="cond" truecount="2" falsecount="0"/>
        <line num="34" count="4" type="stmt"/>
        <line num="40" count="10" type="stmt"/>
        <line num="41" count="1" type="stmt"/>
        <line num="42" count="1" type="stmt"/>
        <line num="43" count="1" type="cond" truecount="1" falsecount="1"/>
        <line num="44" count="0" type="stmt"/>
        <line num="46" count="1" type="stmt"/>
        <line num="48" count="1" type="stmt"/>
        <line num="52" count="10" type="stmt"/>
        <line num="53" count="1" type="stmt"/>
        <line num="56" count="10" type="stmt"/>
        <line num="57" count="3" type="stmt"/>
        <line num="58" count="6" type="stmt"/>
        <line num="59" count="4" type="cond" truecount="1" falsecount="1"/>
        <line num="63" count="10" type="stmt"/>
        <line num="64" count="8" type="stmt"/>
        <line num="67" count="10" type="stmt"/>
        <line num="68" count="2" type="cond" truecount="2" falsecount="0"/>
        <line num="69" count="1" type="stmt"/>
        <line num="70" count="1" type="stmt"/>
        <line num="72" count="1" type="stmt"/>
        <line num="75" count="10" type="stmt"/>
        <line num="76" count="1" type="stmt"/>
        <line num="77" count="1" type="stmt"/>
        <line num="79" count="1" type="stmt"/>
        <line num="84" count="1" type="stmt"/>
        <line num="85" count="1" type="stmt"/>
        <line num="86" count="1" type="stmt"/>
        <line num="87" count="1" type="stmt"/>
        <line num="88" count="1" type="stmt"/>
        <line num="92" count="10" type="stmt"/>
      </file>
      <file name="useSuccessModal.ts" path="C:\Users\satis\Desktop\Workspace\Mossombi\hooks\useSuccessModal.ts">
        <metrics statements="11" coveredstatements="11" conditionals="5" coveredconditionals="2" methods="4" coveredmethods="4"/>
        <line num="38" count="3" type="stmt"/>
        <line num="39" count="3" type="stmt"/>
        <line num="46" count="3" type="stmt"/>
        <line num="47" count="1" type="stmt"/>
        <line num="53" count="3" type="stmt"/>
        <line num="54" count="1" type="stmt"/>
        <line num="57" count="1" type="cond" truecount="1" falsecount="1"/>
        <line num="58" count="1" type="stmt"/>
        <line num="61" count="1" type="cond" truecount="1" falsecount="1"/>
        <line num="62" count="1" type="stmt"/>
        <line num="66" count="3" type="stmt"/>
      </file>
    </package>
    <package name="utils">
      <metrics statements="51" coveredstatements="51" conditionals="17" coveredconditionals="14" methods="19" coveredmethods="19"/>
      <file name="logger.ts" path="C:\Users\satis\Desktop\Workspace\Mossombi\utils\logger.ts">
        <metrics statements="25" coveredstatements="25" conditionals="13" coveredconditionals="10" methods="9" coveredmethods="9"/>
        <line num="14" count="3" type="stmt"/>
        <line num="24" count="5" type="stmt"/>
        <line num="28" count="15" type="cond" truecount="2" falsecount="0"/>
        <line num="31" count="15" type="stmt"/>
        <line num="32" count="15" type="stmt"/>
        <line num="36" count="14" type="cond" truecount="1" falsecount="1"/>
        <line num="38" count="14" type="stmt"/>
        <line num="39" count="14" type="stmt"/>
        <line num="40" count="14" type="stmt"/>
        <line num="42" count="14" type="stmt"/>
        <line num="49" count="9" type="cond" truecount="2" falsecount="0"/>
        <line num="50" count="8" type="stmt"/>
        <line num="58" count="2" type="cond" truecount="2" falsecount="0"/>
        <line num="59" count="1" type="stmt"/>
        <line num="67" count="2" type="cond" truecount="1" falsecount="1"/>
        <line num="68" count="2" type="stmt"/>
        <line num="76" count="4" type="stmt"/>
        <line num="83" count="1" type="cond" truecount="1" falsecount="1"/>
        <line num="84" count="1" type="stmt"/>
        <line num="85" count="1" type="stmt"/>
        <line num="91" count="3" type="stmt"/>
        <line num="98" count="1" type="stmt"/>
        <line num="99" count="1" type="stmt"/>
        <line num="100" count="1" type="stmt"/>
        <line num="101" count="1" type="stmt"/>
      </file>
      <file name="navigation.ts" path="C:\Users\satis\Desktop\Workspace\Mossombi\utils\navigation.ts">
        <metrics statements="26" coveredstatements="26" conditionals="4" coveredconditionals="4" methods="10" coveredmethods="10"/>
        <line num="19" count="1" type="stmt"/>
        <line num="21" count="1" type="stmt"/>
        <line num="26" count="1" type="stmt"/>
        <line num="27" count="1" type="stmt"/>
        <line num="34" count="1" type="stmt"/>
        <line num="35" count="1" type="stmt"/>
        <line num="42" count="1" type="stmt"/>
        <line num="43" count="1" type="stmt"/>
        <line num="49" count="1" type="stmt"/>
        <line num="58" count="1" type="stmt"/>
        <line num="59" count="2" type="stmt"/>
        <line num="61" count="1" type="stmt"/>
        <line num="62" count="1" type="stmt"/>
        <line num="63" count="1" type="stmt"/>
        <line num="72" count="2" type="stmt"/>
        <line num="75" count="1" type="stmt"/>
        <line num="79" count="2" type="cond" truecount="2" falsecount="0"/>
        <line num="80" count="1" type="stmt"/>
        <line num="81" count="1" type="stmt"/>
        <line num="83" count="1" type="stmt"/>
        <line num="84" count="1" type="stmt"/>
        <line num="88" count="2" type="cond" truecount="2" falsecount="0"/>
        <line num="89" count="1" type="stmt"/>
        <line num="90" count="1" type="stmt"/>
        <line num="92" count="1" type="stmt"/>
        <line num="93" count="1" type="stmt"/>
      </file>
    </package>
  </project>
</coverage>
