{"C:\\Users\\satis\\Desktop\\Workspace\\Mossombi\\components\\AdBanner.tsx": {"path":"C:\\Users\\satis\\Desktop\\Workspace\\Mossombi\\components\\AdBanner.tsx","statementMap":{"0":{"start":{"line":27,"column":21},"end":{"line":27,"column":31}},"1":{"start":{"line":28,"column":32},"end":{"line":28,"column":46}},"2":{"start":{"line":30,"column":22},"end":{"line":33,"column":3}},"3":{"start":{"line":31,"column":4},"end":{"line":31,"column":22}},"4":{"start":{"line":32,"column":4},"end":{"line":32,"column":16}},"5":{"start":{"line":35,"column":22},"end":{"line":39,"column":3}},"6":{"start":{"line":36,"column":4},"end":{"line":38,"column":5}},"7":{"start":{"line":37,"column":6},"end":{"line":37,"column":30}},"8":{"start":{"line":41,"column":2},"end":{"line":41,"column":28}},"9":{"start":{"line":41,"column":16},"end":{"line":41,"column":28}},"10":{"start":{"line":44,"column":4},"end":{"line":79,"column":7}},"11":{"start":{"line":48,"column":34},"end":{"line":51,"column":11}},"12":{"start":{"line":68,"column":34},"end":{"line":71,"column":11}},"13":{"start":{"line":82,"column":2},"end":{"line":104,"column":4}},"14":{"start":{"line":107,"column":15},"end":{"line":154,"column":2}}},"fnMap":{"0":{"name":"AdBanner","decl":{"start":{"line":18,"column":24},"end":{"line":18,"column":32}},"loc":{"start":{"line":26,"column":18},"end":{"line":105,"column":1}},"line":26},"1":{"name":"(anonymous_1)","decl":{"start":{"line":30,"column":22},"end":{"line":30,"column":23}},"loc":{"start":{"line":30,"column":28},"end":{"line":33,"column":3}},"line":30},"2":{"name":"(anonymous_2)","decl":{"start":{"line":35,"column":22},"end":{"line":35,"column":23}},"loc":{"start":{"line":35,"column":28},"end":{"line":39,"column":3}},"line":35},"3":{"name":"(anonymous_3)","decl":{"start":{"line":48,"column":17},"end":{"line":48,"column":18}},"loc":{"start":{"line":48,"column":34},"end":{"line":51,"column":11}},"line":48},"4":{"name":"(anonymous_4)","decl":{"start":{"line":68,"column":17},"end":{"line":68,"column":18}},"loc":{"start":{"line":68,"column":34},"end":{"line":71,"column":11}},"line":68}},"branchMap":{"0":{"loc":{"start":{"line":19,"column":2},"end":{"line":19,"column":16}},"type":"default-arg","locations":[{"start":{"line":19,"column":10},"end":{"line":19,"column":16}}],"line":19},"1":{"loc":{"start":{"line":20,"column":2},"end":{"line":20,"column":18}},"type":"default-arg","locations":[{"start":{"line":20,"column":16},"end":{"line":20,"column":18}}],"line":20},"2":{"loc":{"start":{"line":21,"column":2},"end":{"line":21,"column":28}},"type":"default-arg","locations":[{"start":{"line":21,"column":12},"end":{"line":21,"column":28}}],"line":21},"3":{"loc":{"start":{"line":24,"column":2},"end":{"line":24,"column":18}},"type":"default-arg","locations":[{"start":{"line":24,"column":14},"end":{"line":24,"column":18}}],"line":24},"4":{"loc":{"start":{"line":36,"column":4},"end":{"line":38,"column":5}},"type":"if","locations":[{"start":{"line":36,"column":4},"end":{"line":38,"column":5}},{"start":{},"end":{}}],"line":36},"5":{"loc":{"start":{"line":41,"column":2},"end":{"line":41,"column":28}},"type":"if","locations":[{"start":{"line":41,"column":2},"end":{"line":41,"column":28}},{"start":{},"end":{}}],"line":41},"6":{"loc":{"start":{"line":45,"column":7},"end":{"line":56,"column":7}},"type":"binary-expr","locations":[{"start":{"line":45,"column":7},"end":{"line":45,"column":16}},{"start":{"line":46,"column":8},"end":{"line":55,"column":20}}],"line":45},"7":{"loc":{"start":{"line":50,"column":23},"end":{"line":50,"column":40}},"type":"cond-expr","locations":[{"start":{"line":50,"column":33},"end":{"line":50,"column":36}},{"start":{"line":50,"column":39},"end":{"line":50,"column":40}}],"line":50},"8":{"loc":{"start":{"line":70,"column":68},"end":{"line":70,"column":85}},"type":"cond-expr","locations":[{"start":{"line":70,"column":78},"end":{"line":70,"column":81}},{"start":{"line":70,"column":84},"end":{"line":70,"column":85}}],"line":70},"9":{"loc":{"start":{"line":84,"column":7},"end":{"line":102,"column":7}},"type":"cond-expr","locations":[{"start":{"line":85,"column":8},"end":{"line":92,"column":26}},{"start":{"line":94,"column":8},"end":{"line":101,"column":25}}],"line":84}},"s":{"0":16,"1":16,"2":16,"3":2,"4":2,"5":16,"6":4,"7":2,"8":16,"9":2,"10":14,"11":10,"12":14,"13":14,"14":5},"f":{"0":16,"1":2,"2":4,"3":10,"4":14},"b":{"0":[0],"1":[0],"2":[10],"3":[12],"4":[2,2],"5":[2,14],"6":[14,10],"7":[0,10],"8":[0,14],"9":[2,12]},"_coverageSchema":"1a1c01bbd47fc00a2c39e90264f33305004495a9","hash":"3e345fb47e172673d820e97d1a1a7af35991c64c"}
,"C:\\Users\\satis\\Desktop\\Workspace\\Mossombi\\components\\Button.tsx": {"path":"C:\\Users\\satis\\Desktop\\Workspace\\Mossombi\\components\\Button.tsx","statementMap":{"0":{"start":{"line":42,"column":21},"end":{"line":42,"column":31}},"1":{"start":{"line":45,"column":20},"end":{"line":45,"column":63}},"2":{"start":{"line":46,"column":24},"end":{"line":46,"column":67}},"3":{"start":{"line":48,"column":21},"end":{"line":53,"column":3}},"4":{"start":{"line":55,"column":22},"end":{"line":79,"column":3}},"5":{"start":{"line":56,"column":4},"end":{"line":56,"column":48}},"6":{"start":{"line":56,"column":41},"end":{"line":56,"column":48}},"7":{"start":{"line":58,"column":4},"end":{"line":78,"column":5}},"8":{"start":{"line":60,"column":6},"end":{"line":60,"column":32}},"9":{"start":{"line":61,"column":6},"end":{"line":61,"column":28}},"10":{"start":{"line":64,"column":6},"end":{"line":75,"column":9}},"11":{"start":{"line":74,"column":8},"end":{"line":74,"column":18}},"12":{"start":{"line":77,"column":6},"end":{"line":77,"column":16}},"13":{"start":{"line":81,"column":29},"end":{"line":98,"column":3}},"14":{"start":{"line":82,"column":4},"end":{"line":82,"column":39}},"15":{"start":{"line":82,"column":18},"end":{"line":82,"column":39}},"16":{"start":{"line":83,"column":4},"end":{"line":97,"column":5}},"17":{"start":{"line":85,"column":8},"end":{"line":85,"column":30}},"18":{"start":{"line":87,"column":8},"end":{"line":87,"column":32}},"19":{"start":{"line":89,"column":8},"end":{"line":89,"column":28}},"20":{"start":{"line":91,"column":8},"end":{"line":91,"column":30}},"21":{"start":{"line":94,"column":8},"end":{"line":94,"column":29}},"22":{"start":{"line":96,"column":8},"end":{"line":96,"column":30}},"23":{"start":{"line":100,"column":23},"end":{"line":115,"column":3}},"24":{"start":{"line":101,"column":4},"end":{"line":101,"column":45}},"25":{"start":{"line":101,"column":18},"end":{"line":101,"column":45}},"26":{"start":{"line":102,"column":4},"end":{"line":114,"column":5}},"27":{"start":{"line":108,"column":8},"end":{"line":108,"column":25}},"28":{"start":{"line":111,"column":8},"end":{"line":111,"column":30}},"29":{"start":{"line":113,"column":8},"end":{"line":113,"column":25}},"30":{"start":{"line":118,"column":4},"end":{"line":138,"column":11}},"31":{"start":{"line":141,"column":22},"end":{"line":154,"column":3}},"32":{"start":{"line":156,"column":2},"end":{"line":239,"column":3}},"33":{"start":{"line":158,"column":6},"end":{"line":173,"column":23}},"34":{"start":{"line":176,"column":4},"end":{"line":223,"column":5}},"35":{"start":{"line":177,"column":6},"end":{"line":222,"column":8}},"36":{"start":{"line":212,"column":38},"end":{"line":216,"column":15}},"37":{"start":{"line":225,"column":4},"end":{"line":238,"column":6}},"38":{"start":{"line":230,"column":32},"end":{"line":234,"column":9}},"39":{"start":{"line":242,"column":4},"end":{"line":253,"column":16}},"40":{"start":{"line":246,"column":30},"end":{"line":250,"column":7}},"41":{"start":{"line":256,"column":2},"end":{"line":292,"column":3}},"42":{"start":{"line":257,"column":4},"end":{"line":291,"column":6}},"43":{"start":{"line":294,"column":2},"end":{"line":294,"column":21}},"44":{"start":{"line":297,"column":15},"end":{"line":316,"column":2}}},"fnMap":{"0":{"name":"Button","decl":{"start":{"line":29,"column":24},"end":{"line":29,"column":30}},"loc":{"start":{"line":41,"column":16},"end":{"line":295,"column":1}},"line":41},"1":{"name":"(anonymous_1)","decl":{"start":{"line":31,"column":12},"end":{"line":31,"column":13}},"loc":{"start":{"line":31,"column":18},"end":{"line":31,"column":20}},"line":31},"2":{"name":"(anonymous_2)","decl":{"start":{"line":55,"column":22},"end":{"line":55,"column":23}},"loc":{"start":{"line":55,"column":28},"end":{"line":79,"column":3}},"line":55},"3":{"name":"(anonymous_3)","decl":{"start":{"line":73,"column":15},"end":{"line":73,"column":16}},"loc":{"start":{"line":73,"column":21},"end":{"line":75,"column":7}},"line":73},"4":{"name":"(anonymous_4)","decl":{"start":{"line":81,"column":29},"end":{"line":81,"column":30}},"loc":{"start":{"line":81,"column":35},"end":{"line":98,"column":3}},"line":81},"5":{"name":"(anonymous_5)","decl":{"start":{"line":100,"column":23},"end":{"line":100,"column":24}},"loc":{"start":{"line":100,"column":29},"end":{"line":115,"column":3}},"line":100},"6":{"name":"(anonymous_6)","decl":{"start":{"line":212,"column":21},"end":{"line":212,"column":22}},"loc":{"start":{"line":212,"column":38},"end":{"line":216,"column":15}},"line":212},"7":{"name":"(anonymous_7)","decl":{"start":{"line":230,"column":15},"end":{"line":230,"column":16}},"loc":{"start":{"line":230,"column":32},"end":{"line":234,"column":9}},"line":230},"8":{"name":"(anonymous_8)","decl":{"start":{"line":246,"column":13},"end":{"line":246,"column":14}},"loc":{"start":{"line":246,"column":30},"end":{"line":250,"column":7}},"line":246}},"branchMap":{"0":{"loc":{"start":{"line":31,"column":2},"end":{"line":31,"column":20}},"type":"default-arg","locations":[{"start":{"line":31,"column":12},"end":{"line":31,"column":20}}],"line":31},"1":{"loc":{"start":{"line":32,"column":2},"end":{"line":32,"column":21}},"type":"default-arg","locations":[{"start":{"line":32,"column":12},"end":{"line":32,"column":21}}],"line":32},"2":{"loc":{"start":{"line":33,"column":2},"end":{"line":33,"column":13}},"type":"default-arg","locations":[{"start":{"line":33,"column":9},"end":{"line":33,"column":13}}],"line":33},"3":{"loc":{"start":{"line":34,"column":2},"end":{"line":34,"column":18}},"type":"default-arg","locations":[{"start":{"line":34,"column":13},"end":{"line":34,"column":18}}],"line":34},"4":{"loc":{"start":{"line":35,"column":2},"end":{"line":35,"column":17}},"type":"default-arg","locations":[{"start":{"line":35,"column":12},"end":{"line":35,"column":17}}],"line":35},"5":{"loc":{"start":{"line":37,"column":2},"end":{"line":37,"column":19}},"type":"default-arg","locations":[{"start":{"line":37,"column":14},"end":{"line":37,"column":19}}],"line":37},"6":{"loc":{"start":{"line":40,"column":2},"end":{"line":40,"column":23}},"type":"default-arg","locations":[{"start":{"line":40,"column":18},"end":{"line":40,"column":23}}],"line":40},"7":{"loc":{"start":{"line":56,"column":4},"end":{"line":56,"column":48}},"type":"if","locations":[{"start":{"line":56,"column":4},"end":{"line":56,"column":48}},{"start":{},"end":{}}],"line":56},"8":{"loc":{"start":{"line":56,"column":8},"end":{"line":56,"column":39}},"type":"binary-expr","locations":[{"start":{"line":56,"column":8},"end":{"line":56,"column":16}},{"start":{"line":56,"column":20},"end":{"line":56,"column":27}},{"start":{"line":56,"column":31},"end":{"line":56,"column":39}}],"line":56},"9":{"loc":{"start":{"line":58,"column":4},"end":{"line":78,"column":5}},"type":"if","locations":[{"start":{"line":58,"column":4},"end":{"line":78,"column":5}},{"start":{"line":76,"column":11},"end":{"line":78,"column":5}}],"line":58},"10":{"loc":{"start":{"line":82,"column":4},"end":{"line":82,"column":39}},"type":"if","locations":[{"start":{"line":82,"column":4},"end":{"line":82,"column":39}},{"start":{},"end":{}}],"line":82},"11":{"loc":{"start":{"line":83,"column":4},"end":{"line":97,"column":5}},"type":"switch","locations":[{"start":{"line":84,"column":6},"end":{"line":85,"column":30}},{"start":{"line":86,"column":6},"end":{"line":87,"column":32}},{"start":{"line":88,"column":6},"end":{"line":89,"column":28}},{"start":{"line":90,"column":6},"end":{"line":91,"column":30}},{"start":{"line":92,"column":6},"end":{"line":92,"column":21}},{"start":{"line":93,"column":6},"end":{"line":94,"column":29}},{"start":{"line":95,"column":6},"end":{"line":96,"column":30}}],"line":83},"12":{"loc":{"start":{"line":101,"column":4},"end":{"line":101,"column":45}},"type":"if","locations":[{"start":{"line":101,"column":4},"end":{"line":101,"column":45}},{"start":{},"end":{}}],"line":101},"13":{"loc":{"start":{"line":102,"column":4},"end":{"line":114,"column":5}},"type":"switch","locations":[{"start":{"line":103,"column":6},"end":{"line":103,"column":21}},{"start":{"line":104,"column":6},"end":{"line":104,"column":23}},{"start":{"line":105,"column":6},"end":{"line":105,"column":22}},{"start":{"line":106,"column":6},"end":{"line":106,"column":20}},{"start":{"line":107,"column":6},"end":{"line":108,"column":25}},{"start":{"line":109,"column":6},"end":{"line":109,"column":21}},{"start":{"line":110,"column":6},"end":{"line":111,"column":30}},{"start":{"line":112,"column":6},"end":{"line":113,"column":25}}],"line":102},"14":{"loc":{"start":{"line":119,"column":7},"end":{"line":137,"column":7}},"type":"cond-expr","locations":[{"start":{"line":120,"column":8},"end":{"line":120,"column":65}},{"start":{"line":122,"column":8},"end":{"line":136,"column":11}}],"line":119},"15":{"loc":{"start":{"line":148,"column":19},"end":{"line":148,"column":48}},"type":"cond-expr","locations":[{"start":{"line":148,"column":43},"end":{"line":148,"column":44}},{"start":{"line":148,"column":47},"end":{"line":148,"column":48}}],"line":148},"16":{"loc":{"start":{"line":149,"column":19},"end":{"line":149,"column":73}},"type":"cond-expr","locations":[{"start":{"line":149,"column":43},"end":{"line":149,"column":57}},{"start":{"line":149,"column":60},"end":{"line":149,"column":73}}],"line":149},"17":{"loc":{"start":{"line":151,"column":4},"end":{"line":151,"column":33}},"type":"binary-expr","locations":[{"start":{"line":151,"column":4},"end":{"line":151,"column":13}},{"start":{"line":151,"column":17},"end":{"line":151,"column":33}}],"line":151},"18":{"loc":{"start":{"line":152,"column":4},"end":{"line":152,"column":50}},"type":"binary-expr","locations":[{"start":{"line":152,"column":4},"end":{"line":152,"column":13}},{"start":{"line":152,"column":17},"end":{"line":152,"column":36}},{"start":{"line":152,"column":40},"end":{"line":152,"column":50}}],"line":152},"19":{"loc":{"start":{"line":153,"column":4},"end":{"line":153,"column":31}},"type":"binary-expr","locations":[{"start":{"line":153,"column":4},"end":{"line":153,"column":12}},{"start":{"line":153,"column":16},"end":{"line":153,"column":31}}],"line":153},"20":{"loc":{"start":{"line":156,"column":2},"end":{"line":239,"column":3}},"type":"if","locations":[{"start":{"line":156,"column":2},"end":{"line":239,"column":3}},{"start":{},"end":{}}],"line":156},"21":{"loc":{"start":{"line":156,"column":6},"end":{"line":156,"column":41}},"type":"binary-expr","locations":[{"start":{"line":156,"column":6},"end":{"line":156,"column":28}},{"start":{"line":156,"column":32},"end":{"line":156,"column":41}}],"line":156},"22":{"loc":{"start":{"line":176,"column":4},"end":{"line":223,"column":5}},"type":"if","locations":[{"start":{"line":176,"column":4},"end":{"line":223,"column":5}},{"start":{},"end":{}}],"line":176},"23":{"loc":{"start":{"line":194,"column":14},"end":{"line":194,"column":43}},"type":"binary-expr","locations":[{"start":{"line":194,"column":14},"end":{"line":194,"column":23}},{"start":{"line":194,"column":27},"end":{"line":194,"column":43}}],"line":194},"24":{"loc":{"start":{"line":204,"column":14},"end":{"line":204,"column":43}},"type":"binary-expr","locations":[{"start":{"line":204,"column":14},"end":{"line":204,"column":23}},{"start":{"line":204,"column":27},"end":{"line":204,"column":43}}],"line":204},"25":{"loc":{"start":{"line":210,"column":24},"end":{"line":210,"column":43}},"type":"binary-expr","locations":[{"start":{"line":210,"column":24},"end":{"line":210,"column":32}},{"start":{"line":210,"column":36},"end":{"line":210,"column":43}}],"line":210},"26":{"loc":{"start":{"line":213,"column":16},"end":{"line":213,"column":45}},"type":"binary-expr","locations":[{"start":{"line":213,"column":16},"end":{"line":213,"column":25}},{"start":{"line":213,"column":29},"end":{"line":213,"column":45}}],"line":213},"27":{"loc":{"start":{"line":214,"column":27},"end":{"line":214,"column":44}},"type":"cond-expr","locations":[{"start":{"line":214,"column":37},"end":{"line":214,"column":40}},{"start":{"line":214,"column":43},"end":{"line":214,"column":44}}],"line":214},"28":{"loc":{"start":{"line":228,"column":18},"end":{"line":228,"column":37}},"type":"binary-expr","locations":[{"start":{"line":228,"column":18},"end":{"line":228,"column":26}},{"start":{"line":228,"column":30},"end":{"line":228,"column":37}}],"line":228},"29":{"loc":{"start":{"line":231,"column":10},"end":{"line":231,"column":39}},"type":"binary-expr","locations":[{"start":{"line":231,"column":10},"end":{"line":231,"column":19}},{"start":{"line":231,"column":23},"end":{"line":231,"column":39}}],"line":231},"30":{"loc":{"start":{"line":232,"column":21},"end":{"line":232,"column":38}},"type":"cond-expr","locations":[{"start":{"line":232,"column":31},"end":{"line":232,"column":34}},{"start":{"line":232,"column":37},"end":{"line":232,"column":38}}],"line":232},"31":{"loc":{"start":{"line":244,"column":16},"end":{"line":244,"column":35}},"type":"binary-expr","locations":[{"start":{"line":244,"column":16},"end":{"line":244,"column":24}},{"start":{"line":244,"column":28},"end":{"line":244,"column":35}}],"line":244},"32":{"loc":{"start":{"line":248,"column":19},"end":{"line":248,"column":49}},"type":"cond-expr","locations":[{"start":{"line":248,"column":42},"end":{"line":248,"column":45}},{"start":{"line":248,"column":48},"end":{"line":248,"column":49}}],"line":248},"33":{"loc":{"start":{"line":248,"column":19},"end":{"line":248,"column":39}},"type":"binary-expr","locations":[{"start":{"line":248,"column":19},"end":{"line":248,"column":26}},{"start":{"line":248,"column":30},"end":{"line":248,"column":39}}],"line":248},"34":{"loc":{"start":{"line":256,"column":2},"end":{"line":292,"column":3}},"type":"if","locations":[{"start":{"line":256,"column":2},"end":{"line":292,"column":3}},{"start":{},"end":{}}],"line":256},"35":{"loc":{"start":{"line":274,"column":12},"end":{"line":274,"column":41}},"type":"binary-expr","locations":[{"start":{"line":274,"column":12},"end":{"line":274,"column":21}},{"start":{"line":274,"column":25},"end":{"line":274,"column":41}}],"line":274},"36":{"loc":{"start":{"line":284,"column":12},"end":{"line":284,"column":41}},"type":"binary-expr","locations":[{"start":{"line":284,"column":12},"end":{"line":284,"column":21}},{"start":{"line":284,"column":25},"end":{"line":284,"column":41}}],"line":284}},"s":{"0":226,"1":226,"2":226,"3":226,"4":226,"5":40,"6":1,"7":39,"8":4,"9":4,"10":4,"11":4,"12":35,"13":226,"14":228,"15":9,"16":219,"17":54,"18":2,"19":2,"20":10,"21":80,"22":71,"23":226,"24":226,"25":9,"26":217,"27":137,"28":80,"29":0,"30":226,"31":226,"32":226,"33":71,"34":71,"35":10,"36":10,"37":61,"38":61,"39":155,"40":155,"41":155,"42":2,"43":153,"44":44},"f":{"0":226,"1":1,"2":40,"3":4,"4":228,"5":226,"6":10,"7":61,"8":155},"b":{"0":[16],"1":[6],"2":[24],"3":[162],"4":[206],"5":[86],"6":[214],"7":[1,39],"8":[40,39,39],"9":[4,35],"10":[9,219],"11":[54,2,2,10,78,80,71],"12":[9,217],"13":[52,54,125,127,137,78,80,0],"14":[4,222],"15":[81,145],"16":[81,145],"17":[226,140],"18":[226,217,215],"19":[226,9],"20":[71,155],"21":[226,73],"22":[10,61],"23":[10,8],"24":[10,8],"25":[10,10],"26":[10,8],"27":[0,10],"28":[61,61],"29":[61,47],"30":[0,61],"31":[155,146],"32":[0,155],"33":[155,0],"34":[2,153],"35":[2,0],"36":[2,0]},"_coverageSchema":"1a1c01bbd47fc00a2c39e90264f33305004495a9","hash":"4504cecd71c03e94e886b7e0c4287505d98a4e91"}
,"C:\\Users\\satis\\Desktop\\Workspace\\Mossombi\\components\\ButtonAnimationExample.tsx": {"path":"C:\\Users\\satis\\Desktop\\Workspace\\Mossombi\\components\\ButtonAnimationExample.tsx","statementMap":{"0":{"start":{"line":15,"column":21},"end":{"line":15,"column":31}},"1":{"start":{"line":17,"column":2},"end":{"line":85,"column":4}},"2":{"start":{"line":48,"column":23},"end":{"line":48,"column":61}},"3":{"start":{"line":68,"column":23},"end":{"line":68,"column":58}}},"fnMap":{"0":{"name":"OrderButtonExample","decl":{"start":{"line":14,"column":24},"end":{"line":14,"column":42}},"loc":{"start":{"line":14,"column":45},"end":{"line":86,"column":1}},"line":14},"1":{"name":"(anonymous_1)","decl":{"start":{"line":48,"column":17},"end":{"line":48,"column":18}},"loc":{"start":{"line":48,"column":23},"end":{"line":48,"column":61}},"line":48},"2":{"name":"(anonymous_2)","decl":{"start":{"line":68,"column":17},"end":{"line":68,"column":18}},"loc":{"start":{"line":68,"column":23},"end":{"line":68,"column":58}},"line":68}},"branchMap":{},"s":{"0":2,"1":2,"2":2,"3":2},"f":{"0":2,"1":2,"2":2},"b":{},"_coverageSchema":"1a1c01bbd47fc00a2c39e90264f33305004495a9","hash":"0ec4b51dd5f40723bc19805018d230202314e195"}
,"C:\\Users\\satis\\Desktop\\Workspace\\Mossombi\\components\\Card.tsx": {"path":"C:\\Users\\satis\\Desktop\\Workspace\\Mossombi\\components\\Card.tsx","statementMap":{"0":{"start":{"line":24,"column":21},"end":{"line":24,"column":31}},"1":{"start":{"line":26,"column":20},"end":{"line":37,"column":3}},"2":{"start":{"line":39,"column":2},"end":{"line":71,"column":3}},"3":{"start":{"line":40,"column":20},"end":{"line":40,"column":81}},"4":{"start":{"line":42,"column":4},"end":{"line":59,"column":5}},"5":{"start":{"line":43,"column":6},"end":{"line":58,"column":8}},"6":{"start":{"line":47,"column":34},"end":{"line":47,"column":66}},"7":{"start":{"line":61,"column":4},"end":{"line":70,"column":6}},"8":{"start":{"line":73,"column":2},"end":{"line":83,"column":3}},"9":{"start":{"line":74,"column":4},"end":{"line":82,"column":6}},"10":{"start":{"line":78,"column":32},"end":{"line":78,"column":75}},"11":{"start":{"line":85,"column":2},"end":{"line":89,"column":4}},"12":{"start":{"line":92,"column":15},"end":{"line":96,"column":2}}},"fnMap":{"0":{"name":"Card","decl":{"start":{"line":16,"column":24},"end":{"line":16,"column":28}},"loc":{"start":{"line":23,"column":14},"end":{"line":90,"column":1}},"line":23},"1":{"name":"(anonymous_1)","decl":{"start":{"line":47,"column":17},"end":{"line":47,"column":18}},"loc":{"start":{"line":47,"column":34},"end":{"line":47,"column":66}},"line":47},"2":{"name":"(anonymous_2)","decl":{"start":{"line":78,"column":15},"end":{"line":78,"column":16}},"loc":{"start":{"line":78,"column":32},"end":{"line":78,"column":75}},"line":78}},"branchMap":{"0":{"loc":{"start":{"line":19,"column":2},"end":{"line":19,"column":21}},"type":"default-arg","locations":[{"start":{"line":19,"column":12},"end":{"line":19,"column":21}}],"line":19},"1":{"loc":{"start":{"line":20,"column":2},"end":{"line":20,"column":16}},"type":"default-arg","locations":[{"start":{"line":20,"column":12},"end":{"line":20,"column":16}}],"line":20},"2":{"loc":{"start":{"line":29,"column":23},"end":{"line":29,"column":74}},"type":"cond-expr","locations":[{"start":{"line":29,"column":47},"end":{"line":29,"column":60}},{"start":{"line":29,"column":63},"end":{"line":29,"column":74}}],"line":29},"3":{"loc":{"start":{"line":32,"column":19},"end":{"line":32,"column":48}},"type":"cond-expr","locations":[{"start":{"line":32,"column":43},"end":{"line":32,"column":44}},{"start":{"line":32,"column":47},"end":{"line":32,"column":48}}],"line":32},"4":{"loc":{"start":{"line":35,"column":4},"end":{"line":35,"column":40}},"type":"binary-expr","locations":[{"start":{"line":35,"column":4},"end":{"line":35,"column":26}},{"start":{"line":35,"column":30},"end":{"line":35,"column":40}}],"line":35},"5":{"loc":{"start":{"line":39,"column":2},"end":{"line":71,"column":3}},"type":"if","locations":[{"start":{"line":39,"column":2},"end":{"line":71,"column":3}},{"start":{},"end":{}}],"line":39},"6":{"loc":{"start":{"line":42,"column":4},"end":{"line":59,"column":5}},"type":"if","locations":[{"start":{"line":42,"column":4},"end":{"line":59,"column":5}},{"start":{},"end":{}}],"line":42},"7":{"loc":{"start":{"line":47,"column":46},"end":{"line":47,"column":63}},"type":"cond-expr","locations":[{"start":{"line":47,"column":56},"end":{"line":47,"column":59}},{"start":{"line":47,"column":62},"end":{"line":47,"column":63}}],"line":47},"8":{"loc":{"start":{"line":73,"column":2},"end":{"line":83,"column":3}},"type":"if","locations":[{"start":{"line":73,"column":2},"end":{"line":83,"column":3}},{"start":{},"end":{}}],"line":73},"9":{"loc":{"start":{"line":78,"column":55},"end":{"line":78,"column":72}},"type":"cond-expr","locations":[{"start":{"line":78,"column":65},"end":{"line":78,"column":68}},{"start":{"line":78,"column":71},"end":{"line":78,"column":72}}],"line":78}},"s":{"0":10,"1":10,"2":10,"3":4,"4":4,"5":2,"6":2,"7":2,"8":6,"9":2,"10":2,"11":4,"12":3},"f":{"0":10,"1":2,"2":2},"b":{"0":[6],"1":[8],"2":[0,10],"3":[0,10],"4":[10,6],"5":[4,6],"6":[2,2],"7":[0,2],"8":[2,4],"9":[0,2]},"_coverageSchema":"1a1c01bbd47fc00a2c39e90264f33305004495a9","hash":"9e7d9e652cf73e9d56b79820b515db1a5e52a79e"}
,"C:\\Users\\satis\\Desktop\\Workspace\\Mossombi\\components\\CartModal.tsx": {"path":"C:\\Users\\satis\\Desktop\\Workspace\\Mossombi\\components\\CartModal.tsx","statementMap":{"0":{"start":{"line":47,"column":34},"end":{"line":47,"column":44}},"1":{"start":{"line":49,"column":20},"end":{"line":49,"column":74}},"2":{"start":{"line":49,"column":61},"end":{"line":49,"column":70}},"3":{"start":{"line":50,"column":20},"end":{"line":53,"column":7}},"4":{"start":{"line":51,"column":20},"end":{"line":51,"column":58}},"5":{"start":{"line":51,"column":39},"end":{"line":51,"column":57}},"6":{"start":{"line":52,"column":4},"end":{"line":52,"column":59}},"7":{"start":{"line":55,"column":2},"end":{"line":167,"column":4}},"8":{"start":{"line":78,"column":32},"end":{"line":78,"column":70}},"9":{"start":{"line":78,"column":51},"end":{"line":78,"column":69}},"10":{"start":{"line":79,"column":16},"end":{"line":79,"column":42}},"11":{"start":{"line":79,"column":30},"end":{"line":79,"column":42}},"12":{"start":{"line":81,"column":16},"end":{"line":118,"column":18}},"13":{"start":{"line":96,"column":39},"end":{"line":96,"column":66}},"14":{"start":{"line":108,"column":39},"end":{"line":108,"column":61}},"15":{"start":{"line":154,"column":18},"end":{"line":154,"column":28}},"16":{"start":{"line":155,"column":18},"end":{"line":155,"column":31}},"17":{"start":{"line":170,"column":15},"end":{"line":208,"column":2}}},"fnMap":{"0":{"name":"CartModal","decl":{"start":{"line":36,"column":24},"end":{"line":36,"column":33}},"loc":{"start":{"line":46,"column":19},"end":{"line":168,"column":1}},"line":46},"1":{"name":"(anonymous_1)","decl":{"start":{"line":49,"column":47},"end":{"line":49,"column":48}},"loc":{"start":{"line":49,"column":61},"end":{"line":49,"column":70}},"line":49},"2":{"name":"(anonymous_2)","decl":{"start":{"line":50,"column":45},"end":{"line":50,"column":46}},"loc":{"start":{"line":50,"column":67},"end":{"line":53,"column":3}},"line":50},"3":{"name":"(anonymous_3)","decl":{"start":{"line":51,"column":34},"end":{"line":51,"column":35}},"loc":{"start":{"line":51,"column":39},"end":{"line":51,"column":57}},"line":51},"4":{"name":"(anonymous_4)","decl":{"start":{"line":77,"column":37},"end":{"line":77,"column":38}},"loc":{"start":{"line":77,"column":52},"end":{"line":119,"column":15}},"line":77},"5":{"name":"(anonymous_5)","decl":{"start":{"line":78,"column":46},"end":{"line":78,"column":47}},"loc":{"start":{"line":78,"column":51},"end":{"line":78,"column":69}},"line":78},"6":{"name":"(anonymous_6)","decl":{"start":{"line":96,"column":33},"end":{"line":96,"column":34}},"loc":{"start":{"line":96,"column":39},"end":{"line":96,"column":66}},"line":96},"7":{"name":"(anonymous_7)","decl":{"start":{"line":108,"column":33},"end":{"line":108,"column":34}},"loc":{"start":{"line":108,"column":39},"end":{"line":108,"column":61}},"line":108},"8":{"name":"(anonymous_8)","decl":{"start":{"line":153,"column":25},"end":{"line":153,"column":26}},"loc":{"start":{"line":153,"column":31},"end":{"line":156,"column":17}},"line":153}},"branchMap":{"0":{"loc":{"start":{"line":52,"column":20},"end":{"line":52,"column":39}},"type":"binary-expr","locations":[{"start":{"line":52,"column":20},"end":{"line":52,"column":34}},{"start":{"line":52,"column":38},"end":{"line":52,"column":39}}],"line":52},"1":{"loc":{"start":{"line":68,"column":11},"end":{"line":128,"column":11}},"type":"cond-expr","locations":[{"start":{"line":69,"column":12},"end":{"line":74,"column":19}},{"start":{"line":76,"column":12},"end":{"line":127,"column":15}}],"line":68},"2":{"loc":{"start":{"line":79,"column":16},"end":{"line":79,"column":42}},"type":"if","locations":[{"start":{"line":79,"column":16},"end":{"line":79,"column":42}},{"start":{},"end":{}}],"line":79},"3":{"loc":{"start":{"line":135,"column":22},"end":{"line":135,"column":63}},"type":"cond-expr","locations":[{"start":{"line":135,"column":47},"end":{"line":135,"column":53}},{"start":{"line":135,"column":56},"end":{"line":135,"column":63}}],"line":135}},"s":{"0":16,"1":16,"2":6,"3":16,"4":6,"5":8,"6":6,"7":16,"8":6,"9":8,"10":6,"11":0,"12":6,"13":1,"14":1,"15":1,"16":1,"17":17},"f":{"0":16,"1":6,"2":6,"3":8,"4":6,"5":8,"6":1,"7":1,"8":1},"b":{"0":[6,0],"1":[12,4],"2":[0,6],"3":[0,16]},"_coverageSchema":"1a1c01bbd47fc00a2c39e90264f33305004495a9","hash":"cc75ad5823a2c8485c6462ff009c425051949082"}
,"C:\\Users\\satis\\Desktop\\Workspace\\Mossombi\\components\\CheckoutModal.tsx": {"path":"C:\\Users\\satis\\Desktop\\Workspace\\Mossombi\\components\\CheckoutModal.tsx","statementMap":{"0":{"start":{"line":34,"column":34},"end":{"line":34,"column":44}},"1":{"start":{"line":35,"column":17},"end":{"line":35,"column":36}},"2":{"start":{"line":36,"column":44},"end":{"line":36,"column":84}},"3":{"start":{"line":37,"column":46},"end":{"line":37,"column":66}},"4":{"start":{"line":38,"column":40},"end":{"line":38,"column":75}},"5":{"start":{"line":39,"column":44},"end":{"line":44,"column":4}},"6":{"start":{"line":45,"column":40},"end":{"line":45,"column":93}},"7":{"start":{"line":46,"column":52},"end":{"line":46,"column":67}},"8":{"start":{"line":48,"column":20},"end":{"line":51,"column":20}},"9":{"start":{"line":49,"column":20},"end":{"line":49,"column":58}},"10":{"start":{"line":49,"column":39},"end":{"line":49,"column":57}},"11":{"start":{"line":50,"column":4},"end":{"line":50,"column":70}},"12":{"start":{"line":53,"column":19},"end":{"line":53,"column":91}},"13":{"start":{"line":53,"column":51},"end":{"line":53,"column":87}},"14":{"start":{"line":54,"column":22},"end":{"line":54,"column":61}},"15":{"start":{"line":55,"column":16},"end":{"line":55,"column":38}},"16":{"start":{"line":56,"column":28},"end":{"line":56,"column":48}},"17":{"start":{"line":58,"column":28},"end":{"line":71,"column":3}},"18":{"start":{"line":59,"column":4},"end":{"line":59,"column":31}},"19":{"start":{"line":60,"column":4},"end":{"line":70,"column":5}},"20":{"start":{"line":62,"column":6},"end":{"line":66,"column":15}},"21":{"start":{"line":63,"column":8},"end":{"line":63,"column":68}},"22":{"start":{"line":64,"column":8},"end":{"line":64,"column":67}},"23":{"start":{"line":65,"column":8},"end":{"line":65,"column":36}},"24":{"start":{"line":68,"column":6},"end":{"line":68,"column":69}},"25":{"start":{"line":69,"column":6},"end":{"line":69,"column":34}},"26":{"start":{"line":73,"column":28},"end":{"line":80,"column":3}},"27":{"start":{"line":74,"column":4},"end":{"line":79,"column":5}},"28":{"start":{"line":75,"column":6},"end":{"line":75,"column":25}},"29":{"start":{"line":77,"column":49},"end":{"line":77,"column":62}},"30":{"start":{"line":78,"column":6},"end":{"line":78,"column":98}},"31":{"start":{"line":82,"column":2},"end":{"line":451,"column":4}},"32":{"start":{"line":106,"column":14},"end":{"line":118,"column":21}},"33":{"start":{"line":159,"column":29},"end":{"line":159,"column":53}},"34":{"start":{"line":187,"column":29},"end":{"line":187,"column":60}},"35":{"start":{"line":226,"column":29},"end":{"line":226,"column":58}},"36":{"start":{"line":254,"column":29},"end":{"line":254,"column":57}},"37":{"start":{"line":295,"column":31},"end":{"line":295,"column":53}},"38":{"start":{"line":312,"column":31},"end":{"line":312,"column":55}},"39":{"start":{"line":357,"column":44},"end":{"line":357,"column":97}},"40":{"start":{"line":357,"column":70},"end":{"line":357,"column":95}},"41":{"start":{"line":371,"column":46},"end":{"line":371,"column":100}},"42":{"start":{"line":371,"column":72},"end":{"line":371,"column":98}},"43":{"start":{"line":384,"column":46},"end":{"line":384,"column":97}},"44":{"start":{"line":384,"column":72},"end":{"line":384,"column":95}},"45":{"start":{"line":398,"column":44},"end":{"line":398,"column":98}},"46":{"start":{"line":398,"column":70},"end":{"line":398,"column":96}},"47":{"start":{"line":439,"column":33},"end":{"line":439,"column":73}},"48":{"start":{"line":454,"column":15},"end":{"line":514,"column":2}}},"fnMap":{"0":{"name":"CheckoutModal","decl":{"start":{"line":27,"column":24},"end":{"line":27,"column":37}},"loc":{"start":{"line":33,"column":23},"end":{"line":452,"column":1}},"line":33},"1":{"name":"(anonymous_1)","decl":{"start":{"line":48,"column":42},"end":{"line":48,"column":43}},"loc":{"start":{"line":48,"column":55},"end":{"line":51,"column":3}},"line":48},"2":{"name":"(anonymous_2)","decl":{"start":{"line":49,"column":34},"end":{"line":49,"column":35}},"loc":{"start":{"line":49,"column":39},"end":{"line":49,"column":57}},"line":49},"3":{"name":"(anonymous_3)","decl":{"start":{"line":53,"column":36},"end":{"line":53,"column":37}},"loc":{"start":{"line":53,"column":51},"end":{"line":53,"column":87}},"line":53},"4":{"name":"(anonymous_4)","decl":{"start":{"line":58,"column":28},"end":{"line":58,"column":29}},"loc":{"start":{"line":58,"column":40},"end":{"line":71,"column":3}},"line":58},"5":{"name":"(anonymous_5)","decl":{"start":{"line":62,"column":17},"end":{"line":62,"column":18}},"loc":{"start":{"line":62,"column":23},"end":{"line":66,"column":7}},"line":62},"6":{"name":"(anonymous_6)","decl":{"start":{"line":73,"column":28},"end":{"line":73,"column":29}},"loc":{"start":{"line":73,"column":34},"end":{"line":80,"column":3}},"line":73},"7":{"name":"(anonymous_7)","decl":{"start":{"line":105,"column":27},"end":{"line":105,"column":28}},"loc":{"start":{"line":106,"column":14},"end":{"line":118,"column":21}},"line":106},"8":{"name":"(anonymous_8)","decl":{"start":{"line":159,"column":23},"end":{"line":159,"column":24}},"loc":{"start":{"line":159,"column":29},"end":{"line":159,"column":53}},"line":159},"9":{"name":"(anonymous_9)","decl":{"start":{"line":187,"column":23},"end":{"line":187,"column":24}},"loc":{"start":{"line":187,"column":29},"end":{"line":187,"column":60}},"line":187},"10":{"name":"(anonymous_10)","decl":{"start":{"line":226,"column":23},"end":{"line":226,"column":24}},"loc":{"start":{"line":226,"column":29},"end":{"line":226,"column":58}},"line":226},"11":{"name":"(anonymous_11)","decl":{"start":{"line":254,"column":23},"end":{"line":254,"column":24}},"loc":{"start":{"line":254,"column":29},"end":{"line":254,"column":57}},"line":254},"12":{"name":"(anonymous_12)","decl":{"start":{"line":295,"column":25},"end":{"line":295,"column":26}},"loc":{"start":{"line":295,"column":31},"end":{"line":295,"column":53}},"line":295},"13":{"name":"(anonymous_13)","decl":{"start":{"line":312,"column":25},"end":{"line":312,"column":26}},"loc":{"start":{"line":312,"column":31},"end":{"line":312,"column":55}},"line":312},"14":{"name":"(anonymous_14)","decl":{"start":{"line":357,"column":34},"end":{"line":357,"column":35}},"loc":{"start":{"line":357,"column":44},"end":{"line":357,"column":97}},"line":357},"15":{"name":"(anonymous_15)","decl":{"start":{"line":357,"column":61},"end":{"line":357,"column":62}},"loc":{"start":{"line":357,"column":70},"end":{"line":357,"column":95}},"line":357},"16":{"name":"(anonymous_16)","decl":{"start":{"line":371,"column":36},"end":{"line":371,"column":37}},"loc":{"start":{"line":371,"column":46},"end":{"line":371,"column":100}},"line":371},"17":{"name":"(anonymous_17)","decl":{"start":{"line":371,"column":63},"end":{"line":371,"column":64}},"loc":{"start":{"line":371,"column":72},"end":{"line":371,"column":98}},"line":371},"18":{"name":"(anonymous_18)","decl":{"start":{"line":384,"column":36},"end":{"line":384,"column":37}},"loc":{"start":{"line":384,"column":46},"end":{"line":384,"column":97}},"line":384},"19":{"name":"(anonymous_19)","decl":{"start":{"line":384,"column":63},"end":{"line":384,"column":64}},"loc":{"start":{"line":384,"column":72},"end":{"line":384,"column":95}},"line":384},"20":{"name":"(anonymous_20)","decl":{"start":{"line":398,"column":34},"end":{"line":398,"column":35}},"loc":{"start":{"line":398,"column":44},"end":{"line":398,"column":98}},"line":398},"21":{"name":"(anonymous_21)","decl":{"start":{"line":398,"column":61},"end":{"line":398,"column":62}},"loc":{"start":{"line":398,"column":70},"end":{"line":398,"column":96}},"line":398},"22":{"name":"(anonymous_22)","decl":{"start":{"line":439,"column":27},"end":{"line":439,"column":28}},"loc":{"start":{"line":439,"column":33},"end":{"line":439,"column":73}},"line":439}},"branchMap":{"0":{"loc":{"start":{"line":50,"column":11},"end":{"line":50,"column":69}},"type":"cond-expr","locations":[{"start":{"line":50,"column":21},"end":{"line":50,"column":62}},{"start":{"line":50,"column":65},"end":{"line":50,"column":69}}],"line":50},"1":{"loc":{"start":{"line":54,"column":22},"end":{"line":54,"column":61}},"type":"cond-expr","locations":[{"start":{"line":54,"column":53},"end":{"line":54,"column":57}},{"start":{"line":54,"column":60},"end":{"line":54,"column":61}}],"line":54},"2":{"loc":{"start":{"line":74,"column":4},"end":{"line":79,"column":5}},"type":"if","locations":[{"start":{"line":74,"column":4},"end":{"line":79,"column":5}},{"start":{"line":76,"column":11},"end":{"line":79,"column":5}}],"line":74},"3":{"loc":{"start":{"line":78,"column":25},"end":{"line":78,"column":54}},"type":"cond-expr","locations":[{"start":{"line":78,"column":35},"end":{"line":78,"column":49}},{"start":{"line":78,"column":52},"end":{"line":78,"column":54}}],"line":78},"4":{"loc":{"start":{"line":78,"column":66},"end":{"line":78,"column":95}},"type":"cond-expr","locations":[{"start":{"line":78,"column":76},"end":{"line":78,"column":90}},{"start":{"line":78,"column":93},"end":{"line":78,"column":95}}],"line":78},"5":{"loc":{"start":{"line":130,"column":13},"end":{"line":137,"column":13}},"type":"binary-expr","locations":[{"start":{"line":130,"column":13},"end":{"line":130,"column":28}},{"start":{"line":131,"column":14},"end":{"line":136,"column":21}}],"line":130},"6":{"loc":{"start":{"line":163,"column":35},"end":{"line":163,"column":100}},"type":"cond-expr","locations":[{"start":{"line":163,"column":62},"end":{"line":163,"column":83}},{"start":{"line":163,"column":86},"end":{"line":163,"column":100}}],"line":163},"7":{"loc":{"start":{"line":164,"column":31},"end":{"line":164,"column":88}},"type":"cond-expr","locations":[{"start":{"line":164,"column":58},"end":{"line":164,"column":72}},{"start":{"line":164,"column":75},"end":{"line":164,"column":88}}],"line":164},"8":{"loc":{"start":{"line":171,"column":41},"end":{"line":171,"column":105}},"type":"cond-expr","locations":[{"start":{"line":171,"column":68},"end":{"line":171,"column":82}},{"start":{"line":171,"column":85},"end":{"line":171,"column":105}}],"line":171},"9":{"loc":{"start":{"line":180,"column":59},"end":{"line":180,"column":116}},"type":"cond-expr","locations":[{"start":{"line":180,"column":86},"end":{"line":180,"column":100}},{"start":{"line":180,"column":103},"end":{"line":180,"column":116}}],"line":180},"10":{"loc":{"start":{"line":181,"column":19},"end":{"line":181,"column":120}},"type":"binary-expr","locations":[{"start":{"line":181,"column":19},"end":{"line":181,"column":43}},{"start":{"line":181,"column":47},"end":{"line":181,"column":120}}],"line":181},"11":{"loc":{"start":{"line":191,"column":35},"end":{"line":191,"column":107}},"type":"cond-expr","locations":[{"start":{"line":191,"column":69},"end":{"line":191,"column":90}},{"start":{"line":191,"column":93},"end":{"line":191,"column":107}}],"line":191},"12":{"loc":{"start":{"line":192,"column":31},"end":{"line":192,"column":95}},"type":"cond-expr","locations":[{"start":{"line":192,"column":65},"end":{"line":192,"column":79}},{"start":{"line":192,"column":82},"end":{"line":192,"column":95}}],"line":192},"13":{"loc":{"start":{"line":200,"column":43},"end":{"line":200,"column":114}},"type":"cond-expr","locations":[{"start":{"line":200,"column":77},"end":{"line":200,"column":91}},{"start":{"line":200,"column":94},"end":{"line":200,"column":114}}],"line":200},"14":{"loc":{"start":{"line":209,"column":59},"end":{"line":209,"column":123}},"type":"cond-expr","locations":[{"start":{"line":209,"column":93},"end":{"line":209,"column":107}},{"start":{"line":209,"column":110},"end":{"line":209,"column":123}}],"line":209},"15":{"loc":{"start":{"line":210,"column":19},"end":{"line":210,"column":127}},"type":"binary-expr","locations":[{"start":{"line":210,"column":19},"end":{"line":210,"column":50}},{"start":{"line":210,"column":54},"end":{"line":210,"column":127}}],"line":210},"16":{"loc":{"start":{"line":230,"column":35},"end":{"line":230,"column":105}},"type":"cond-expr","locations":[{"start":{"line":230,"column":67},"end":{"line":230,"column":88}},{"start":{"line":230,"column":91},"end":{"line":230,"column":105}}],"line":230},"17":{"loc":{"start":{"line":231,"column":31},"end":{"line":231,"column":93}},"type":"cond-expr","locations":[{"start":{"line":231,"column":63},"end":{"line":231,"column":77}},{"start":{"line":231,"column":80},"end":{"line":231,"column":93}}],"line":231},"18":{"loc":{"start":{"line":238,"column":40},"end":{"line":238,"column":109}},"type":"cond-expr","locations":[{"start":{"line":238,"column":72},"end":{"line":238,"column":86}},{"start":{"line":238,"column":89},"end":{"line":238,"column":109}}],"line":238},"19":{"loc":{"start":{"line":247,"column":59},"end":{"line":247,"column":121}},"type":"cond-expr","locations":[{"start":{"line":247,"column":91},"end":{"line":247,"column":105}},{"start":{"line":247,"column":108},"end":{"line":247,"column":121}}],"line":247},"20":{"loc":{"start":{"line":248,"column":19},"end":{"line":248,"column":125}},"type":"binary-expr","locations":[{"start":{"line":248,"column":19},"end":{"line":248,"column":48}},{"start":{"line":248,"column":52},"end":{"line":248,"column":125}}],"line":248},"21":{"loc":{"start":{"line":258,"column":35},"end":{"line":258,"column":104}},"type":"cond-expr","locations":[{"start":{"line":258,"column":66},"end":{"line":258,"column":87}},{"start":{"line":258,"column":90},"end":{"line":258,"column":104}}],"line":258},"22":{"loc":{"start":{"line":259,"column":31},"end":{"line":259,"column":92}},"type":"cond-expr","locations":[{"start":{"line":259,"column":62},"end":{"line":259,"column":76}},{"start":{"line":259,"column":79},"end":{"line":259,"column":92}}],"line":259},"23":{"loc":{"start":{"line":267,"column":40},"end":{"line":267,"column":108}},"type":"cond-expr","locations":[{"start":{"line":267,"column":71},"end":{"line":267,"column":85}},{"start":{"line":267,"column":88},"end":{"line":267,"column":108}}],"line":267},"24":{"loc":{"start":{"line":276,"column":59},"end":{"line":276,"column":120}},"type":"cond-expr","locations":[{"start":{"line":276,"column":90},"end":{"line":276,"column":104}},{"start":{"line":276,"column":107},"end":{"line":276,"column":120}}],"line":276},"25":{"loc":{"start":{"line":277,"column":19},"end":{"line":277,"column":124}},"type":"binary-expr","locations":[{"start":{"line":277,"column":19},"end":{"line":277,"column":47}},{"start":{"line":277,"column":51},"end":{"line":277,"column":124}}],"line":277},"26":{"loc":{"start":{"line":299,"column":37},"end":{"line":299,"column":93}},"type":"cond-expr","locations":[{"start":{"line":299,"column":62},"end":{"line":299,"column":76}},{"start":{"line":299,"column":79},"end":{"line":299,"column":93}}],"line":299},"27":{"loc":{"start":{"line":305,"column":45},"end":{"line":305,"column":102}},"type":"cond-expr","locations":[{"start":{"line":305,"column":70},"end":{"line":305,"column":79}},{"start":{"line":305,"column":82},"end":{"line":305,"column":102}}],"line":305},"28":{"loc":{"start":{"line":306,"column":63},"end":{"line":306,"column":111}},"type":"cond-expr","locations":[{"start":{"line":306,"column":88},"end":{"line":306,"column":97}},{"start":{"line":306,"column":100},"end":{"line":306,"column":111}}],"line":306},"29":{"loc":{"start":{"line":316,"column":37},"end":{"line":316,"column":95}},"type":"cond-expr","locations":[{"start":{"line":316,"column":64},"end":{"line":316,"column":78}},{"start":{"line":316,"column":81},"end":{"line":316,"column":95}}],"line":316},"30":{"loc":{"start":{"line":322,"column":40},"end":{"line":322,"column":99}},"type":"cond-expr","locations":[{"start":{"line":322,"column":67},"end":{"line":322,"column":76}},{"start":{"line":322,"column":79},"end":{"line":322,"column":99}}],"line":322},"31":{"loc":{"start":{"line":323,"column":63},"end":{"line":323,"column":113}},"type":"cond-expr","locations":[{"start":{"line":323,"column":90},"end":{"line":323,"column":99}},{"start":{"line":323,"column":102},"end":{"line":323,"column":113}}],"line":323},"32":{"loc":{"start":{"line":330,"column":13},"end":{"line":407,"column":13}},"type":"cond-expr","locations":[{"start":{"line":331,"column":14},"end":{"line":347,"column":21}},{"start":{"line":350,"column":14},"end":{"line":406,"column":21}}],"line":330},"33":{"loc":{"start":{"line":339,"column":25},"end":{"line":339,"column":84}},"type":"cond-expr","locations":[{"start":{"line":339,"column":45},"end":{"line":339,"column":59}},{"start":{"line":339,"column":62},"end":{"line":339,"column":84}}],"line":339},"34":{"loc":{"start":{"line":416,"column":18},"end":{"line":416,"column":59}},"type":"cond-expr","locations":[{"start":{"line":416,"column":43},"end":{"line":416,"column":49}},{"start":{"line":416,"column":52},"end":{"line":416,"column":59}}],"line":416}},"s":{"0":39,"1":39,"2":39,"3":39,"4":39,"5":39,"6":39,"7":39,"8":39,"9":29,"10":29,"11":29,"12":39,"13":29,"14":39,"15":39,"16":39,"17":39,"18":1,"19":1,"20":1,"21":1,"22":1,"23":1,"24":0,"25":0,"26":39,"27":0,"28":0,"29":0,"30":0,"31":39,"32":29,"33":0,"34":2,"35":0,"36":2,"37":0,"38":1,"39":1,"40":1,"41":1,"42":1,"43":1,"44":1,"45":1,"46":1,"47":4,"48":18},"f":{"0":39,"1":29,"2":29,"3":29,"4":1,"5":1,"6":0,"7":29,"8":0,"9":2,"10":0,"11":2,"12":0,"13":1,"14":1,"15":1,"16":1,"17":1,"18":1,"19":1,"20":1,"21":1,"22":4},"b":{"0":[29,0],"1":[2,37],"2":[0,0],"3":[0,0],"4":[0,0],"5":[39,2],"6":[35,4],"7":[35,4],"8":[35,4],"9":[35,4],"10":[39,35],"11":[4,35],"12":[4,35],"13":[4,35],"14":[4,35],"15":[39,4],"16":[37,2],"17":[37,2],"18":[37,2],"19":[37,2],"20":[39,37],"21":[2,37],"22":[2,37],"23":[2,37],"24":[2,37],"25":[39,2],"26":[34,5],"27":[34,5],"28":[34,5],"29":[5,34],"30":[5,34],"31":[5,34],"32":[34,5],"33":[1,33],"34":[0,39]},"_coverageSchema":"1a1c01bbd47fc00a2c39e90264f33305004495a9","hash":"fd60ebf460d8229fed6f5648a99c3baabb2acb17"}
,"C:\\Users\\satis\\Desktop\\Workspace\\Mossombi\\components\\HeaderWithBackButton.tsx": {"path":"C:\\Users\\satis\\Desktop\\Workspace\\Mossombi\\components\\HeaderWithBackButton.tsx","statementMap":{"0":{"start":{"line":33,"column":21},"end":{"line":33,"column":31}},"1":{"start":{"line":34,"column":17},"end":{"line":34,"column":28}},"2":{"start":{"line":35,"column":17},"end":{"line":35,"column":36}},"3":{"start":{"line":37,"column":21},"end":{"line":43,"column":3}},"4":{"start":{"line":38,"column":4},"end":{"line":42,"column":5}},"5":{"start":{"line":39,"column":6},"end":{"line":39,"column":15}},"6":{"start":{"line":41,"column":6},"end":{"line":41,"column":20}},"7":{"start":{"line":46,"column":2},"end":{"line":85,"column":3}},"8":{"start":{"line":47,"column":4},"end":{"line":84,"column":6}},"9":{"start":{"line":61,"column":36},"end":{"line":66,"column":14}},"10":{"start":{"line":88,"column":2},"end":{"line":116,"column":4}},"11":{"start":{"line":94,"column":10},"end":{"line":102,"column":22}},"12":{"start":{"line":96,"column":36},"end":{"line":99,"column":14}},"13":{"start":{"line":104,"column":41},"end":{"line":104,"column":52}}},"fnMap":{"0":{"name":"HeaderWithBackButton","decl":{"start":{"line":32,"column":24},"end":{"line":32,"column":44}},"loc":{"start":{"line":32,"column":104},"end":{"line":117,"column":1}},"line":32},"1":{"name":"(anonymous_1)","decl":{"start":{"line":37,"column":21},"end":{"line":37,"column":22}},"loc":{"start":{"line":37,"column":27},"end":{"line":43,"column":3}},"line":37},"2":{"name":"(anonymous_2)","decl":{"start":{"line":61,"column":19},"end":{"line":61,"column":20}},"loc":{"start":{"line":61,"column":36},"end":{"line":66,"column":14}},"line":61},"3":{"name":"(anonymous_3)","decl":{"start":{"line":93,"column":20},"end":{"line":93,"column":21}},"loc":{"start":{"line":94,"column":10},"end":{"line":102,"column":22}},"line":94},"4":{"name":"(anonymous_4)","decl":{"start":{"line":96,"column":19},"end":{"line":96,"column":20}},"loc":{"start":{"line":96,"column":36},"end":{"line":99,"column":14}},"line":96},"5":{"name":"(anonymous_5)","decl":{"start":{"line":104,"column":35},"end":{"line":104,"column":36}},"loc":{"start":{"line":104,"column":41},"end":{"line":104,"column":52}},"line":104}},"branchMap":{"0":{"loc":{"start":{"line":38,"column":4},"end":{"line":42,"column":5}},"type":"if","locations":[{"start":{"line":38,"column":4},"end":{"line":42,"column":5}},{"start":{"line":40,"column":11},"end":{"line":42,"column":5}}],"line":38},"1":{"loc":{"start":{"line":46,"column":2},"end":{"line":85,"column":3}},"type":"if","locations":[{"start":{"line":46,"column":2},"end":{"line":85,"column":3}},{"start":{},"end":{}}],"line":46},"2":{"loc":{"start":{"line":62,"column":23},"end":{"line":62,"column":40}},"type":"cond-expr","locations":[{"start":{"line":62,"column":33},"end":{"line":62,"column":36}},{"start":{"line":62,"column":39},"end":{"line":62,"column":40}}],"line":62},"3":{"loc":{"start":{"line":77,"column":11},"end":{"line":81,"column":11}},"type":"binary-expr","locations":[{"start":{"line":77,"column":11},"end":{"line":77,"column":22}},{"start":{"line":78,"column":12},"end":{"line":80,"column":19}}],"line":77},"4":{"loc":{"start":{"line":97,"column":23},"end":{"line":97,"column":40}},"type":"cond-expr","locations":[{"start":{"line":97,"column":33},"end":{"line":97,"column":36}},{"start":{"line":97,"column":39},"end":{"line":97,"column":40}}],"line":97},"5":{"loc":{"start":{"line":104,"column":21},"end":{"line":104,"column":64}},"type":"cond-expr","locations":[{"start":{"line":104,"column":35},"end":{"line":104,"column":52}},{"start":{"line":104,"column":55},"end":{"line":104,"column":64}}],"line":104}},"s":{"0":46,"1":46,"2":46,"3":46,"4":2,"5":1,"6":1,"7":46,"8":2,"9":2,"10":44,"11":1,"12":0,"13":0},"f":{"0":46,"1":2,"2":2,"3":1,"4":0,"5":0},"b":{"0":[1,1],"1":[2,44],"2":[0,2],"3":[2,2],"4":[0,0],"5":[22,22]},"_coverageSchema":"1a1c01bbd47fc00a2c39e90264f33305004495a9","hash":"ee463e207317c971749618dae686f5e7846a12f2"}
,"C:\\Users\\satis\\Desktop\\Workspace\\Mossombi\\components\\Input.tsx": {"path":"C:\\Users\\satis\\Desktop\\Workspace\\Mossombi\\components\\Input.tsx","statementMap":{"0":{"start":{"line":48,"column":21},"end":{"line":48,"column":31}},"1":{"start":{"line":49,"column":36},"end":{"line":49,"column":51}},"2":{"start":{"line":52,"column":25},"end":{"line":65,"column":3}},"3":{"start":{"line":53,"column":4},"end":{"line":53,"column":26}},"4":{"start":{"line":53,"column":14},"end":{"line":53,"column":26}},"5":{"start":{"line":55,"column":4},"end":{"line":64,"column":5}},"6":{"start":{"line":57,"column":8},"end":{"line":57,"column":65}},"7":{"start":{"line":59,"column":8},"end":{"line":59,"column":67}},"8":{"start":{"line":61,"column":8},"end":{"line":61,"column":64}},"9":{"start":{"line":63,"column":8},"end":{"line":63,"column":20}},"10":{"start":{"line":68,"column":26},"end":{"line":99,"column":3}},"11":{"start":{"line":69,"column":4},"end":{"line":98,"column":5}},"12":{"start":{"line":71,"column":8},"end":{"line":75,"column":10}},"13":{"start":{"line":77,"column":8},"end":{"line":79,"column":10}},"14":{"start":{"line":81,"column":8},"end":{"line":84,"column":10}},"15":{"start":{"line":86,"column":8},"end":{"line":89,"column":10}},"16":{"start":{"line":91,"column":8},"end":{"line":95,"column":10}},"17":{"start":{"line":97,"column":8},"end":{"line":97,"column":18}},"18":{"start":{"line":101,"column":22},"end":{"line":101,"column":38}},"19":{"start":{"line":102,"column":23},"end":{"line":102,"column":40}},"20":{"start":{"line":103,"column":21},"end":{"line":103,"column":56}},"21":{"start":{"line":105,"column":2},"end":{"line":182,"column":4}},"22":{"start":{"line":154,"column":25},"end":{"line":154,"column":43}},"23":{"start":{"line":155,"column":24},"end":{"line":155,"column":43}},"24":{"start":{"line":185,"column":15},"end":{"line":216,"column":2}}},"fnMap":{"0":{"name":"Input","decl":{"start":{"line":36,"column":24},"end":{"line":36,"column":29}},"loc":{"start":{"line":47,"column":15},"end":{"line":183,"column":1}},"line":47},"1":{"name":"(anonymous_1)","decl":{"start":{"line":52,"column":25},"end":{"line":52,"column":26}},"loc":{"start":{"line":52,"column":31},"end":{"line":65,"column":3}},"line":52},"2":{"name":"(anonymous_2)","decl":{"start":{"line":68,"column":26},"end":{"line":68,"column":27}},"loc":{"start":{"line":68,"column":57},"end":{"line":99,"column":3}},"line":68},"3":{"name":"(anonymous_3)","decl":{"start":{"line":154,"column":19},"end":{"line":154,"column":20}},"loc":{"start":{"line":154,"column":25},"end":{"line":154,"column":43}},"line":154},"4":{"name":"(anonymous_4)","decl":{"start":{"line":155,"column":18},"end":{"line":155,"column":19}},"loc":{"start":{"line":155,"column":24},"end":{"line":155,"column":43}},"line":155}},"branchMap":{"0":{"loc":{"start":{"line":42,"column":2},"end":{"line":42,"column":21}},"type":"default-arg","locations":[{"start":{"line":42,"column":12},"end":{"line":42,"column":21}}],"line":42},"1":{"loc":{"start":{"line":43,"column":2},"end":{"line":43,"column":18}},"type":"default-arg","locations":[{"start":{"line":43,"column":13},"end":{"line":43,"column":18}}],"line":43},"2":{"loc":{"start":{"line":53,"column":4},"end":{"line":53,"column":26}},"type":"if","locations":[{"start":{"line":53,"column":4},"end":{"line":53,"column":26}},{"start":{},"end":{}}],"line":53},"3":{"loc":{"start":{"line":55,"column":4},"end":{"line":64,"column":5}},"type":"switch","locations":[{"start":{"line":56,"column":6},"end":{"line":57,"column":65}},{"start":{"line":58,"column":6},"end":{"line":59,"column":67}},{"start":{"line":60,"column":6},"end":{"line":61,"column":64}},{"start":{"line":62,"column":6},"end":{"line":63,"column":20}}],"line":55},"4":{"loc":{"start":{"line":69,"column":4},"end":{"line":98,"column":5}},"type":"switch","locations":[{"start":{"line":70,"column":6},"end":{"line":75,"column":10}},{"start":{"line":76,"column":6},"end":{"line":79,"column":10}},{"start":{"line":80,"column":6},"end":{"line":84,"column":10}},{"start":{"line":85,"column":6},"end":{"line":89,"column":10}},{"start":{"line":90,"column":6},"end":{"line":95,"column":10}},{"start":{"line":96,"column":6},"end":{"line":97,"column":18}}],"line":69},"5":{"loc":{"start":{"line":88,"column":23},"end":{"line":88,"column":56}},"type":"binary-expr","locations":[{"start":{"line":88,"column":23},"end":{"line":88,"column":40}},{"start":{"line":88,"column":44},"end":{"line":88,"column":56}}],"line":88},"6":{"loc":{"start":{"line":103,"column":21},"end":{"line":103,"column":56}},"type":"binary-expr","locations":[{"start":{"line":103,"column":21},"end":{"line":103,"column":43}},{"start":{"line":103,"column":47},"end":{"line":103,"column":56}}],"line":103},"7":{"loc":{"start":{"line":107,"column":7},"end":{"line":122,"column":7}},"type":"binary-expr","locations":[{"start":{"line":107,"column":7},"end":{"line":107,"column":12}},{"start":{"line":108,"column":8},"end":{"line":121,"column":15}}],"line":107},"8":{"loc":{"start":{"line":120,"column":11},"end":{"line":120,"column":70}},"type":"binary-expr","locations":[{"start":{"line":120,"column":11},"end":{"line":120,"column":19}},{"start":{"line":120,"column":23},"end":{"line":120,"column":70}}],"line":120},"9":{"loc":{"start":{"line":127,"column":10},"end":{"line":127,"column":48}},"type":"binary-expr","locations":[{"start":{"line":127,"column":10},"end":{"line":127,"column":20}},{"start":{"line":127,"column":24},"end":{"line":127,"column":48}}],"line":127},"10":{"loc":{"start":{"line":130,"column":25},"end":{"line":130,"column":90}},"type":"cond-expr","locations":[{"start":{"line":130,"column":33},"end":{"line":130,"column":45}},{"start":{"line":130,"column":48},"end":{"line":130,"column":90}}],"line":130},"11":{"loc":{"start":{"line":130,"column":48},"end":{"line":130,"column":90}},"type":"cond-expr","locations":[{"start":{"line":130,"column":60},"end":{"line":130,"column":74}},{"start":{"line":130,"column":77},"end":{"line":130,"column":90}}],"line":130},"12":{"loc":{"start":{"line":131,"column":25},"end":{"line":131,"column":42}},"type":"cond-expr","locations":[{"start":{"line":131,"column":37},"end":{"line":131,"column":38}},{"start":{"line":131,"column":41},"end":{"line":131,"column":42}}],"line":131},"13":{"loc":{"start":{"line":137,"column":9},"end":{"line":141,"column":9}},"type":"binary-expr","locations":[{"start":{"line":137,"column":9},"end":{"line":137,"column":20}},{"start":{"line":138,"column":10},"end":{"line":140,"column":17}}],"line":137},"14":{"loc":{"start":{"line":138,"column":46},"end":{"line":138,"column":74}},"type":"binary-expr","locations":[{"start":{"line":138,"column":46},"end":{"line":138,"column":56}},{"start":{"line":138,"column":60},"end":{"line":138,"column":74}}],"line":138},"15":{"loc":{"start":{"line":146,"column":12},"end":{"line":146,"column":41}},"type":"binary-expr","locations":[{"start":{"line":146,"column":12},"end":{"line":146,"column":22}},{"start":{"line":146,"column":26},"end":{"line":146,"column":41}}],"line":146},"16":{"loc":{"start":{"line":160,"column":9},"end":{"line":164,"column":9}},"type":"binary-expr","locations":[{"start":{"line":160,"column":9},"end":{"line":160,"column":18}},{"start":{"line":161,"column":10},"end":{"line":163,"column":17}}],"line":160},"17":{"loc":{"start":{"line":161,"column":46},"end":{"line":161,"column":74}},"type":"binary-expr","locations":[{"start":{"line":161,"column":46},"end":{"line":161,"column":56}},{"start":{"line":161,"column":60},"end":{"line":161,"column":74}}],"line":161},"18":{"loc":{"start":{"line":167,"column":7},"end":{"line":180,"column":7}},"type":"binary-expr","locations":[{"start":{"line":167,"column":8},"end":{"line":167,"column":13}},{"start":{"line":167,"column":17},"end":{"line":167,"column":27}},{"start":{"line":168,"column":8},"end":{"line":179,"column":15}}],"line":167},"19":{"loc":{"start":{"line":172,"column":21},"end":{"line":172,"column":64}},"type":"cond-expr","locations":[{"start":{"line":172,"column":29},"end":{"line":172,"column":41}},{"start":{"line":172,"column":44},"end":{"line":172,"column":64}}],"line":172},"20":{"loc":{"start":{"line":178,"column":11},"end":{"line":178,"column":30}},"type":"binary-expr","locations":[{"start":{"line":178,"column":11},"end":{"line":178,"column":16}},{"start":{"line":178,"column":20},"end":{"line":178,"column":30}}],"line":178}},"s":{"0":26,"1":26,"2":26,"3":26,"4":0,"5":26,"6":4,"7":2,"8":2,"9":18,"10":26,"11":26,"12":4,"13":2,"14":2,"15":2,"16":2,"17":14,"18":26,"19":26,"20":26,"21":26,"22":1,"23":1,"24":22},"f":{"0":26,"1":26,"2":26,"3":1,"4":1},"b":{"0":[8],"1":[24],"2":[0,26],"3":[4,2,2,18],"4":[4,2,2,2,2,14],"5":[2,2],"6":[26,24],"7":[26,16],"8":[16,2],"9":[26,2],"10":[2,24],"11":[1,23],"12":[1,25],"13":[26,8],"14":[8,0],"15":[26,2],"16":[26,0],"17":[0,0],"18":[26,24,4],"19":[2,2],"20":[4,2]},"_coverageSchema":"1a1c01bbd47fc00a2c39e90264f33305004495a9","hash":"17323018b97f98530c9866806698ff873b6297d0"}
,"C:\\Users\\satis\\Desktop\\Workspace\\Mossombi\\components\\NativeAd.tsx": {"path":"C:\\Users\\satis\\Desktop\\Workspace\\Mossombi\\components\\NativeAd.tsx","statementMap":{"0":{"start":{"line":26,"column":21},"end":{"line":26,"column":31}},"1":{"start":{"line":28,"column":2},"end":{"line":74,"column":4}},"2":{"start":{"line":62,"column":36},"end":{"line":65,"column":13}},"3":{"start":{"line":77,"column":15},"end":{"line":110,"column":2}}},"fnMap":{"0":{"name":"NativeAd","decl":{"start":{"line":18,"column":24},"end":{"line":18,"column":32}},"loc":{"start":{"line":25,"column":18},"end":{"line":75,"column":1}},"line":25},"1":{"name":"(anonymous_1)","decl":{"start":{"line":62,"column":19},"end":{"line":62,"column":20}},"loc":{"start":{"line":62,"column":36},"end":{"line":65,"column":13}},"line":62}},"branchMap":{"0":{"loc":{"start":{"line":23,"column":2},"end":{"line":23,"column":23}},"type":"default-arg","locations":[{"start":{"line":23,"column":12},"end":{"line":23,"column":23}}],"line":23},"1":{"loc":{"start":{"line":51,"column":11},"end":{"line":58,"column":11}},"type":"binary-expr","locations":[{"start":{"line":51,"column":11},"end":{"line":51,"column":17}},{"start":{"line":52,"column":12},"end":{"line":57,"column":19}}],"line":51},"2":{"loc":{"start":{"line":64,"column":58},"end":{"line":64,"column":75}},"type":"cond-expr","locations":[{"start":{"line":64,"column":68},"end":{"line":64,"column":71}},{"start":{"line":64,"column":74},"end":{"line":64,"column":75}}],"line":64}},"s":{"0":2,"1":2,"2":2,"3":1},"f":{"0":2,"1":2},"b":{"0":[2],"1":[2,2],"2":[0,2]},"_coverageSchema":"1a1c01bbd47fc00a2c39e90264f33305004495a9","hash":"afaf555613fbf5ed7a576e7b0839d4e286ac53db"}
,"C:\\Users\\satis\\Desktop\\Workspace\\Mossombi\\components\\PopupAd.tsx": {"path":"C:\\Users\\satis\\Desktop\\Workspace\\Mossombi\\components\\PopupAd.tsx","statementMap":{"0":{"start":{"line":8,"column":18},"end":{"line":8,"column":42}},"1":{"start":{"line":27,"column":21},"end":{"line":27,"column":31}},"2":{"start":{"line":29,"column":2},"end":{"line":98,"column":4}},"3":{"start":{"line":46,"column":38},"end":{"line":49,"column":15}},"4":{"start":{"line":66,"column":42},"end":{"line":70,"column":19}},"5":{"start":{"line":79,"column":20},"end":{"line":79,"column":30}},"6":{"start":{"line":80,"column":20},"end":{"line":80,"column":30}},"7":{"start":{"line":82,"column":42},"end":{"line":86,"column":19}},"8":{"start":{"line":101,"column":15},"end":{"line":151,"column":2}}},"fnMap":{"0":{"name":"PopupAd","decl":{"start":{"line":19,"column":24},"end":{"line":19,"column":31}},"loc":{"start":{"line":26,"column":17},"end":{"line":99,"column":1}},"line":26},"1":{"name":"(anonymous_1)","decl":{"start":{"line":46,"column":21},"end":{"line":46,"column":22}},"loc":{"start":{"line":46,"column":38},"end":{"line":49,"column":15}},"line":46},"2":{"name":"(anonymous_2)","decl":{"start":{"line":66,"column":25},"end":{"line":66,"column":26}},"loc":{"start":{"line":66,"column":42},"end":{"line":70,"column":19}},"line":66},"3":{"name":"(anonymous_3)","decl":{"start":{"line":78,"column":27},"end":{"line":78,"column":28}},"loc":{"start":{"line":78,"column":33},"end":{"line":81,"column":19}},"line":78},"4":{"name":"(anonymous_4)","decl":{"start":{"line":82,"column":25},"end":{"line":82,"column":26}},"loc":{"start":{"line":82,"column":42},"end":{"line":86,"column":19}},"line":82}},"branchMap":{"0":{"loc":{"start":{"line":23,"column":2},"end":{"line":23,"column":23}},"type":"default-arg","locations":[{"start":{"line":23,"column":12},"end":{"line":23,"column":23}}],"line":23},"1":{"loc":{"start":{"line":48,"column":27},"end":{"line":48,"column":44}},"type":"cond-expr","locations":[{"start":{"line":48,"column":37},"end":{"line":48,"column":40}},{"start":{"line":48,"column":43},"end":{"line":48,"column":44}}],"line":48},"2":{"loc":{"start":{"line":69,"column":76},"end":{"line":69,"column":93}},"type":"cond-expr","locations":[{"start":{"line":69,"column":86},"end":{"line":69,"column":89}},{"start":{"line":69,"column":92},"end":{"line":69,"column":93}}],"line":69},"3":{"loc":{"start":{"line":85,"column":59},"end":{"line":85,"column":76}},"type":"cond-expr","locations":[{"start":{"line":85,"column":69},"end":{"line":85,"column":72}},{"start":{"line":85,"column":75},"end":{"line":85,"column":76}}],"line":85}},"s":{"0":1,"1":4,"2":4,"3":4,"4":4,"5":1,"6":1,"7":4,"8":1},"f":{"0":4,"1":4,"2":4,"3":1,"4":4},"b":{"0":[4],"1":[0,4],"2":[0,4],"3":[0,4]},"_coverageSchema":"1a1c01bbd47fc00a2c39e90264f33305004495a9","hash":"c8f56a6202fc73416ca3b0c148818c20df16bbcb"}
,"C:\\Users\\satis\\Desktop\\Workspace\\Mossombi\\components\\ProductDetailModal.tsx": {"path":"C:\\Users\\satis\\Desktop\\Workspace\\Mossombi\\components\\ProductDetailModal.tsx","statementMap":{"0":{"start":{"line":38,"column":21},"end":{"line":38,"column":31}},"1":{"start":{"line":39,"column":17},"end":{"line":39,"column":36}},"2":{"start":{"line":41,"column":2},"end":{"line":41,"column":28}},"3":{"start":{"line":41,"column":16},"end":{"line":41,"column":28}},"4":{"start":{"line":43,"column":19},"end":{"line":45,"column":7}},"5":{"start":{"line":47,"column":2},"end":{"line":181,"column":4}},"6":{"start":{"line":56,"column":65},"end":{"line":56,"column":117}},"7":{"start":{"line":135,"column":18},"end":{"line":140,"column":25}},"8":{"start":{"line":169,"column":14},"end":{"line":169,"column":38}},"9":{"start":{"line":170,"column":14},"end":{"line":170,"column":24}},"10":{"start":{"line":184,"column":15},"end":{"line":217,"column":2}}},"fnMap":{"0":{"name":"ProductDetailModal","decl":{"start":{"line":30,"column":24},"end":{"line":30,"column":42}},"loc":{"start":{"line":37,"column":28},"end":{"line":182,"column":1}},"line":37},"1":{"name":"(anonymous_1)","decl":{"start":{"line":56,"column":48},"end":{"line":56,"column":49}},"loc":{"start":{"line":56,"column":65},"end":{"line":56,"column":117}},"line":56},"2":{"name":"(anonymous_2)","decl":{"start":{"line":134,"column":108},"end":{"line":134,"column":109}},"loc":{"start":{"line":135,"column":18},"end":{"line":140,"column":25}},"line":135},"3":{"name":"(anonymous_3)","decl":{"start":{"line":168,"column":21},"end":{"line":168,"column":22}},"loc":{"start":{"line":168,"column":27},"end":{"line":171,"column":13}},"line":168}},"branchMap":{"0":{"loc":{"start":{"line":36,"column":2},"end":{"line":36,"column":14}},"type":"default-arg","locations":[{"start":{"line":36,"column":13},"end":{"line":36,"column":14}}],"line":36},"1":{"loc":{"start":{"line":41,"column":2},"end":{"line":41,"column":28}},"type":"if","locations":[{"start":{"line":41,"column":2},"end":{"line":41,"column":28}},{"start":{},"end":{}}],"line":41},"2":{"loc":{"start":{"line":43,"column":19},"end":{"line":45,"column":7}},"type":"cond-expr","locations":[{"start":{"line":44,"column":6},"end":{"line":44,"column":68}},{"start":{"line":45,"column":6},"end":{"line":45,"column":7}}],"line":43},"3":{"loc":{"start":{"line":56,"column":97},"end":{"line":56,"column":114}},"type":"cond-expr","locations":[{"start":{"line":56,"column":107},"end":{"line":56,"column":110}},{"start":{"line":56,"column":113},"end":{"line":56,"column":114}}],"line":56},"4":{"loc":{"start":{"line":66,"column":13},"end":{"line":72,"column":13}},"type":"binary-expr","locations":[{"start":{"line":66,"column":13},"end":{"line":66,"column":25}},{"start":{"line":67,"column":14},"end":{"line":71,"column":21}}],"line":66},"5":{"loc":{"start":{"line":103,"column":15},"end":{"line":107,"column":15}},"type":"binary-expr","locations":[{"start":{"line":103,"column":15},"end":{"line":103,"column":37}},{"start":{"line":104,"column":16},"end":{"line":106,"column":23}}],"line":103},"6":{"loc":{"start":{"line":111,"column":64},"end":{"line":111,"column":125}},"type":"cond-expr","locations":[{"start":{"line":111,"column":82},"end":{"line":111,"column":103}},{"start":{"line":111,"column":106},"end":{"line":111,"column":125}}],"line":111},"7":{"loc":{"start":{"line":112,"column":40},"end":{"line":112,"column":87}},"type":"cond-expr","locations":[{"start":{"line":112,"column":58},"end":{"line":112,"column":72}},{"start":{"line":112,"column":75},"end":{"line":112,"column":87}}],"line":112},"8":{"loc":{"start":{"line":113,"column":55},"end":{"line":113,"column":102}},"type":"cond-expr","locations":[{"start":{"line":113,"column":73},"end":{"line":113,"column":87}},{"start":{"line":113,"column":90},"end":{"line":113,"column":102}}],"line":113},"9":{"loc":{"start":{"line":114,"column":17},"end":{"line":114,"column":66}},"type":"cond-expr","locations":[{"start":{"line":114,"column":35},"end":{"line":114,"column":45}},{"start":{"line":114,"column":48},"end":{"line":114,"column":66}}],"line":114},"10":{"loc":{"start":{"line":124,"column":17},"end":{"line":124,"column":215}},"type":"binary-expr","locations":[{"start":{"line":124,"column":17},"end":{"line":124,"column":36}},{"start":{"line":124,"column":40},"end":{"line":124,"column":215}}],"line":124},"11":{"loc":{"start":{"line":146,"column":13},"end":{"line":153,"column":13}},"type":"binary-expr","locations":[{"start":{"line":146,"column":13},"end":{"line":146,"column":34}},{"start":{"line":147,"column":14},"end":{"line":152,"column":21}}],"line":146},"12":{"loc":{"start":{"line":159,"column":11},"end":{"line":165,"column":11}},"type":"binary-expr","locations":[{"start":{"line":159,"column":11},"end":{"line":159,"column":23}},{"start":{"line":160,"column":12},"end":{"line":164,"column":19}}],"line":159},"13":{"loc":{"start":{"line":167,"column":19},"end":{"line":167,"column":72}},"type":"cond-expr","locations":[{"start":{"line":167,"column":34},"end":{"line":167,"column":50}},{"start":{"line":167,"column":53},"end":{"line":167,"column":72}}],"line":167}},"s":{"0":8,"1":8,"2":8,"3":0,"4":8,"5":8,"6":8,"7":32,"8":1,"9":1,"10":18},"f":{"0":8,"1":8,"2":32,"3":1},"b":{"0":[6],"1":[0,8],"2":[4,4],"3":[0,8],"4":[8,4],"5":[8,4],"6":[6,2],"7":[6,2],"8":[6,2],"9":[6,2],"10":[8,2],"11":[8,0],"12":[8,2],"13":[2,6]},"_coverageSchema":"1a1c01bbd47fc00a2c39e90264f33305004495a9","hash":"8cc44f64bdc018e9b76205440aff1893f3cbefc0"}
,"C:\\Users\\satis\\Desktop\\Workspace\\Mossombi\\components\\QRScanner.tsx": {"path":"C:\\Users\\satis\\Desktop\\Workspace\\Mossombi\\components\\QRScanner.tsx","statementMap":{"0":{"start":{"line":22,"column":21},"end":{"line":22,"column":31}},"1":{"start":{"line":23,"column":17},"end":{"line":23,"column":36}},"2":{"start":{"line":24,"column":42},"end":{"line":24,"column":64}},"3":{"start":{"line":25,"column":32},"end":{"line":25,"column":47}},"4":{"start":{"line":27,"column":31},"end":{"line":36,"column":3}},"5":{"start":{"line":28,"column":4},"end":{"line":35,"column":5}},"6":{"start":{"line":29,"column":6},"end":{"line":29,"column":23}},"7":{"start":{"line":30,"column":6},"end":{"line":30,"column":19}},"8":{"start":{"line":31,"column":6},"end":{"line":34,"column":14}},"9":{"start":{"line":32,"column":8},"end":{"line":32,"column":26}},"10":{"start":{"line":33,"column":8},"end":{"line":33,"column":18}},"11":{"start":{"line":38,"column":2},"end":{"line":40,"column":3}},"12":{"start":{"line":39,"column":4},"end":{"line":39,"column":16}},"13":{"start":{"line":42,"column":2},"end":{"line":75,"column":3}},"14":{"start":{"line":43,"column":4},"end":{"line":74,"column":6}},"15":{"start":{"line":77,"column":2},"end":{"line":121,"column":4}},"16":{"start":{"line":86,"column":36},"end":{"line":93,"column":13}},"17":{"start":{"line":124,"column":15},"end":{"line":212,"column":2}}},"fnMap":{"0":{"name":"QRScanner","decl":{"start":{"line":16,"column":24},"end":{"line":16,"column":33}},"loc":{"start":{"line":21,"column":19},"end":{"line":122,"column":1}},"line":21},"1":{"name":"(anonymous_1)","decl":{"start":{"line":27,"column":31},"end":{"line":27,"column":32}},"loc":{"start":{"line":27,"column":63},"end":{"line":36,"column":3}},"line":27},"2":{"name":"(anonymous_2)","decl":{"start":{"line":31,"column":17},"end":{"line":31,"column":18}},"loc":{"start":{"line":31,"column":23},"end":{"line":34,"column":7}},"line":31},"3":{"name":"(anonymous_3)","decl":{"start":{"line":86,"column":19},"end":{"line":86,"column":20}},"loc":{"start":{"line":86,"column":36},"end":{"line":93,"column":13}},"line":86}},"branchMap":{"0":{"loc":{"start":{"line":20,"column":2},"end":{"line":20,"column":30}},"type":"default-arg","locations":[{"start":{"line":20,"column":10},"end":{"line":20,"column":30}}],"line":20},"1":{"loc":{"start":{"line":28,"column":4},"end":{"line":35,"column":5}},"type":"if","locations":[{"start":{"line":28,"column":4},"end":{"line":35,"column":5}},{"start":{},"end":{}}],"line":28},"2":{"loc":{"start":{"line":38,"column":2},"end":{"line":40,"column":3}},"type":"if","locations":[{"start":{"line":38,"column":2},"end":{"line":40,"column":3}},{"start":{},"end":{}}],"line":38},"3":{"loc":{"start":{"line":42,"column":2},"end":{"line":75,"column":3}},"type":"if","locations":[{"start":{"line":42,"column":2},"end":{"line":75,"column":3}},{"start":{},"end":{}}],"line":42},"4":{"loc":{"start":{"line":91,"column":25},"end":{"line":91,"column":42}},"type":"cond-expr","locations":[{"start":{"line":91,"column":35},"end":{"line":91,"column":38}},{"start":{"line":91,"column":41},"end":{"line":91,"column":42}}],"line":91},"5":{"loc":{"start":{"line":102,"column":28},"end":{"line":102,"column":70}},"type":"cond-expr","locations":[{"start":{"line":102,"column":38},"end":{"line":102,"column":47}},{"start":{"line":102,"column":50},"end":{"line":102,"column":70}}],"line":102}},"s":{"0":6,"1":6,"2":6,"3":6,"4":6,"5":1,"6":1,"7":1,"8":1,"9":1,"10":1,"11":6,"12":0,"13":6,"14":2,"15":4,"16":4,"17":2},"f":{"0":6,"1":1,"2":1,"3":4},"b":{"0":[6],"1":[1,0],"2":[0,6],"3":[2,4],"4":[0,4],"5":[1,3]},"_coverageSchema":"1a1c01bbd47fc00a2c39e90264f33305004495a9","hash":"4df3d7671a07483835b6145ed997ca7340c4a174"}
,"C:\\Users\\satis\\Desktop\\Workspace\\Mossombi\\components\\ServiceCard.tsx": {"path":"C:\\Users\\satis\\Desktop\\Workspace\\Mossombi\\components\\ServiceCard.tsx","statementMap":{"0":{"start":{"line":23,"column":21},"end":{"line":23,"column":31}},"1":{"start":{"line":25,"column":2},"end":{"line":95,"column":4}},"2":{"start":{"line":29,"column":30},"end":{"line":41,"column":7}},"3":{"start":{"line":98,"column":15},"end":{"line":124,"column":2}}},"fnMap":{"0":{"name":"ServiceCard","decl":{"start":{"line":15,"column":24},"end":{"line":15,"column":35}},"loc":{"start":{"line":22,"column":21},"end":{"line":96,"column":1}},"line":22},"1":{"name":"(anonymous_1)","decl":{"start":{"line":29,"column":13},"end":{"line":29,"column":14}},"loc":{"start":{"line":29,"column":30},"end":{"line":41,"column":7}},"line":29}},"branchMap":{"0":{"loc":{"start":{"line":36,"column":19},"end":{"line":36,"column":36}},"type":"cond-expr","locations":[{"start":{"line":36,"column":29},"end":{"line":36,"column":32}},{"start":{"line":36,"column":35},"end":{"line":36,"column":36}}],"line":36},"1":{"loc":{"start":{"line":43,"column":7},"end":{"line":68,"column":7}},"type":"binary-expr","locations":[{"start":{"line":43,"column":7},"end":{"line":43,"column":12}},{"start":{"line":44,"column":8},"end":{"line":67,"column":15}}],"line":43},"2":{"loc":{"start":{"line":73,"column":30},"end":{"line":73,"column":57}},"type":"binary-expr","locations":[{"start":{"line":73,"column":30},"end":{"line":73,"column":39}},{"start":{"line":73,"column":43},"end":{"line":73,"column":57}}],"line":73}},"s":{"0":4,"1":4,"2":5,"3":2},"f":{"0":4,"1":5},"b":{"0":[1,4],"1":[4,2],"2":[4,4]},"_coverageSchema":"1a1c01bbd47fc00a2c39e90264f33305004495a9","hash":"f57e688584053daa6519be6f2784f3ba46621b35"}
,"C:\\Users\\satis\\Desktop\\Workspace\\Mossombi\\components\\SplashAd.tsx": {"path":"C:\\Users\\satis\\Desktop\\Workspace\\Mossombi\\components\\SplashAd.tsx","statementMap":{"0":{"start":{"line":11,"column":18},"end":{"line":11,"column":42}},"1":{"start":{"line":12,"column":33},"end":{"line":12,"column":57}},"2":{"start":{"line":31,"column":21},"end":{"line":31,"column":31}},"3":{"start":{"line":32,"column":17},"end":{"line":32,"column":36}},"4":{"start":{"line":33,"column":36},"end":{"line":33,"column":54}},"5":{"start":{"line":34,"column":34},"end":{"line":34,"column":49}},"6":{"start":{"line":36,"column":2},"end":{"line":65,"column":26}},"7":{"start":{"line":37,"column":4},"end":{"line":64,"column":5}},"8":{"start":{"line":38,"column":6},"end":{"line":38,"column":29}},"9":{"start":{"line":39,"column":6},"end":{"line":39,"column":25}},"10":{"start":{"line":42,"column":6},"end":{"line":44,"column":7}},"11":{"start":{"line":43,"column":8},"end":{"line":43,"column":51}},"12":{"start":{"line":46,"column":20},"end":{"line":55,"column":14}},"13":{"start":{"line":47,"column":8},"end":{"line":54,"column":11}},"14":{"start":{"line":48,"column":10},"end":{"line":52,"column":11}},"15":{"start":{"line":49,"column":12},"end":{"line":49,"column":30}},"16":{"start":{"line":50,"column":12},"end":{"line":50,"column":33}},"17":{"start":{"line":51,"column":12},"end":{"line":51,"column":21}},"18":{"start":{"line":53,"column":10},"end":{"line":53,"column":26}},"19":{"start":{"line":57,"column":6},"end":{"line":63,"column":8}},"20":{"start":{"line":58,"column":8},"end":{"line":58,"column":29}},"21":{"start":{"line":60,"column":8},"end":{"line":62,"column":9}},"22":{"start":{"line":61,"column":10},"end":{"line":61,"column":52}},"23":{"start":{"line":67,"column":22},"end":{"line":75,"column":3}},"24":{"start":{"line":68,"column":4},"end":{"line":74,"column":5}},"25":{"start":{"line":70,"column":6},"end":{"line":72,"column":7}},"26":{"start":{"line":71,"column":8},"end":{"line":71,"column":50}},"27":{"start":{"line":73,"column":6},"end":{"line":73,"column":16}},"28":{"start":{"line":77,"column":2},"end":{"line":158,"column":4}},"29":{"start":{"line":97,"column":36},"end":{"line":105,"column":13}},"30":{"start":{"line":139,"column":16},"end":{"line":141,"column":17}},"31":{"start":{"line":140,"column":18},"end":{"line":140,"column":60}},"32":{"start":{"line":142,"column":16},"end":{"line":142,"column":24}},"33":{"start":{"line":143,"column":16},"end":{"line":143,"column":26}},"34":{"start":{"line":145,"column":38},"end":{"line":148,"column":15}},"35":{"start":{"line":161,"column":15},"end":{"line":210,"column":2}}},"fnMap":{"0":{"name":"SplashAd","decl":{"start":{"line":23,"column":24},"end":{"line":23,"column":32}},"loc":{"start":{"line":30,"column":18},"end":{"line":159,"column":1}},"line":30},"1":{"name":"(anonymous_1)","decl":{"start":{"line":36,"column":12},"end":{"line":36,"column":13}},"loc":{"start":{"line":36,"column":18},"end":{"line":65,"column":3}},"line":36},"2":{"name":"(anonymous_2)","decl":{"start":{"line":46,"column":32},"end":{"line":46,"column":33}},"loc":{"start":{"line":46,"column":38},"end":{"line":55,"column":7}},"line":46},"3":{"name":"(anonymous_3)","decl":{"start":{"line":47,"column":21},"end":{"line":47,"column":22}},"loc":{"start":{"line":47,"column":31},"end":{"line":54,"column":9}},"line":47},"4":{"name":"(anonymous_4)","decl":{"start":{"line":57,"column":13},"end":{"line":57,"column":14}},"loc":{"start":{"line":57,"column":19},"end":{"line":63,"column":7}},"line":57},"5":{"name":"(anonymous_5)","decl":{"start":{"line":67,"column":22},"end":{"line":67,"column":23}},"loc":{"start":{"line":67,"column":28},"end":{"line":75,"column":3}},"line":67},"6":{"name":"(anonymous_6)","decl":{"start":{"line":97,"column":19},"end":{"line":97,"column":20}},"loc":{"start":{"line":97,"column":36},"end":{"line":105,"column":13}},"line":97},"7":{"name":"(anonymous_7)","decl":{"start":{"line":137,"column":23},"end":{"li
[...]
,"C:\\Users\\satis\\Desktop\\Workspace\\Mossombi\\hooks\\useShoppingCart.ts": {"path":"C:\\Users\\satis\\Desktop\\Workspace\\Mossombi\\hooks\\useShoppingCart.ts","statementMap":{"0":{"start":{"line":22,"column":26},"end":{"line":22,"column":65}},"1":{"start":{"line":23,"column":50},"end":{"line":23,"column":65}},"2":{"start":{"line":24,"column":54},"end":{"line":24,"column":84}},"3":{"start":{"line":25,"column":58},"end":{"line":25,"column":73}},"4":{"start":{"line":26,"column":56},"end":{"line":26,"column":71}},"5":{"start":{"line":27,"column":24},"end":{"line":27,"column":55}},"6":{"start":{"line":28,"column":22},"end":{"line":28,"column":53}},"7":{"start":{"line":29,"column":26},"end":{"line":29,"column":57}},"8":{"start":{"line":31,"column":20},"end":{"line":38,"column":3}},"9":{"start":{"line":32,"column":4},"end":{"line":32,"column":76}},"10":{"start":{"line":32,"column":21},"end":{"line":32,"column":73}},"11":{"start":{"line":34,"column":4},"end":{"line":37,"column":15}},"12":{"start":{"line":40,"column":25},"end":{"line":50,"column":3}},"13":{"start":{"line":41,"column":4},"end":{"line":49,"column":7}},"14":{"start":{"line":42,"column":22},"end":{"line":42,"column":33}},"15":{"start":{"line":43,"column":6},"end":{"line":47,"column":7}},"16":{"start":{"line":44,"column":8},"end":{"line":44,"column":29}},"17":{"start":{"line":46,"column":8},"end":{"line":46,"column":34}},"18":{"start":{"line":48,"column":6},"end":{"line":48,"column":21}},"19":{"start":{"line":52,"column":20},"end":{"line":54,"column":3}},"20":{"start":{"line":53,"column":4},"end":{"line":53,"column":16}},"21":{"start":{"line":56,"column":23},"end":{"line":61,"column":3}},"22":{"start":{"line":57,"column":4},"end":{"line":60,"column":10}},"23":{"start":{"line":58,"column":22},"end":{"line":58,"column":60}},"24":{"start":{"line":58,"column":41},"end":{"line":58,"column":59}},"25":{"start":{"line":59,"column":6},"end":{"line":59,"column":61}},"26":{"start":{"line":63,"column":28},"end":{"line":65,"column":3}},"27":{"start":{"line":64,"column":4},"end":{"line":64,"column":66}},"28":{"start":{"line":64,"column":52},"end":{"line":64,"column":61}},"29":{"start":{"line":67,"column":25},"end":{"line":73,"column":3}},"30":{"start":{"line":68,"column":4},"end":{"line":71,"column":5}},"31":{"start":{"line":69,"column":6},"end":{"line":69,"column":37}},"32":{"start":{"line":70,"column":6},"end":{"line":70,"column":13}},"33":{"start":{"line":72,"column":4},"end":{"line":72,"column":34}},"34":{"start":{"line":75,"column":32},"end":{"line":90,"column":3}},"35":{"start":{"line":76,"column":4},"end":{"line":76,"column":35}},"36":{"start":{"line":77,"column":4},"end":{"line":77,"column":33}},"37":{"start":{"line":79,"column":4},"end":{"line":82,"column":15}},"38":{"start":{"line":84,"column":4},"end":{"line":89,"column":13}},"39":{"start":{"line":85,"column":6},"end":{"line":85,"column":36}},"40":{"start":{"line":86,"column":6},"end":{"line":86,"column":18}},"41":{"start":{"line":87,"column":6},"end":{"line":87,"column":30}},"42":{"start":{"line":88,"column":6},"end":{"line":88,"column":28}},"43":{"start":{"line":92,"column":2},"end":{"line":111,"column":4}}},"fnMap":{"0":{"name":"useShoppingCart","decl":{"start":{"line":21,"column":16},"end":{"line":21,"column":31}},"loc":{"start":{"line":21,"column":53},"end":{"line":112,"column":1}},"line":21},"1":{"name":"(anonymous_1)","decl":{"start":{"line":31,"column":20},"end":{"line":31,"column":21}},"loc":{"start":{"line":31,"column":43},"end":{"line":38,"column":3}},"line":31},"2":{"name":"(anonymous_2)","decl":{"start":{"line":32,"column":12},"end":{"line":32,"column":13}},"loc":{"start":{"line":32,"column":21},"end":{"line":32,"column":73}},"line":32},"3":{"name":"(anonymous_3)","decl":{"start":{"line":40,"column":25},"end":{"line":40,"column":26}},"loc":{"start":{"line":40,"column":48},"end":{"line":50,"column":3}},"line":40},"4":{"name":"(anonymous_4)","decl":{"start":{"line":41,"column":12},"end":{"line":41,"column":13}},"loc":{"start":{"line":41,"column":20},"end":{"line":49,"column":5}},"line":41},"5":{"name":"(anonymous_5)","decl":{"start":{"line":52,"column":20},"end":{"line":52,"column":21}},"loc":{"start":{"line":52,"column":26},"end":{"line":54,"column":3}},"line":52},"6":{"name":"(anonymous_6)","decl":{"start":{"line":56,"column":23},"end":{"line":56,"column":24}},"loc":{"start":{"line":56,"column":29},"end":{"line":61,"column":3}},"line":56},"7":{"name":"(anonymous_7)","decl":{"start":{"line":57,"column":36},"end":{"line":57,"column":37}},"loc":{"start":{"line":57,"column":58},"end":{"line":60,"column":5}},"line":57},"8":{"name":"(anonymous_8)","decl":{"start":{"line":58,"column":36},"end":{"line":58,"column":37}},"loc":{"start":{"line":58,"column":41},"end":{"line":58,"column":59}},"line":58},"9":{"name":"(anonymous_9)","decl":{"start":{"line":63,"column":28},"end":{"line":63,"column":29}},"loc":{"start":{"line":63,"column":34},"end":{"line":65,"column":3}},"line":63},"10":{"name":"(anonymous_10)","decl":{"start":{"line":64,"column":38},"end":{"line":64,"column":39}},"loc":{"start":{"line":64,"column":52},"end":{"line":64,"column":61}},"line":64},"11":{"name":"(anonymous_11)","decl":{"start":{"line":67,"column":25},"end":{"line":67,"column":26}},"loc":{"start":{"line":67,"column":31},"end":{"line":73,"column":3}},"line":67},"12":{"name":"(anonymous_12)","decl":{"start":{"line":75,"column":32},"end":{"line":75,"column":33}},"loc":{"start":{"line":75,"column":99},"end":{"line":90,"column":3}},"line":75},"13":{"name":"(anonymous_13)","decl":{"start":{"line":84,"column":15},"end":{"line":84,"column":16}},"loc":{"start":{"line":84,"column":21},"end":{"line":89,"column":5}},"line":84}},"branchMap":{"0":{"loc":{"start":{"line":32,"column":46},"end":{"line":32,"column":66}},"type":"binary-expr","locations":[{"start":{"line":32,"column":46},"end":{"line":32,"column":61}},{"start":{"line":32,"column":65},"end":{"line":32,"column":66}}],"line":32},"1":{"loc":{"start":{"line":43,"column":6},"end":{"line":47,"column":7}},"type":"if","locations":[{"start":{"line":43,"column":6},"end":{"line":47,"column":7}},{"start":{"line":45,"column":13},"end":{"line":47,"column":7}}],"line":43},"2":{"loc":{"start":{"line":59,"column":22},"end":{"line":59,"column":41}},"type":"binary-expr","locations":[{"start":{"line":59,"column":22},"end":{"line":59,"column":36}},{"start":{"line":59,"column":40},"end":{"line":59,"column":41}}],"line":59},"3":{"loc":{"start":{"line":68,"column":4},"end":{"line":71,"column":5}},"type":"if","locations":[{"start":{"line":68,"column":4},"end":{"line":71,"column":5}},{"start":{},"end":{}}],"line":68}},"s":{"0":10,"1":10,"2":10,"3":10,"4":10,"5":10,"6":10,"7":10,"8":10,"9":4,"10":4,"11":4,"12":10,"13":1,"14":1,"15":1,"16":0,"17":1,"18":1,"19":10,"20":1,"21":10,"22":3,"23":4,"24":6,"25":4,"26":10,"27":8,"28":6,"29":10,"30":2,"31":1,"32":1,"33":1,"34":10,"35":1,"36":1,"37":1,"38":1,"39":1,"40":1,"41":1,"42":1,"43":10},"f":{"0":10,"1":4,"2":4,"3":1,"4":1,"5":1,"6":3,"7":4,"8":6,"9":8,"10":6,"11":2,"12":1,"13":1},"b":{"0":[4,4],"1":[0,1],"2":[4,0],"3":[1,1]},"_coverageSchema":"1a1c01bbd47fc00a2c39e90264f33305004495a9","hash":"9189bd97bbfdd4972ac2e02ea3ae5015fa624da9"}
,"C:\\Users\\satis\\Desktop\\Workspace\\Mossombi\\hooks\\useSuccessModal.ts": {"path":"C:\\Users\\satis\\Desktop\\Workspace\\Mossombi\\hooks\\useSuccessModal.ts","statementMap":{"0":{"start":{"line":38,"column":17},"end":{"line":38,"column":28}},"1":{"start":{"line":39,"column":28},"end":{"line":44,"column":4}},"2":{"start":{"line":46,"column":15},"end":{"line":51,"column":8}},"3":{"start":{"line":47,"column":4},"end":{"line":50,"column":7}},"4":{"start":{"line":53,"column":15},"end":{"line":64,"column":23}},"5":{"start":{"line":54,"column":4},"end":{"line":54,"column":52}},"6":{"start":{"line":54,"column":22},"end":{"line":54,"column":49}},"7":{"start":{"line":57,"column":4},"end":{"line":59,"column":5}},"8":{"start":{"line":58,"column":6},"end":{"line":58,"column":24}},"9":{"start":{"line":61,"column":4},"end":{"line":63,"column":5}},"10":{"start":{"line":62,"column":6},"end":{"line":62,"column":20}},"11":{"start":{"line":66,"column":2},"end":{"line":77,"column":4}}},"fnMap":{"0":{"name":"useSuccessModal","decl":{"start":{"line":37,"column":16},"end":{"line":37,"column":31}},"loc":{"start":{"line":37,"column":70},"end":{"line":78,"column":1}},"line":37},"1":{"name":"(anonymous_1)","decl":{"start":{"line":46,"column":27},"end":{"line":46,"column":28}},"loc":{"start":{"line":46,"column":75},"end":{"line":51,"column":3}},"line":46},"2":{"name":"(anonymous_2)","decl":{"start":{"line":53,"column":27},"end":{"line":53,"column":28}},"loc":{"start":{"line":53,"column":33},"end":{"line":64,"column":3}},"line":53},"3":{"name":"(anonymous_3)","decl":{"start":{"line":54,"column":13},"end":{"line":54,"column":14}},"loc":{"start":{"line":54,"column":22},"end":{"line":54,"column":49}},"line":54}},"branchMap":{"0":{"loc":{"start":{"line":37,"column":32},"end":{"line":37,"column":68}},"type":"default-arg","locations":[{"start":{"line":37,"column":66},"end":{"line":37,"column":68}}],"line":37},"1":{"loc":{"start":{"line":57,"column":4},"end":{"line":59,"column":5}},"type":"if","locations":[{"start":{"line":57,"column":4},"end":{"line":59,"column":5}},{"start":{},"end":{}}],"line":57},"2":{"loc":{"start":{"line":61,"column":4},"end":{"line":63,"column":5}},"type":"if","locations":[{"start":{"line":61,"column":4},"end":{"line":63,"column":5}},{"start":{},"end":{}}],"line":61}},"s":{"0":3,"1":3,"2":3,"3":1,"4":3,"5":1,"6":1,"7":1,"8":1,"9":1,"10":1,"11":3},"f":{"0":3,"1":1,"2":1,"3":1},"b":{"0":[0],"1":[1,0],"2":[1,0]},"_coverageSchema":"1a1c01bbd47fc00a2c39e90264f33305004495a9","hash":"ad81c2ba338ea217f7745c147675976a198229d7"}
,"C:\\Users\\satis\\Desktop\\Workspace\\Mossombi\\utils\\logger.ts": {"path":"C:\\Users\\satis\\Desktop\\Workspace\\Mossombi\\utils\\logger.ts","statementMap":{"0":{"start":{"line":14,"column":36},"end":{"line":18,"column":1}},"1":{"start":{"line":24,"column":4},"end":{"line":24,"column":50}},"2":{"start":{"line":28,"column":22},"end":{"line":30,"column":10}},"3":{"start":{"line":31,"column":19},"end":{"line":31,"column":58}},"4":{"start":{"line":32,"column":4},"end":{"line":32,"column":34}},"5":{"start":{"line":36,"column":4},"end":{"line":36,"column":55}},"6":{"start":{"line":36,"column":30},"end":{"line":36,"column":55}},"7":{"start":{"line":38,"column":31},"end":{"line":38,"column":65}},"8":{"start":{"line":39,"column":30},"end":{"line":39,"column":51}},"9":{"start":{"line":40,"column":26},"end":{"line":40,"column":62}},"10":{"start":{"line":42,"column":4},"end":{"line":42,"column":46}},"11":{"start":{"line":49,"column":4},"end":{"line":51,"column":5}},"12":{"start":{"line":50,"column":6},"end":{"line":50,"column":65}},"13":{"start":{"line":58,"column":4},"end":{"line":60,"column":5}},"14":{"start":{"line":59,"column":6},"end":{"line":59,"column":65}},"15":{"start":{"line":67,"column":4},"end":{"line":69,"column":5}},"16":{"start":{"line":68,"column":6},"end":{"line":68,"column":65}},"17":{"start":{"line":76,"column":4},"end":{"line":76,"column":72}},"18":{"start":{"line":83,"column":4},"end":{"line":86,"column":5}},"19":{"start":{"line":84,"column":23},"end":{"line":84,"column":45}},"20":{"start":{"line":85,"column":6},"end":{"line":85,"column":63}},"21":{"start":{"line":91,"column":22},"end":{"line":91,"column":34}},"22":{"start":{"line":98,"column":16},"end":{"line":98,"column":26}},"23":{"start":{"line":99,"column":17},"end":{"line":99,"column":21}},"24":{"start":{"line":100,"column":2},"end":{"line":100,"column":28}},"25":{"start":{"line":101,"column":2},"end":{"line":101,"column":16}}},"fnMap":{"0":{"name":"(anonymous_0)","decl":{"start":{"line":23,"column":2},"end":{"line":23,"column":3}},"loc":{"start":{"line":23,"column":50},"end":{"line":25,"column":3}},"line":23},"1":{"name":"(anonymous_1)","decl":{"start":{"line":27,"column":2},"end":{"line":27,"column":3}},"loc":{"start":{"line":27,"column":82},"end":{"line":33,"column":3}},"line":27},"2":{"name":"(anonymous_2)","decl":{"start":{"line":35,"column":2},"end":{"line":35,"column":3}},"loc":{"start":{"line":35,"column":46},"end":{"line":43,"column":3}},"line":35},"3":{"name":"(anonymous_3)","decl":{"start":{"line":48,"column":2},"end":{"line":48,"column":3}},"loc":{"start":{"line":48,"column":47},"end":{"line":52,"column":3}},"line":48},"4":{"name":"(anonymous_4)","decl":{"start":{"line":57,"column":2},"end":{"line":57,"column":3}},"loc":{"start":{"line":57,"column":46},"end":{"line":61,"column":3}},"line":57},"5":{"name":"(anonymous_5)","decl":{"start":{"line":66,"column":2},"end":{"line":66,"column":3}},"loc":{"start":{"line":66,"column":46},"end":{"line":70,"column":3}},"line":66},"6":{"name":"(anonymous_6)","decl":{"start":{"line":75,"column":2},"end":{"line":75,"column":3}},"loc":{"start":{"line":75,"column":62},"end":{"line":77,"column":3}},"line":75},"7":{"name":"(anonymous_7)","decl":{"start":{"line":82,"column":2},"end":{"line":82,"column":3}},"loc":{"start":{"line":82,"column":47},"end":{"line":87,"column":3}},"line":82},"8":{"name":"measurePerf","decl":{"start":{"line":97,"column":16},"end":{"line":97,"column":27}},"loc":{"start":{"line":97,"column":62},"end":{"line":102,"column":1}},"line":97}},"branchMap":{"0":{"loc":{"start":{"line":23,"column":14},"end":{"line":23,"column":48}},"type":"default-arg","locations":[{"start":{"line":23,"column":46},"end":{"line":23,"column":48}}],"line":23},"1":{"loc":{"start":{"line":28,"column":22},"end":{"line":30,"column":10}},"type":"cond-expr","locations":[{"start":{"line":29,"column":8},"end":{"line":29,"column":39}},{"start":{"line":30,"column":8},"end":{"line":30,"column":10}}],"line":28},"2":{"loc":{"start":{"line":36,"column":4},"end":{"line":36,"column":55}},"type":"if","locations":[{"start":{"line":36,"column":4},"end":{"line":36,"column":55}},{"start":{},"end":{}}],"line":36},"3":{"loc":{"start":{"line":49,"column":4},"end":{"line":51,"column":5}},"type":"if","locations":[{"start":{"line":49,"column":4},"end":{"line":51,"column":5}},{"start":{},"end":{}}],"line":49},"4":{"loc":{"start":{"line":58,"column":4},"end":{"line":60,"column":5}},"type":"if","locations":[{"start":{"line":58,"column":4},"end":{"line":60,"column":5}},{"start":{},"end":{}}],"line":58},"5":{"loc":{"start":{"line":67,"column":4},"end":{"line":69,"column":5}},"type":"if","locations":[{"start":{"line":67,"column":4},"end":{"line":69,"column":5}},{"start":{},"end":{}}],"line":67},"6":{"loc":{"start":{"line":83,"column":4},"end":{"line":86,"column":5}},"type":"if","locations":[{"start":{"line":83,"column":4},"end":{"line":86,"column":5}},{"start":{},"end":{}}],"line":83}},"s":{"0":3,"1":5,"2":15,"3":15,"4":15,"5":14,"6":0,"7":14,"8":14,"9":14,"10":14,"11":9,"12":8,"13":2,"14":1,"15":2,"16":2,"17":4,"18":1,"19":1,"20":1,"21":3,"22":1,"23":1,"24":1,"25":1},"f":{"0":5,"1":15,"2":14,"3":9,"4":2,"5":2,"6":4,"7":1,"8":1},"b":{"0":[3],"1":[13,2],"2":[0,14],"3":[8,1],"4":[1,1],"5":[2,0],"6":[1,0]},"_coverageSchema":"1a1c01bbd47fc00a2c39e90264f33305004495a9","hash":"187ea6ecec557f2bd2ee405ebcbe0d0cf69eaf0a"}
,"C:\\Users\\satis\\Desktop\\Workspace\\Mossombi\\utils\\navigation.ts": {"path":"C:\\Users\\satis\\Desktop\\Workspace\\Mossombi\\utils\\navigation.ts","statementMap":{"0":{"start":{"line":19,"column":17},"end":{"line":19,"column":28}},"1":{"start":{"line":21,"column":2},"end":{"line":65,"column":4}},"2":{"start":{"line":26,"column":6},"end":{"line":26,"column":51}},"3":{"start":{"line":27,"column":6},"end":{"line":27,"column":33}},"4":{"start":{"line":34,"column":6},"end":{"line":34,"column":54}},"5":{"start":{"line":35,"column":6},"end":{"line":35,"column":36}},"6":{"start":{"line":42,"column":6},"end":{"line":42,"column":39}},"7":{"start":{"line":43,"column":6},"end":{"line":43,"column":20}},"8":{"start":{"line":49,"column":21},"end":{"line":49,"column":39}},"9":{"start":{"line":58,"column":26},"end":{"line":60,"column":18}},"10":{"start":{"line":59,"column":47},"end":{"line":59,"column":61}},"11":{"start":{"line":61,"column":24},"end":{"line":61,"column":57}},"12":{"start":{"line":62,"column":6},"end":{"line":62,"column":65}},"13":{"start":{"line":63,"column":6},"end":{"line":63,"column":29}},"14":{"start":{"line":72,"column":63},"end":{"line":72,"column":67}},"15":{"start":{"line":75,"column":4},"end":{"line":75,"column":25}},"16":{"start":{"line":79,"column":4},"end":{"line":82,"column":5}},"17":{"start":{"line":80,"column":6},"end":{"line":80,"column":64}},"18":{"start":{"line":81,"column":6},"end":{"line":81,"column":13}},"19":{"start":{"line":83,"column":4},"end":{"line":83,"column":56}},"20":{"start":{"line":84,"column":4},"end":{"line":84,"column":36}},"21":{"start":{"line":88,"column":4},"end":{"line":91,"column":5}},"22":{"start":{"line":89,"column":6},"end":{"line":89,"column":64}},"23":{"start":{"line":90,"column":6},"end":{"line":90,"column":13}},"24":{"start":{"line":92,"column":4},"end":{"line":92,"column":44}},"25":{"start":{"line":93,"column":4},"end":{"line":93,"column":23}}},"fnMap":{"0":{"name":"useTypedNavigation","decl":{"start":{"line":18,"column":16},"end":{"line":18,"column":34}},"loc":{"start":{"line":18,"column":37},"end":{"line":66,"column":1}},"line":18},"1":{"name":"(anonymous_1)","decl":{"start":{"line":25,"column":10},"end":{"line":25,"column":11}},"loc":{"start":{"line":25,"column":31},"end":{"line":28,"column":5}},"line":25},"2":{"name":"(anonymous_2)","decl":{"start":{"line":33,"column":13},"end":{"line":33,"column":14}},"loc":{"start":{"line":33,"column":34},"end":{"line":36,"column":5}},"line":33},"3":{"name":"(anonymous_3)","decl":{"start":{"line":41,"column":10},"end":{"line":41,"column":11}},"loc":{"start":{"line":41,"column":16},"end":{"line":44,"column":5}},"line":41},"4":{"name":"(anonymous_4)","decl":{"start":{"line":49,"column":15},"end":{"line":49,"column":16}},"loc":{"start":{"line":49,"column":21},"end":{"line":49,"column":39}},"line":49},"5":{"name":"(anonymous_5)","decl":{"start":{"line":54,"column":20},"end":{"line":54,"column":21}},"loc":{"start":{"line":57,"column":9},"end":{"line":64,"column":5}},"line":57},"6":{"name":"(anonymous_6)","decl":{"start":{"line":59,"column":35},"end":{"line":59,"column":36}},"loc":{"start":{"line":59,"column":47},"end":{"line":59,"column":61}},"line":59},"7":{"name":"(anonymous_7)","decl":{"start":{"line":74,"column":2},"end":{"line":74,"column":3}},"loc":{"start":{"line":74,"column":57},"end":{"line":76,"column":3}},"line":74},"8":{"name":"(anonymous_8)","decl":{"start":{"line":78,"column":2},"end":{"line":78,"column":3}},"loc":{"start":{"line":78,"column":31},"end":{"line":85,"column":3}},"line":78},"9":{"name":"(anonymous_9)","decl":{"start":{"line":87,"column":2},"end":{"line":87,"column":3}},"loc":{"start":{"line":87,"column":16},"end":{"line":94,"column":3}},"line":87}},"branchMap":{"0":{"loc":{"start":{"line":79,"column":4},"end":{"line":82,"column":5}},"type":"if","locations":[{"start":{"line":79,"column":4},"end":{"line":82,"column":5}},{"start":{},"end":{}}],"line":79},"1":{"loc":{"start":{"line":88,"column":4},"end":{"line":91,"column":5}},"type":"if","locations":[{"start":{"line":88,"column":4},"end":{"line":91,"column":5}},{"start":{},"end":{}}],"line":88}},"s":{"0":1,"1":1,"2":1,"3":1,"4":1,"5":1,"6":1,"7":1,"8":1,"9":1,"10":2,"11":1,"12":1,"13":1,"14":2,"15":1,"16":2,"17":1,"18":1,"19":1,"20":1,"21":2,"22":1,"23":1,"24":1,"25":1},"f":{"0":1,"1":1,"2":1,"3":1,"4":1,"5":1,"6":2,"7":1,"8":2,"9":2},"b":{"0":[1,1],"1":[1,1]},"_coverageSchema":"1a1c01bbd47fc00a2c39e90264f33305004495a9","hash":"634baba902d3eff16214c6e4d66ab0beb385b18a"}
}
