TN:
SF:components\AdBanner.tsx
FN:18,AdBanner
FN:30,(anonymous_1)
FN:35,(anonymous_2)
FN:48,(anonymous_3)
FN:68,(anonymous_4)
FNF:5
FNH:5
FNDA:16,AdBanner
FNDA:2,(anonymous_1)
FNDA:4,(anonymous_2)
FNDA:10,(anonymous_3)
FNDA:14,(anonymous_4)
DA:27,16
DA:28,16
DA:30,16
DA:31,2
DA:32,2
DA:35,16
DA:36,4
DA:37,2
DA:41,16
DA:44,14
DA:48,10
DA:68,14
DA:82,14
DA:107,5
LF:14
LH:14
BRDA:19,0,0,0
BRDA:20,1,0,0
BRDA:21,2,0,10
BRDA:24,3,0,12
BRDA:36,4,0,2
BRDA:36,4,1,2
BRDA:41,5,0,2
BRDA:41,5,1,14
BRDA:45,6,0,14
BRDA:45,6,1,10
BRDA:50,7,0,0
BRDA:50,7,1,10
BRDA:70,8,0,0
BRDA:70,8,1,14
BRDA:84,9,0,2
BRDA:84,9,1,12
BRF:16
BRH:12
end_of_record
TN:
SF:components\Button.tsx
FN:29,Button
FN:31,(anonymous_1)
FN:55,(anonymous_2)
FN:73,(anonymous_3)
FN:81,(anonymous_4)
FN:100,(anonymous_5)
FN:212,(anonymous_6)
FN:230,(anonymous_7)
FN:246,(anonymous_8)
FNF:9
FNH:9
FNDA:226,Button
FNDA:1,(anonymous_1)
FNDA:40,(anonymous_2)
FNDA:4,(anonymous_3)
FNDA:228,(anonymous_4)
FNDA:226,(anonymous_5)
FNDA:10,(anonymous_6)
FNDA:61,(anonymous_7)
FNDA:155,(anonymous_8)
DA:42,226
DA:45,226
DA:46,226
DA:48,226
DA:55,226
DA:56,40
DA:58,39
DA:60,4
DA:61,4
DA:64,4
DA:74,4
DA:77,35
DA:81,226
DA:82,228
DA:83,219
DA:85,54
DA:87,2
DA:89,2
DA:91,10
DA:94,80
DA:96,71
DA:100,226
DA:101,226
DA:102,217
DA:108,137
DA:111,80
DA:113,0
DA:118,226
DA:141,226
DA:156,226
DA:158,71
DA:176,71
DA:177,10
DA:212,10
DA:225,61
DA:230,61
DA:242,155
DA:246,155
DA:256,155
DA:257,2
DA:294,153
DA:297,44
LF:42
LH:41
BRDA:31,0,0,16
BRDA:32,1,0,6
BRDA:33,2,0,24
BRDA:34,3,0,162
BRDA:35,4,0,206
BRDA:37,5,0,86
BRDA:40,6,0,214
BRDA:56,7,0,1
BRDA:56,7,1,39
BRDA:56,8,0,40
BRDA:56,8,1,39
BRDA:56,8,2,39
BRDA:58,9,0,4
BRDA:58,9,1,35
BRDA:82,10,0,9
BRDA:82,10,1,219
BRDA:83,11,0,54
BRDA:83,11,1,2
BRDA:83,11,2,2
BRDA:83,11,3,10
BRDA:83,11,4,78
BRDA:83,11,5,80
BRDA:83,11,6,71
BRDA:101,12,0,9
BRDA:101,12,1,217
BRDA:102,13,0,52
BRDA:102,13,1,54
BRDA:102,13,2,125
BRDA:102,13,3,127
BRDA:102,13,4,137
BRDA:102,13,5,78
BRDA:102,13,6,80
BRDA:102,13,7,0
BRDA:119,14,0,4
BRDA:119,14,1,222
BRDA:148,15,0,81
BRDA:148,15,1,145
BRDA:149,16,0,81
BRDA:149,16,1,145
BRDA:151,17,0,226
BRDA:151,17,1,140
BRDA:152,18,0,226
BRDA:152,18,1,217
BRDA:152,18,2,215
BRDA:153,19,0,226
BRDA:153,19,1,9
BRDA:156,20,0,71
BRDA:156,20,1,155
BRDA:156,21,0,226
BRDA:156,21,1,73
BRDA:176,22,0,10
BRDA:176,22,1,61
BRDA:194,23,0,10
BRDA:194,23,1,8
BRDA:204,24,0,10
BRDA:204,24,1,8
BRDA:210,25,0,10
BRDA:210,25,1,10
BRDA:213,26,0,10
BRDA:213,26,1,8
BRDA:214,27,0,0
BRDA:214,27,1,10
BRDA:228,28,0,61
BRDA:228,28,1,61
BRDA:231,29,0,61
BRDA:231,29,1,47
BRDA:232,30,0,0
BRDA:232,30,1,61
BRDA:244,31,0,155
BRDA:244,31,1,146
BRDA:248,32,0,0
BRDA:248,32,1,155
BRDA:248,33,0,155
BRDA:248,33,1,0
BRDA:256,34,0,2
BRDA:256,34,1,153
BRDA:274,35,0,2
BRDA:274,35,1,0
BRDA:284,36,0,2
BRDA:284,36,1,0
BRF:80
BRH:73
end_of_record
TN:
SF:components\ButtonAnimationExample.tsx
FN:14,OrderButtonExample
FN:48,(anonymous_1)
FN:68,(anonymous_2)
FNF:3
FNH:3
FNDA:2,OrderButtonExample
FNDA:2,(anonymous_1)
FNDA:2,(anonymous_2)
DA:15,2
DA:17,2
DA:48,2
DA:68,2
LF:4
LH:4
BRF:0
BRH:0
end_of_record
TN:
SF:components\Card.tsx
FN:16,Card
FN:47,(anonymous_1)
FN:78,(anonymous_2)
FNF:3
FNH:3
FNDA:10,Card
FNDA:2,(anonymous_1)
FNDA:2,(anonymous_2)
DA:24,10
DA:26,10
DA:39,10
DA:40,4
DA:42,4
DA:43,2
DA:47,2
DA:61,2
DA:73,6
DA:74,2
DA:78,2
DA:85,4
DA:92,3
LF:13
LH:13
BRDA:19,0,0,6
BRDA:20,1,0,8
BRDA:29,2,0,0
BRDA:29,2,1,10
BRDA:32,3,0,0
BRDA:32,3,1,10
BRDA:35,4,0,10
BRDA:35,4,1,6
BRDA:39,5,0,4
BRDA:39,5,1,6
BRDA:42,6,0,2
BRDA:42,6,1,2
BRDA:47,7,0,0
BRDA:47,7,1,2
BRDA:73,8,0,2
BRDA:73,8,1,4
BRDA:78,9,0,0
BRDA:78,9,1,2
BRF:18
BRH:14
end_of_record
TN:
SF:components\CartModal.tsx
FN:36,CartModal
FN:49,(anonymous_1)
FN:50,(anonymous_2)
FN:51,(anonymous_3)
FN:77,(anonymous_4)
FN:78,(anonymous_5)
FN:96,(anonymous_6)
FN:108,(anonymous_7)
FN:153,(anonymous_8)
FNF:9
FNH:9
FNDA:16,CartModal
FNDA:6,(anonymous_1)
FNDA:6,(anonymous_2)
FNDA:8,(anonymous_3)
FNDA:6,(anonymous_4)
FNDA:8,(anonymous_5)
FNDA:1,(anonymous_6)
FNDA:1,(anonymous_7)
FNDA:1,(anonymous_8)
DA:47,16
DA:49,16
DA:50,16
DA:51,8
DA:52,6
DA:55,16
DA:78,8
DA:79,6
DA:81,6
DA:96,1
DA:108,1
DA:154,1
DA:155,1
DA:170,17
LF:14
LH:14
BRDA:52,0,0,6
BRDA:52,0,1,0
BRDA:68,1,0,12
BRDA:68,1,1,4
BRDA:79,2,0,0
BRDA:79,2,1,6
BRDA:135,3,0,0
BRDA:135,3,1,16
BRF:8
BRH:5
end_of_record
TN:
SF:components\CheckoutModal.tsx
FN:27,CheckoutModal
FN:48,(anonymous_1)
FN:49,(anonymous_2)
FN:53,(anonymous_3)
FN:58,(anonymous_4)
FN:62,(anonymous_5)
FN:73,(anonymous_6)
FN:105,(anonymous_7)
FN:159,(anonymous_8)
FN:187,(anonymous_9)
FN:226,(anonymous_10)
FN:254,(anonymous_11)
FN:295,(anonymous_12)
FN:312,(anonymous_13)
FN:357,(anonymous_14)
FN:357,(anonymous_15)
FN:371,(anonymous_16)
FN:371,(anonymous_17)
FN:384,(anonymous_18)
FN:384,(anonymous_19)
FN:398,(anonymous_20)
FN:398,(anonymous_21)
FN:439,(anonymous_22)
FNF:23
FNH:19
FNDA:39,CheckoutModal
FNDA:29,(anonymous_1)
FNDA:29,(anonymous_2)
FNDA:29,(anonymous_3)
FNDA:1,(anonymous_4)
FNDA:1,(anonymous_5)
FNDA:0,(anonymous_6)
FNDA:29,(anonymous_7)
FNDA:0,(anonymous_8)
FNDA:2,(anonymous_9)
FNDA:0,(anonymous_10)
FNDA:2,(anonymous_11)
FNDA:0,(anonymous_12)
FNDA:1,(anonymous_13)
FNDA:1,(anonymous_14)
FNDA:1,(anonymous_15)
FNDA:1,(anonymous_16)
FNDA:1,(anonymous_17)
FNDA:1,(anonymous_18)
FNDA:1,(anonymous_19)
FNDA:1,(anonymous_20)
FNDA:1,(anonymous_21)
FNDA:4,(anonymous_22)
DA:34,39
DA:35,39
DA:36,39
DA:37,39
DA:38,39
DA:39,39
DA:45,39
DA:46,39
DA:48,39
DA:49,29
DA:50,29
DA:53,39
DA:54,39
DA:55,39
DA:56,39
DA:58,39
DA:59,1
DA:60,1
DA:62,1
DA:63,1
DA:64,1
DA:65,1
DA:68,0
DA:69,0
DA:73,39
DA:74,0
DA:75,0
DA:77,0
DA:78,0
DA:82,39
DA:106,29
DA:159,0
DA:187,2
DA:226,0
DA:254,2
DA:295,0
DA:312,1
DA:357,1
DA:371,1
DA:384,1
DA:398,1
DA:439,4
DA:454,18
LF:43
LH:34
BRDA:50,0,0,29
BRDA:50,0,1,0
BRDA:54,1,0,2
BRDA:54,1,1,37
BRDA:74,2,0,0
BRDA:74,2,1,0
BRDA:78,3,0,0
BRDA:78,3,1,0
BRDA:78,4,0,0
BRDA:78,4,1,0
BRDA:130,5,0,39
BRDA:130,5,1,2
BRDA:163,6,0,35
BRDA:163,6,1,4
BRDA:164,7,0,35
BRDA:164,7,1,4
BRDA:171,8,0,35
BRDA:171,8,1,4
BRDA:180,9,0,35
BRDA:180,9,1,4
BRDA:181,10,0,39
BRDA:181,10,1,35
BRDA:191,11,0,4
BRDA:191,11,1,35
BRDA:192,12,0,4
BRDA:192,12,1,35
BRDA:200,13,0,4
BRDA:200,13,1,35
BRDA:209,14,0,4
BRDA:209,14,1,35
BRDA:210,15,0,39
BRDA:210,15,1,4
BRDA:230,16,0,37
BRDA:230,16,1,2
BRDA:231,17,0,37
BRDA:231,17,1,2
BRDA:238,18,0,37
BRDA:238,18,1,2
BRDA:247,19,0,37
BRDA:247,19,1,2
BRDA:248,20,0,39
BRDA:248,20,1,37
BRDA:258,21,0,2
BRDA:258,21,1,37
BRDA:259,22,0,2
BRDA:259,22,1,37
BRDA:267,23,0,2
BRDA:267,23,1,37
BRDA:276,24,0,2
BRDA:276,24,1,37
BRDA:277,25,0,39
BRDA:277,25,1,2
BRDA:299,26,0,34
BRDA:299,26,1,5
BRDA:305,27,0,34
BRDA:305,27,1,5
BRDA:306,28,0,34
BRDA:306,28,1,5
BRDA:316,29,0,5
BRDA:316,29,1,34
BRDA:322,30,0,5
BRDA:322,30,1,34
BRDA:323,31,0,5
BRDA:323,31,1,34
BRDA:330,32,0,34
BRDA:330,32,1,5
BRDA:339,33,0,1
BRDA:339,33,1,33
BRDA:416,34,0,0
BRDA:416,34,1,39
BRF:70
BRH:62
end_of_record
TN:
SF:components\HeaderWithBackButton.tsx
FN:32,HeaderWithBackButton
FN:37,(anonymous_1)
FN:61,(anonymous_2)
FN:93,(anonymous_3)
FN:96,(anonymous_4)
FN:104,(anonymous_5)
FNF:6
FNH:4
FNDA:46,HeaderWithBackButton
FNDA:2,(anonymous_1)
FNDA:2,(anonymous_2)
FNDA:1,(anonymous_3)
FNDA:0,(anonymous_4)
FNDA:0,(anonymous_5)
DA:33,46
DA:34,46
DA:35,46
DA:37,46
DA:38,2
DA:39,1
DA:41,1
DA:46,46
DA:47,2
DA:61,2
DA:88,44
DA:94,1
DA:96,0
DA:104,0
LF:14
LH:12
BRDA:38,0,0,1
BRDA:38,0,1,1
BRDA:46,1,0,2
BRDA:46,1,1,44
BRDA:62,2,0,0
BRDA:62,2,1,2
BRDA:77,3,0,2
BRDA:77,3,1,2
BRDA:97,4,0,0
BRDA:97,4,1,0
BRDA:104,5,0,22
BRDA:104,5,1,22
BRF:12
BRH:9
end_of_record
TN:
SF:components\Input.tsx
FN:36,Input
FN:52,(anonymous_1)
FN:68,(anonymous_2)
FN:154,(anonymous_3)
FN:155,(anonymous_4)
FNF:5
FNH:5
FNDA:26,Input
FNDA:26,(anonymous_1)
FNDA:26,(anonymous_2)
FNDA:1,(anonymous_3)
FNDA:1,(anonymous_4)
DA:48,26
DA:49,26
DA:52,26
DA:53,26
DA:55,26
DA:57,4
DA:59,2
DA:61,2
DA:63,18
DA:68,26
DA:69,26
DA:71,4
DA:77,2
DA:81,2
DA:86,2
DA:91,2
DA:97,14
DA:101,26
DA:102,26
DA:103,26
DA:105,26
DA:154,1
DA:155,1
DA:185,22
LF:24
LH:24
BRDA:42,0,0,8
BRDA:43,1,0,24
BRDA:53,2,0,0
BRDA:53,2,1,26
BRDA:55,3,0,4
BRDA:55,3,1,2
BRDA:55,3,2,2
BRDA:55,3,3,18
BRDA:69,4,0,4
BRDA:69,4,1,2
BRDA:69,4,2,2
BRDA:69,4,3,2
BRDA:69,4,4,2
BRDA:69,4,5,14
BRDA:88,5,0,2
BRDA:88,5,1,2
BRDA:103,6,0,26
BRDA:103,6,1,24
BRDA:107,7,0,26
BRDA:107,7,1,16
BRDA:120,8,0,16
BRDA:120,8,1,2
BRDA:127,9,0,26
BRDA:127,9,1,2
BRDA:130,10,0,2
BRDA:130,10,1,24
BRDA:130,11,0,1
BRDA:130,11,1,23
BRDA:131,12,0,1
BRDA:131,12,1,25
BRDA:137,13,0,26
BRDA:137,13,1,8
BRDA:138,14,0,8
BRDA:138,14,1,0
BRDA:146,15,0,26
BRDA:146,15,1,2
BRDA:160,16,0,26
BRDA:160,16,1,0
BRDA:161,17,0,0
BRDA:161,17,1,0
BRDA:167,18,0,26
BRDA:167,18,1,24
BRDA:167,18,2,4
BRDA:172,19,0,2
BRDA:172,19,1,2
BRDA:178,20,0,4
BRDA:178,20,1,2
BRF:47
BRH:42
end_of_record
TN:
SF:components\NativeAd.tsx
FN:18,NativeAd
FN:62,(anonymous_1)
FNF:2
FNH:2
FNDA:2,NativeAd
FNDA:2,(anonymous_1)
DA:26,2
DA:28,2
DA:62,2
DA:77,1
LF:4
LH:4
BRDA:23,0,0,2
BRDA:51,1,0,2
BRDA:51,1,1,2
BRDA:64,2,0,0
BRDA:64,2,1,2
BRF:5
BRH:4
end_of_record
TN:
SF:components\PopupAd.tsx
FN:19,PopupAd
FN:46,(anonymous_1)
FN:66,(anonymous_2)
FN:78,(anonymous_3)
FN:82,(anonymous_4)
FNF:5
FNH:5
FNDA:4,PopupAd
FNDA:4,(anonymous_1)
FNDA:4,(anonymous_2)
FNDA:1,(anonymous_3)
FNDA:4,(anonymous_4)
DA:8,1
DA:27,4
DA:29,4
DA:46,4
DA:66,4
DA:79,1
DA:80,1
DA:82,4
DA:101,1
LF:9
LH:9
BRDA:23,0,0,4
BRDA:48,1,0,0
BRDA:48,1,1,4
BRDA:69,2,0,0
BRDA:69,2,1,4
BRDA:85,3,0,0
BRDA:85,3,1,4
BRF:7
BRH:4
end_of_record
TN:
SF:components\ProductDetailModal.tsx
FN:30,ProductDetailModal
FN:56,(anonymous_1)
FN:134,(anonymous_2)
FN:168,(anonymous_3)
FNF:4
FNH:4
FNDA:8,ProductDetailModal
FNDA:8,(anonymous_1)
FNDA:32,(anonymous_2)
FNDA:1,(anonymous_3)
DA:38,8
DA:39,8
DA:41,8
DA:43,8
DA:47,8
DA:56,8
DA:135,32
DA:169,1
DA:170,1
DA:184,18
LF:10
LH:10
BRDA:36,0,0,6
BRDA:41,1,0,0
BRDA:41,1,1,8
BRDA:43,2,0,4
BRDA:43,2,1,4
BRDA:56,3,0,0
BRDA:56,3,1,8
BRDA:66,4,0,8
BRDA:66,4,1,4
BRDA:103,5,0,8
BRDA:103,5,1,4
BRDA:111,6,0,6
BRDA:111,6,1,2
BRDA:112,7,0,6
BRDA:112,7,1,2
BRDA:113,8,0,6
BRDA:113,8,1,2
BRDA:114,9,0,6
BRDA:114,9,1,2
BRDA:124,10,0,8
BRDA:124,10,1,2
BRDA:146,11,0,8
BRDA:146,11,1,0
BRDA:159,12,0,8
BRDA:159,12,1,2
BRDA:167,13,0,2
BRDA:167,13,1,6
BRF:27
BRH:24
end_of_record
TN:
SF:components\QRScanner.tsx
FN:16,QRScanner
FN:27,(anonymous_1)
FN:31,(anonymous_2)
FN:86,(anonymous_3)
FNF:4
FNH:4
FNDA:6,QRScanner
FNDA:1,(anonymous_1)
FNDA:1,(anonymous_2)
FNDA:4,(anonymous_3)
DA:22,6
DA:23,6
DA:24,6
DA:25,6
DA:27,6
DA:28,1
DA:29,1
DA:30,1
DA:31,1
DA:32,1
DA:33,1
DA:38,6
DA:39,0
DA:42,6
DA:43,2
DA:77,4
DA:86,4
DA:124,2
LF:18
LH:17
BRDA:20,0,0,6
BRDA:28,1,0,1
BRDA:28,1,1,0
BRDA:38,2,0,0
BRDA:38,2,1,6
BRDA:42,3,0,2
BRDA:42,3,1,4
BRDA:91,4,0,0
BRDA:91,4,1,4
BRDA:102,5,0,1
BRDA:102,5,1,3
BRF:11
BRH:8
end_of_record
TN:
SF:components\ServiceCard.tsx
FN:15,ServiceCard
FN:29,(anonymous_1)
FNF:2
FNH:2
FNDA:4,ServiceCard
FNDA:5,(anonymous_1)
DA:23,4
DA:25,4
DA:29,5
DA:98,2
LF:4
LH:4
BRDA:36,0,0,1
BRDA:36,0,1,4
BRDA:43,1,0,4
BRDA:43,1,1,2
BRDA:73,2,0,4
BRDA:73,2,1,4
BRF:6
BRH:6
end_of_record
TN:
SF:components\SplashAd.tsx
FN:23,SplashAd
FN:36,(anonymous_1)
FN:46,(anonymous_2)
FN:47,(anonymous_3)
FN:57,(anonymous_4)
FN:67,(anonymous_5)
FN:97,(anonymous_6)
FN:137,(anonymous_7)
FN:145,(anonymous_8)
FNF:9
FNH:9
FNDA:13,SplashAd
FNDA:5,(anonymous_1)
FNDA:3,(anonymous_2)
FNDA:3,(anonymous_3)
FNDA:4,(anonymous_4)
FNDA:1,(anonymous_5)
FNDA:3,(anonymous_6)
FNDA:2,(anonymous_7)
FNDA:2,(anonymous_8)
DA:11,5
DA:12,5
DA:31,13
DA:32,13
DA:33,13
DA:34,13
DA:36,13
DA:37,5
DA:38,4
DA:39,4
DA:42,4
DA:43,2
DA:46,4
DA:47,3
DA:48,3
DA:49,3
DA:50,3
DA:51,3
DA:53,0
DA:57,4
DA:58,4
DA:60,4
DA:61,0
DA:67,13
DA:68,1
DA:70,1
DA:71,1
DA:73,1
DA:77,13
DA:97,3
DA:139,2
DA:140,1
DA:142,2
DA:143,2
DA:145,2
DA:161,5
LF:36
LH:34
BRDA:27,0,0,4
BRDA:37,1,0,4
BRDA:37,1,1,1
BRDA:42,2,0,2
BRDA:42,2,1,2
BRDA:48,3,0,3
BRDA:48,3,1,0
BRDA:60,4,0,0
BRDA:60,4,1,4
BRDA:68,5,0,1
BRDA:68,5,1,0
BRDA:70,6,0,1
BRDA:70,6,1,0
BRDA:94,7,0,13
BRDA:94,7,1,3
BRDA:100,8,0,0
BRDA:100,8,1,3
BRDA:112,9,0,13
BRDA:112,9,1,10
BRDA:135,10,0,13
BRDA:135,10,1,3
BRDA:135,10,2,2
BRDA:139,11,0,1
BRDA:139,11,1,1
BRDA:147,12,0,0
BRDA:147,12,1,2
BRF:26
BRH:20
end_of_record
TN:
SF:components\VlogServiceCard.tsx
FN:17,VlogServiceCard
FN:33,(anonymous_1)
FNF:2
FNH:2
FNDA:2,VlogServiceCard
FNDA:2,(anonymous_1)
DA:27,2
DA:29,2
DA:33,2
DA:129,1
LF:4
LH:4
BRDA:39,0,0,0
BRDA:39,0,1,2
BRDA:44,1,0,2
BRDA:44,1,1,0
BRDA:75,2,0,2
BRDA:75,2,1,2
BRF:6
BRH:4
end_of_record
TN:
SF:components\WalletCard.tsx
FN:15,WalletCard
FN:18,(anonymous_1)
FN:19,(anonymous_2)
FN:35,(anonymous_3)
FN:57,(anonymous_4)
FN:71,(anonymous_5)
FNF:6
FNH:6
FNDA:5,WalletCard
FNDA:1,(anonymous_1)
FNDA:1,(anonymous_2)
FNDA:1,(anonymous_3)
FNDA:5,(anonymous_4)
FNDA:5,(anonymous_5)
DA:21,5
DA:22,5
DA:24,5
DA:35,1
DA:57,5
DA:71,5
DA:87,2
LF:7
LH:7
BRDA:16,0,0,0
BRDA:17,1,0,0
BRDA:18,2,0,2
BRDA:19,3,0,2
BRDA:36,4,0,4
BRDA:36,4,1,1
BRDA:45,5,0,4
BRDA:45,5,1,1
BRDA:45,6,0,4
BRDA:45,6,1,0
BRDA:50,7,0,5
BRDA:50,7,1,0
BRDA:59,8,0,0
BRDA:59,8,1,5
BRDA:73,9,0,0
BRDA:73,9,1,5
BRF:16
BRH:10
end_of_record
TN:
SF:components\index.ts
FNF:0
FNH:0
LF:0
LH:0
BRF:0
BRH:0
end_of_record
TN:
SF:components\atoms\AnimatedButton.tsx
FN:26,AnimatedButton
FN:37,(anonymous_1)
FN:41,(anonymous_2)
FN:46,(anonymous_3)
FN:90,(anonymous_4)
FNF:5
FNH:5
FNDA:4,AnimatedButton
FNDA:1,(anonymous_1)
FNDA:1,(anonymous_2)
FNDA:4,(anonymous_3)
FNDA:4,(anonymous_4)
DA:34,4
DA:35,4
DA:37,4
DA:38,1
DA:41,1
DA:42,1
DA:46,4
DA:47,4
DA:49,0
DA:54,0
DA:59,0
DA:64,0
DA:69,4
DA:76,4
DA:78,4
DA:90,4
LF:16
LH:12
BRDA:29,0,0,4
BRDA:30,1,0,4
BRDA:31,2,0,2
BRDA:38,3,0,0
BRDA:38,3,1,1
BRDA:38,4,0,1
BRDA:38,4,1,1
BRDA:47,5,0,0
BRDA:47,5,1,0
BRDA:47,5,2,0
BRDA:47,5,3,0
BRDA:47,5,4,4
BRDA:92,6,0,0
BRDA:92,6,1,4
BRDA:92,7,0,0
BRDA:92,7,1,4
BRDA:93,8,0,0
BRDA:93,8,1,4
BRDA:93,9,0,0
BRDA:93,9,1,4
BRDA:96,10,0,2
BRDA:96,10,1,2
BRDA:96,11,0,4
BRDA:96,11,1,4
BRDA:102,12,0,0
BRDA:102,12,1,4
BRDA:102,13,0,0
BRDA:102,13,1,4
BRF:28
BRH:17
end_of_record
TN:
SF:components\atoms\AnimatedQuantityButton.tsx
FN:60,AnimatedQuantityButton
FN:73,(anonymous_1)
FN:90,(anonymous_2)
FN:126,(anonymous_3)
FNF:4
FNH:4
FNDA:16,AnimatedQuantityButton
FNDA:4,(anonymous_1)
FNDA:3,(anonymous_2)
FNDA:16,(anonymous_3)
DA:69,16
DA:70,16
DA:71,16
DA:73,16
DA:74,4
DA:77,3
DA:78,3
DA:81,3
DA:91,3
DA:95,16
DA:126,16
LF:11
LH:11
BRDA:62,0,0,14
BRDA:65,1,0,4
BRDA:66,2,0,4
BRDA:67,3,0,4
BRDA:74,4,0,1
BRDA:74,4,1,3
BRDA:74,5,0,4
BRDA:74,5,1,3
BRDA:98,6,0,16
BRDA:98,6,1,12
BRDA:134,7,0,2
BRDA:134,7,1,14
BRDA:134,8,0,16
BRDA:134,8,1,16
BRF:14
BRH:14
end_of_record
TN:
SF:components\atoms\Avatar.tsx
FN:32,Avatar
FN:70,(anonymous_1)
FNF:2
FNH:2
FNDA:2,Avatar
FNDA:2,(anonymous_1)
DA:38,2
DA:40,2
DA:67,2
DA:70,2
DA:72,2
DA:73,0
DA:74,0
DA:91,2
DA:92,2
DA:109,0
DA:118,2
DA:136,66
LF:12
LH:9
BRDA:35,0,0,2
BRDA:72,1,0,0
BRDA:72,1,1,2
BRDA:73,2,0,0
BRDA:73,2,1,0
BRDA:91,3,0,2
BRDA:91,3,1,0
BRF:7
BRH:3
end_of_record
TN:
SF:components\atoms\Badge.tsx
FN:34,Badge
FN:115,(anonymous_1)
FNF:2
FNH:2
FNDA:48,Badge
FNDA:2,(anonymous_1)
DA:41,48
DA:43,48
DA:66,48
DA:88,48
DA:102,48
DA:113,48
DA:114,2
DA:115,2
DA:121,46
DA:124,66
LF:10
LH:10
BRDA:36,0,0,4
BRDA:37,1,0,20
BRDA:113,2,0,2
BRDA:113,2,1,46
BRDA:115,3,0,0
BRDA:115,3,1,2
BRF:6
BRH:5
end_of_record
TN:
SF:components\atoms\LoadingSpinner.tsx
FN:28,LoadingSpinner
FNF:1
FNH:1
FNDA:4,LoadingSpinner
DA:33,4
DA:36,4
DA:49,4
DA:50,2
DA:62,2
DA:65,66
LF:6
LH:6
BRDA:29,0,0,4
BRDA:31,1,0,2
BRDA:38,2,0,4
BRDA:38,2,1,4
BRDA:49,3,0,2
BRDA:49,3,1,2
BRF:6
BRH:6
end_of_record
TN:
SF:components\atoms\Skeleton.tsx
FN:28,Skeleton
FN:37,(anonymous_1)
FNF:2
FNH:2
FNDA:2,Skeleton
FNDA:1,(anonymous_1)
DA:34,2
DA:35,2
DA:37,2
DA:38,1
DA:54,2
DA:71,66
LF:6
LH:6
BRDA:29,0,0,2
BRDA:30,1,0,2
BRDA:31,2,0,2
BRF:3
BRH:3
end_of_record
TN:
SF:components\atoms\StyledCloseButton.tsx
FN:55,StyledCloseButton
FN:70,(anonymous_1)
FN:76,(anonymous_2)
FN:95,(anonymous_3)
FNF:4
FNH:4
FNDA:43,StyledCloseButton
FNDA:16,(anonymous_1)
FNDA:2,(anonymous_2)
FNDA:1,(anonymous_3)
DA:62,43
DA:65,43
DA:66,43
DA:67,43
DA:70,43
DA:71,16
DA:72,11
DA:76,43
DA:77,2
DA:79,1
DA:82,1
DA:83,1
DA:86,1
DA:97,1
DA:98,1
DA:102,43
LF:16
LH:16
BRDA:57,0,0,43
BRDA:58,1,0,41
BRDA:60,2,0,4
BRDA:65,3,0,33
BRDA:65,3,1,10
BRDA:66,4,0,33
BRDA:66,4,1,10
BRDA:71,5,0,11
BRDA:71,5,1,5
BRDA:77,6,0,1
BRDA:77,6,1,1
BRDA:77,7,0,2
BRDA:77,7,1,1
BRDA:134,8,0,0
BRDA:134,8,1,43
BRF:15
BRH:14
end_of_record
TN:
SF:components\atoms\Typography.tsx
FN:45,Heading
FN:108,Body
FN:153,Caption
FN:191,Label
FN:230,Link
FN:267,Strong
FN:287,Muted
FNF:7
FNH:7
FNDA:100,Heading
FNDA:653,Body
FNDA:213,Caption
FNDA:2,Label
FNDA:2,Link
FNDA:1,Strong
FNDA:2,Muted
DA:53,100
DA:55,100
DA:78,100
DA:116,653
DA:118,653
DA:124,653
DA:160,213
DA:162,213
DA:199,2
DA:201,2
DA:237,2
DA:239,2
DA:268,1
DA:288,2
DA:290,2
DA:309,67
LF:16
LH:16
BRDA:46,0,0,0
BRDA:48,1,0,72
BRDA:84,2,0,100
BRDA:84,2,1,100
BRDA:109,3,0,595
BRDA:111,4,0,629
BRDA:130,5,0,653
BRDA:130,5,1,653
BRDA:155,6,0,213
BRDA:168,7,0,213
BRDA:168,7,1,213
BRDA:193,8,0,0
BRDA:194,9,0,2
BRDA:207,10,0,2
BRDA:207,10,1,2
BRDA:215,11,0,2
BRDA:215,11,1,2
BRDA:232,12,0,2
BRDA:245,13,0,2
BRDA:245,13,1,2
BRF:20
BRH:18
end_of_record
TN:
SF:components\atoms\index.ts
FNF:0
FNH:0
LF:0
LH:0
BRF:0
BRH:0
end_of_record
TN:
SF:components\layouts\ContentCard.tsx
FN:24,ContentCard
FN:48,(anonymous_1)
FNF:2
FNH:2
FNDA:4,ContentCard
FNDA:2,(anonymous_1)
DA:32,4
DA:34,4
DA:44,4
DA:45,2
DA:48,2
DA:58,2
LF:6
LH:6
BRDA:27,0,0,4
BRDA:28,1,0,4
BRDA:30,2,0,2
BRDA:40,3,0,4
BRDA:40,3,1,0
BRDA:44,4,0,2
BRDA:44,4,1,2
BRDA:44,5,0,4
BRDA:44,5,1,4
BRDA:50,6,0,0
BRDA:50,6,1,2
BRF:11
BRH:9
end_of_record
TN:
SF:components\layouts\FilterChip.tsx
FN:24,FilterChip
FNF:1
FNH:1
FNDA:2,FilterChip
DA:31,2
DA:33,2
LF:2
LH:2
BRDA:38,0,0,0
BRDA:38,0,1,2
BRDA:43,1,0,0
BRDA:43,1,1,2
BRDA:46,2,0,0
BRDA:46,2,1,2
BRDA:54,3,0,0
BRDA:54,3,1,2
BRF:8
BRH:4
end_of_record
TN:
SF:components\layouts\PageContainer.tsx
FN:26,PageContainer
FNF:1
FNH:1
FNDA:4,PageContainer
DA:34,4
DA:36,4
DA:42,4
DA:47,4
DA:48,2
DA:61,2
LF:6
LH:6
BRDA:28,0,0,2
BRDA:29,1,0,4
BRDA:30,2,0,4
BRDA:47,3,0,2
BRDA:47,3,1,2
BRF:5
BRH:5
end_of_record
TN:
SF:components\layouts\index.ts
FNF:0
FNH:0
LF:0
LH:0
BRF:0
BRH:0
end_of_record
TN:
SF:components\molecules\CategoryCard.tsx
FN:22,CategoryCard
FN:35,(anonymous_1)
FNF:2
FNH:2
FNDA:2,CategoryCard
FNDA:2,(anonymous_1)
DA:7,22
DA:30,2
DA:32,2
DA:35,2
DA:121,22
LF:5
LH:5
BRDA:40,0,0,0
BRDA:40,0,1,2
BRDA:41,1,0,0
BRDA:41,1,1,2
BRDA:47,2,0,2
BRDA:47,2,1,2
BRDA:76,3,0,0
BRDA:76,3,1,2
BRF:8
BRH:5
end_of_record
TN:
SF:components\molecules\CoinServiceCard.tsx
FN:15,CoinServiceCard
FN:23,(anonymous_1)
FNF:2
FNH:2
FNDA:8,CoinServiceCard
FNDA:8,(anonymous_1)
DA:21,8
DA:23,8
DA:24,8
DA:25,2
DA:28,8
DA:30,8
LF:6
LH:6
BRDA:24,0,0,6
BRDA:24,0,1,2
BRDA:48,1,0,8
BRDA:48,1,1,2
BRDA:94,2,0,8
BRDA:94,2,1,2
BRF:6
BRH:6
end_of_record
TN:
SF:components\molecules\Counter.tsx
FN:38,Counter
FN:49,(anonymous_1)
FN:55,(anonymous_2)
FN:76,(anonymous_3)
FN:103,(anonymous_4)
FNF:5
FNH:5
FNDA:14,Counter
FNDA:2,(anonymous_1)
FNDA:2,(anonymous_2)
FNDA:14,(anonymous_3)
FNDA:14,(anonymous_4)
DA:47,14
DA:49,14
DA:50,2
DA:51,0
DA:55,14
DA:56,2
DA:57,1
DA:61,14
DA:62,14
DA:64,14
DA:76,14
DA:103,14
DA:119,23
LF:13
LH:12
BRDA:41,0,0,10
BRDA:42,1,0,10
BRDA:43,2,0,14
BRDA:45,3,0,12
BRDA:50,4,0,0
BRDA:50,4,1,2
BRDA:50,5,0,2
BRDA:50,5,1,1
BRDA:56,6,0,1
BRDA:56,6,1,1
BRDA:56,7,0,2
BRDA:56,7,1,2
BRDA:61,8,0,14
BRDA:61,8,1,12
BRDA:62,9,0,14
BRDA:62,9,1,14
BRDA:66,10,0,14
BRDA:66,10,1,8
BRDA:79,11,0,10
BRDA:79,11,1,4
BRDA:80,12,0,0
BRDA:80,12,1,14
BRDA:80,13,0,14
BRDA:80,13,1,0
BRDA:85,14,0,10
BRDA:85,14,1,4
BRDA:106,15,0,12
BRDA:106,15,1,2
BRDA:107,16,0,0
BRDA:107,16,1,14
BRDA:107,17,0,14
BRDA:107,17,1,0
BRDA:112,18,0,12
BRDA:112,18,1,2
BRF:34
BRH:29
end_of_record
TN:
SF:components\molecules\DatePicker.tsx
FN:56,DatePicker
FN:74,(anonymous_1)
FN:91,(anonymous_2)
FN:118,(anonymous_3)
FN:122,(anonymous_4)
FN:127,(anonymous_5)
FN:151,(anonymous_6)
FN:161,(anonymous_7)
FN:167,(anonymous_8)
FN:183,(anonymous_9)
FN:204,(anonymous_10)
FN:208,(anonymous_11)
FN:219,(anonymous_12)
FN:237,(anonymous_13)
FN:238,(anonymous_14)
FN:248,(anonymous_15)
FN:258,(anonymous_16)
FN:269,(anonymous_17)
FN:280,(anonymous_18)
FN:292,(anonymous_19)
FN:294,(anonymous_20)
FN:328,(anonymous_21)
FNF:22
FNH:20
FNDA:34,DatePicker
FNDA:19,(anonymous_1)
FNDA:34,(anonymous_2)
FNDA:1,(anonymous_3)
FNDA:1,(anonymous_4)
FNDA:4,(anonymous_5)
FNDA:1021,(anonymous_6)
FNDA:1021,(anonymous_7)
FNDA:1021,(anonymous_8)
FNDA:6,(anonymous_9)
FNDA:1,(anonymous_10)
FNDA:0,(anonymous_11)
FNDA:0,(anonymous_12)
FNDA:1,(anonymous_13)
FNDA:10,(anonymous_14)
FNDA:10,(anonymous_15)
FNDA:10,(anonymous_16)
FNDA:238,(anonymous_17)
FNDA:1205,(anonymous_18)
FNDA:3,(anonymous_19)
FNDA:301,(anonymous_20)
FNDA:2,(anonymous_21)
DA:68,34
DA:69,34
DA:70,34
DA:71,34
DA:74,34
DA:75,19
DA:76,11
DA:84,34
DA:91,34
DA:92,34
DA:93,34
DA:94,34
DA:95,34
DA:96,34
DA:97,34
DA:99,34
DA:102,34
DA:103,184
DA:107,34
DA:108,1021
DA:111,34
DA:114,34
DA:115,34
DA:118,34
DA:119,1
DA:122,34
DA:123,1
DA:127,34
DA:128,4
DA:129,1
DA:130,1
DA:133,3
DA:135,2
DA:136,2
DA:139,1
DA:140,1
DA:142,0
DA:144,1
DA:145,1
DA:151,34
DA:152,1021
DA:153,511
DA:155,510
DA:156,30
DA:161,34
DA:162,1021
DA:163,1021
DA:167,34
DA:168,1021
DA:169,964
DA:170,964
DA:173,34
DA:183,6
DA:204,1
DA:208,0
DA:219,0
DA:237,1
DA:238,10
DA:248,10
DA:258,10
DA:270,238
DA:281,1205
DA:282,184
DA:285,1021
DA:286,1021
DA:287,1021
DA:289,1021
DA:292,3
DA:294,301
DA:328,2
DA:345,25
LF:71
LH:68
BRDA:62,0,0,26
BRDA:63,1,0,17
BRDA:70,2,0,34
BRDA:70,2,1,25
BRDA:75,3,0,8
BRDA:75,3,1,11
BRDA:84,4,0,17
BRDA:84,4,1,17
BRDA:85,5,0,1
BRDA:85,5,1,16
BRDA:85,6,0,17
BRDA:85,6,1,2
BRDA:128,7,0,1
BRDA:128,7,1,3
BRDA:133,8,0,2
BRDA:133,8,1,1
BRDA:133,9,0,3
BRDA:133,9,1,1
BRDA:133,9,2,1
BRDA:139,10,0,1
BRDA:139,10,1,0
BRDA:152,11,0,511
BRDA:152,11,1,510
BRDA:153,12,0,511
BRDA:153,12,1,271
BRDA:155,13,0,480
BRDA:155,13,1,30
BRDA:155,14,0,510
BRDA:155,14,1,60
BRDA:156,15,0,30
BRDA:156,15,1,21
BRDA:168,16,0,57
BRDA:168,16,1,964
BRDA:168,17,0,1021
BRDA:168,17,1,90
BRDA:169,18,0,0
BRDA:169,18,1,964
BRDA:169,19,0,964
BRDA:169,19,1,0
BRDA:175,20,0,34
BRDA:175,20,1,8
BRDA:194,21,0,10
BRDA:194,21,1,24
BRDA:194,22,0,34
BRDA:194,22,1,25
BRDA:194,22,2,2
BRDA:238,23,0,0
BRDA:238,23,1,10
BRDA:250,24,0,0
BRDA:250,24,1,10
BRDA:260,25,0,0
BRDA:260,25,1,10
BRDA:281,26,0,184
BRDA:281,26,1,1021
BRDA:292,27,0,3
BRDA:292,27,1,2
BRDA:296,28,0,301
BRDA:296,28,1,3
BRDA:299,29,0,301
BRDA:299,29,1,8
BRDA:299,29,2,6
BRDA:303,30,0,301
BRDA:303,30,1,0
BRDA:303,30,2,0
BRDA:306,31,0,301
BRDA:306,31,1,19
BRDA:313,32,0,14
BRDA:313,32,1,1007
BRDA:314,33,0,30
BRDA:314,33,1,991
BRF:70
BRH:62
end_of_record
TN:
SF:components\molecules\DigitalServiceCard.tsx
FN:22,DigitalServiceCard
FN:33,(anonymous_1)
FNF:2
FNH:2
FNDA:4,DigitalServiceCard
FNDA:4,(anonymous_1)
DA:7,22
DA:31,4
DA:33,4
DA:34,4
DA:35,4
DA:38,4
DA:40,4
DA:195,22
LF:8
LH:8
BRDA:34,0,0,0
BRDA:34,0,1,4
BRDA:53,1,0,4
BRDA:53,1,1,4
BRDA:125,2,0,4
BRDA:125,2,1,2
BRDA:167,3,0,4
BRDA:167,3,1,4
BRF:8
BRH:7
end_of_record
TN:
SF:components\molecules\EmptyState.tsx
FN:36,EmptyState
FNF:1
FNH:1
FNDA:10,EmptyState
DA:43,10
DA:71,22
LF:2
LH:2
BRDA:46,0,0,10
BRDA:46,0,1,1
BRDA:52,1,0,9
BRDA:52,1,1,1
BRDA:58,2,0,10
BRDA:58,2,1,9
BRDA:58,2,2,9
BRF:7
BRH:7
end_of_record
TN:
SF:components\molecules\ErrorState.tsx
FN:35,ErrorState
FNF:1
FNH:1
FNDA:4,ErrorState
DA:41,4
DA:43,4
DA:69,22
LF:3
LH:3
BRDA:36,0,0,4
BRDA:38,1,0,2
BRDA:56,2,0,4
BRDA:56,2,1,2
BRF:4
BRH:4
end_of_record
TN:
SF:components\molecules\ExclusiveDigitalServiceCard.tsx
FN:22,ExclusiveDigitalServiceCard
FN:34,(anonymous_1)
FN:207,(anonymous_2)
FNF:3
FNH:3
FNDA:4,ExclusiveDigitalServiceCard
FNDA:4,(anonymous_1)
FNDA:4,(anonymous_2)
DA:32,4
DA:34,4
DA:35,4
DA:36,4
DA:39,4
DA:41,4
DA:207,4
DA:236,22
LF:8
LH:8
BRDA:35,0,0,0
BRDA:35,0,1,4
BRDA:48,1,0,0
BRDA:48,1,1,4
BRDA:83,2,0,4
BRDA:83,2,1,4
BRDA:137,3,0,4
BRDA:137,3,1,4
BRDA:149,4,0,4
BRDA:149,4,1,4
BRDA:189,5,0,4
BRDA:189,5,1,0
BRDA:212,6,0,0
BRDA:212,6,1,4
BRDA:213,7,0,0
BRDA:213,7,1,4
BRF:16
BRH:11
end_of_record
TN:
SF:components\molecules\ExclusiveServiceCard.tsx
FN:18,ExclusiveServiceCard
FN:28,(anonymous_1)
FN:123,(anonymous_2)
FNF:3
FNH:3
FNDA:21,ExclusiveServiceCard
FNDA:21,(anonymous_1)
FNDA:21,(anonymous_2)
DA:26,21
DA:28,21
DA:29,21
DA:30,2
DA:33,21
DA:35,21
DA:123,21
LF:7
LH:7
BRDA:29,0,0,19
BRDA:29,0,1,2
BRDA:106,1,0,21
BRDA:106,1,1,2
BRDA:132,2,0,0
BRDA:132,2,1,21
BRDA:133,3,0,0
BRDA:133,3,1,21
BRF:8
BRH:6
end_of_record
TN:
SF:components\molecules\ExclusiveTicketCard.tsx
FN:19,ExclusiveTicketCard
FN:31,(anonymous_1)
FN:106,(anonymous_2)
FNF:3
FNH:3
FNDA:23,ExclusiveTicketCard
FNDA:4,(anonymous_1)
FNDA:23,(anonymous_2)
DA:29,23
DA:31,23
DA:32,4
DA:33,4
DA:36,23
DA:106,23
DA:125,24
LF:7
LH:7
BRDA:32,0,0,0
BRDA:32,0,1,4
BRDA:41,1,0,19
BRDA:41,1,1,4
BRDA:70,2,0,23
BRDA:70,2,1,4
BRDA:110,3,0,0
BRDA:110,3,1,23
BRDA:111,4,0,0
BRDA:111,4,1,23
BRF:10
BRH:7
end_of_record
TN:
SF:components\molecules\FilterChips.tsx
FN:40,FilterChips
FN:49,(anonymous_1)
FN:66,(anonymous_2)
FN:72,(anonymous_3)
FN:73,(anonymous_4)
FNF:5
FNH:5
FNDA:22,FilterChips
FNDA:36,(anonymous_1)
FNDA:36,(anonymous_2)
FNDA:3,(anonymous_3)
FNDA:36,(anonymous_4)
DA:46,22
DA:49,22
DA:50,36
DA:51,32
DA:53,4
DA:56,22
DA:67,36
DA:69,36
DA:72,3
DA:73,36
LF:10
LH:10
BRDA:50,0,0,32
BRDA:50,0,1,4
BRDA:75,1,0,22
BRDA:75,1,1,14
BRDA:79,2,0,0
BRDA:79,2,1,36
BRDA:86,3,0,22
BRDA:86,3,1,14
BRF:8
BRH:7
end_of_record
TN:
SF:components\molecules\MapView.tsx
FN:72,(anonymous_0)
FN:92,(anonymous_1)
FN:108,(anonymous_2)
FN:175,(anonymous_3)
FN:185,(anonymous_4)
FN:188,(anonymous_5)
FN:213,(anonymous_6)
FN:222,(anonymous_7)
FN:227,(anonymous_8)
FNF:9
FNH:9
FNDA:8,(anonymous_0)
FNDA:1,(anonymous_1)
FNDA:8,(anonymous_2)
FNDA:1,(anonymous_3)
FNDA:2,(anonymous_4)
FNDA:1,(anonymous_5)
FNDA:6,(anonymous_6)
FNDA:22,(anonymous_7)
FNDA:1,(anonymous_8)
DA:72,2
DA:89,8
DA:90,8
DA:92,8
DA:93,1
DA:94,1
DA:96,1
DA:97,1
DA:104,1
DA:105,1
DA:108,8
DA:157,8
DA:175,1
DA:186,2
DA:188,1
DA:214,6
DA:222,22
DA:228,1
DA:229,1
DA:230,1
DA:231,1
DA:234,0
LF:22
LH:21
BRDA:82,0,0,6
BRDA:83,1,0,8
BRDA:84,2,0,8
BRDA:85,3,0,8
BRDA:86,4,0,8
BRDA:87,5,0,8
BRDA:94,6,0,1
BRDA:94,6,1,0
BRDA:96,7,0,1
BRDA:96,7,1,0
BRDA:173,8,0,8
BRDA:173,8,1,0
BRDA:174,9,0,8
BRDA:174,9,1,4
BRDA:174,9,2,4
BRDA:182,10,0,8
BRDA:182,10,1,2
BRDA:182,10,2,2
BRDA:230,11,0,1
BRDA:230,11,1,0
BRF:20
BRH:16
end_of_record
TN:
SF:components\molecules\PriceDisplay.tsx
FN:34,PriceDisplay
FNF:1
FNH:1
FNDA:28,PriceDisplay
DA:41,28
DA:43,28
DA:47,28
DA:53,28
DA:87,22
LF:5
LH:5
BRDA:37,0,0,0
BRDA:38,1,0,4
BRDA:39,2,0,28
BRDA:43,3,0,4
BRDA:43,3,1,24
BRDA:66,4,0,28
BRDA:66,4,1,26
BRDA:66,4,2,2
BRDA:73,5,0,28
BRDA:73,5,1,4
BRDA:73,5,2,4
BRF:11
BRH:10
end_of_record
TN:
SF:components\molecules\ProductCard.tsx
FN:20,ProductCard
FN:41,(anonymous_1)
FN:96,(anonymous_2)
FN:114,(anonymous_3)
FNF:4
FNH:4
FNDA:20,ProductCard
FNDA:2,(anonymous_1)
FNDA:2,(anonymous_2)
FNDA:18,(anonymous_3)
DA:21,20
DA:23,20
DA:30,20
DA:37,20
DA:38,2
DA:41,2
DA:96,2
DA:111,18
DA:114,18
DA:183,22
LF:10
LH:10
BRDA:20,0,0,2
BRDA:37,1,0,2
BRDA:37,1,1,18
BRDA:46,2,0,0
BRDA:46,2,1,2
BRDA:54,3,0,0
BRDA:54,3,1,2
BRDA:67,4,0,2
BRDA:67,4,1,2
BRDA:82,5,0,2
BRDA:82,5,1,2
BRDA:100,6,0,0
BRDA:100,6,1,2
BRDA:119,7,0,0
BRDA:119,7,1,18
BRDA:124,8,0,18
BRDA:124,8,1,2
BRDA:132,9,0,18
BRDA:132,9,1,2
BRDA:142,10,0,0
BRDA:142,10,1,18
BRDA:163,11,0,18
BRDA:163,11,1,2
BRF:23
BRH:18
end_of_record
TN:
SF:components\molecules\RatingDisplay.tsx
FN:34,RatingDisplay
FN:50,(anonymous_1)
FNF:2
FNH:2
FNDA:26,RatingDisplay
FNDA:130,(anonymous_1)
DA:41,26
DA:42,26
DA:44,26
DA:45,26
DA:47,26
DA:51,130
DA:52,130
DA:54,130
DA:80,22
LF:9
LH:9
BRDA:36,0,0,26
BRDA:38,1,0,4
BRDA:39,2,0,24
BRDA:42,3,0,26
BRDA:42,3,1,0
BRDA:42,4,0,0
BRDA:42,4,1,0
BRDA:42,5,0,0
BRDA:42,5,1,0
BRDA:52,6,0,130
BRDA:52,6,1,24
BRDA:58,7,0,122
BRDA:58,7,1,8
BRDA:58,8,0,130
BRDA:58,8,1,26
BRDA:59,9,0,122
BRDA:59,9,1,8
BRDA:59,10,0,130
BRDA:59,10,1,26
BRDA:65,11,0,26
BRDA:65,11,1,24
BRDA:71,12,0,26
BRDA:71,12,1,24
BRF:23
BRH:18
end_of_record
TN:
SF:components\molecules\SearchBar.tsx
FN:61,SearchBar
FN:78,(anonymous_1)
FN:82,(anonymous_2)
FN:86,(anonymous_3)
FN:91,(anonymous_4)
FN:93,(anonymous_5)
FN:99,(anonymous_6)
FN:103,(anonymous_7)
FN:151,(anonymous_8)
FN:175,(anonymous_9)
FN:177,(anonymous_10)
FN:179,(anonymous_11)
FN:180,(anonymous_12)
FNF:13
FNH:10
FNDA:13,SearchBar
FNDA:11,(anonymous_1)
FNDA:4,(anonymous_2)
FNDA:1,(anonymous_3)
FNDA:0,(anonymous_4)
FNDA:0,(anonymous_5)
FNDA:0,(anonymous_6)
FNDA:1,(anonymous_7)
FNDA:2,(anonymous_8)
FNDA:2,(anonymous_9)
FNDA:1,(anonymous_10)
FNDA:1,(anonymous_11)
FNDA:1,(anonymous_12)
DA:74,13
DA:75,13
DA:78,13
DA:79,11
DA:81,2
DA:82,4
DA:86,13
DA:87,1
DA:88,1
DA:91,13
DA:93,0
DA:94,0
DA:95,0
DA:99,13
DA:100,0
DA:103,13
DA:104,1
DA:105,1
DA:106,1
DA:109,13
DA:111,13
DA:151,2
DA:175,2
DA:178,1
DA:179,1
DA:180,1
DA:207,22
LF:27
LH:23
BRDA:64,0,0,0
BRDA:65,1,0,8
BRDA:67,2,0,8
BRDA:70,3,0,13
BRDA:71,4,0,13
BRDA:79,5,0,9
BRDA:79,5,1,2
BRDA:79,6,0,11
BRDA:79,6,1,2
BRDA:109,7,0,13
BRDA:109,7,1,2
BRDA:119,8,0,2
BRDA:119,8,1,11
BRDA:120,9,0,2
BRDA:120,9,1,11
BRDA:123,10,0,13
BRDA:123,10,1,2
BRDA:148,11,0,13
BRDA:148,11,1,11
BRDA:148,11,2,2
BRDA:153,12,0,0
BRDA:153,12,1,2
BRDA:162,13,0,13
BRDA:162,13,1,1
BRDA:183,14,0,0
BRDA:183,14,1,1
BRDA:184,15,0,0
BRDA:184,15,1,1
BRF:28
BRH:24
end_of_record
TN:
SF:components\molecules\SelectionGrid.tsx
FN:25,SelectionGrid
FN:37,(anonymous_1)
FN:46,(anonymous_2)
FN:47,(anonymous_3)
FNF:4
FNH:4
FNDA:4,SelectionGrid
FNDA:8,(anonymous_1)
FNDA:2,(anonymous_2)
FNDA:8,(anonymous_3)
DA:32,4
DA:33,4
DA:35,4
DA:38,8
DA:39,8
DA:40,8
DA:41,8
DA:43,8
DA:46,2
DA:47,8
DA:94,22
LF:11
LH:11
BRDA:29,0,0,2
BRDA:33,1,0,4
BRDA:33,1,1,4
BRDA:36,2,0,4
BRDA:36,2,1,2
BRDA:39,3,0,4
BRDA:39,3,1,4
BRDA:40,4,0,4
BRDA:40,4,1,4
BRDA:41,5,0,4
BRDA:41,5,1,4
BRDA:49,6,0,8
BRDA:49,6,1,4
BRDA:55,7,0,0
BRDA:55,7,1,8
BRDA:64,8,0,4
BRDA:64,8,1,4
BRDA:69,9,0,4
BRDA:69,9,1,4
BRDA:73,10,0,8
BRDA:73,10,1,4
BRDA:78,11,0,0
BRDA:78,11,1,4
BRF:23
BRH:21
end_of_record
TN:
SF:components\molecules\Stepper.tsx
FN:50,(anonymous_0)
FN:62,(anonymous_1)
FNF:2
FNH:2
FNDA:4,(anonymous_0)
FNDA:12,(anonymous_1)
DA:50,22
DA:56,4
DA:58,4
DA:63,12
LF:4
LH:4
BRDA:53,0,0,2
BRDA:54,1,0,2
BRDA:61,2,0,2
BRDA:61,2,1,2
BRDA:70,3,0,6
BRDA:70,3,1,6
BRDA:74,4,0,6
BRDA:74,4,1,6
BRDA:76,5,0,2
BRDA:76,5,1,10
BRDA:80,6,0,4
BRDA:80,6,1,6
BRDA:90,7,0,12
BRDA:90,7,1,8
BRDA:94,8,0,2
BRDA:94,8,1,6
BRDA:101,9,0,12
BRDA:101,9,1,6
BRDA:103,10,0,4
BRDA:103,10,1,2
BRDA:105,11,0,2
BRDA:105,11,1,4
BRDA:117,12,0,4
BRDA:117,12,1,2
BRF:24
BRH:24
end_of_record
TN:
SF:components\molecules\TicketEventCard.tsx
FN:18,TicketEventCard
FN:30,(anonymous_1)
FN:40,(anonymous_2)
FNF:3
FNH:3
FNDA:2,TicketEventCard
FNDA:2,(anonymous_1)
FNDA:2,(anonymous_2)
DA:28,2
DA:30,2
DA:31,2
DA:32,2
DA:35,2
DA:37,2
DA:40,2
DA:114,22
LF:8
LH:8
BRDA:31,0,0,0
BRDA:31,0,1,2
BRDA:44,1,0,0
BRDA:44,1,1,2
BRDA:50,2,0,2
BRDA:50,2,1,2
BRDA:87,3,0,2
BRDA:87,3,1,2
BRDA:99,4,0,2
BRDA:99,4,1,2
BRF:10
BRH:8
end_of_record
TN:
SF:components\molecules\index.ts
FNF:0
FNH:0
LF:0
LH:0
BRF:0
BRH:0
end_of_record
TN:
SF:components\organisms\BookingModal.tsx
FN:58,BookingModal
FN:92,(anonymous_1)
FNF:2
FNH:2
FNDA:18,BookingModal
FNDA:46,(anonymous_1)
DA:71,18
DA:73,18
DA:93,46
LF:3
LH:3
BRDA:68,0,0,16
BRDA:69,1,0,18
BRDA:86,2,0,18
BRDA:86,2,1,16
BRDA:97,3,0,46
BRDA:97,3,1,34
BRDA:98,4,0,46
BRDA:98,4,1,30
BRF:8
BRH:8
end_of_record
TN:
SF:components\organisms\BookingResultCard.tsx
FN:65,BookingResultCard
FN:114,(anonymous_1)
FN:126,(anonymous_2)
FNF:3
FNH:3
FNDA:22,BookingResultCard
FNDA:8,(anonymous_1)
FNDA:24,(anonymous_2)
DA:81,22
DA:83,22
DA:115,8
DA:127,24
LF:4
LH:4
BRDA:73,0,0,4
BRDA:74,1,0,4
BRDA:78,2,0,16
BRDA:79,3,0,18
BRDA:95,4,0,22
BRDA:95,4,1,14
BRDA:98,5,0,8
BRDA:98,5,1,6
BRDA:99,6,0,4
BRDA:99,6,1,2
BRDA:123,7,0,22
BRDA:123,7,1,18
BRF:12
BRH:12
end_of_record
TN:
SF:components\organisms\BookingsExample.tsx
FN:17,BookingExample
FN:30,(anonymous_1)
FN:48,(anonymous_2)
FN:49,(anonymous_3)
FN:57,(anonymous_4)
FN:69,(anonymous_5)
FN:86,(anonymous_6)
FN:87,(anonymous_7)
FN:104,(anonymous_8)
FN:112,(anonymous_9)
FN:123,(anonymous_10)
FNF:11
FNH:10
FNDA:14,BookingExample
FNDA:6,(anonymous_1)
FNDA:1,(anonymous_2)
FNDA:2,(anonymous_3)
FNDA:1,(anonymous_4)
FNDA:1,(anonymous_5)
FNDA:1,(anonymous_6)
FNDA:1,(anonymous_7)
FNDA:1,(anonymous_8)
FNDA:0,(anonymous_9)
FNDA:2,(anonymous_10)
DA:18,14
DA:19,14
DA:22,14
DA:30,14
DA:31,6
DA:48,1
DA:49,2
DA:55,14
DA:57,1
DA:67,14
DA:69,1
DA:79,14
DA:86,1
DA:88,1
DA:89,1
LF:15
LH:15
BRDA:39,0,0,6
BRDA:39,0,1,6
BRDA:45,1,0,6
BRDA:45,1,1,0
BRDA:46,2,0,6
BRDA:46,2,1,0
BRF:6
BRH:4
end_of_record
TN:
SF:components\organisms\BookingsTest.tsx
FN:14,BookingsTest
FN:22,(anonymous_1)
FN:23,(anonymous_2)
FN:46,(anonymous_3)
FN:47,(anonymous_4)
FNF:5
FNH:5
FNDA:6,BookingsTest
FNDA:1,(anonymous_1)
FNDA:1,(anonymous_2)
FNDA:1,(anonymous_3)
FNDA:1,(anonymous_4)
DA:15,6
DA:17,6
DA:22,1
DA:23,1
DA:46,1
DA:47,1
LF:6
LH:6
BRF:0
BRH:0
end_of_record
TN:
SF:components\organisms\BottomNav.tsx
FN:25,TabButton
FN:41,(anonymous_1)
FN:149,BottomNav
FN:154,(anonymous_3)
FN:177,(anonymous_4)
FN:185,(anonymous_5)
FNF:6
FNH:6
FNDA:24,TabButton
FNDA:12,(anonymous_1)
FNDA:6,BottomNav
FNDA:3,(anonymous_3)
FNDA:24,(anonymous_4)
FNDA:3,(anonymous_5)
DA:17,2
DA:38,24
DA:39,24
DA:41,24
DA:42,12
DA:44,3
DA:59,9
DA:74,24
DA:75,24
DA:77,24
DA:150,6
DA:151,6
DA:152,6
DA:154,6
DA:155,3
DA:158,6
DA:178,24
DA:180,24
DA:185,3
DA:196,2
LF:20
LH:20
BRDA:38,0,0,6
BRDA:38,0,1,18
BRDA:39,1,0,6
BRDA:39,1,1,18
BRDA:42,2,0,3
BRDA:42,2,1,9
BRDA:75,3,0,6
BRDA:75,3,1,18
BRDA:82,4,0,24
BRDA:82,4,1,6
BRDA:88,5,0,0
BRDA:88,5,1,24
BRDA:106,6,0,6
BRDA:106,6,1,18
BRDA:167,7,0,0
BRDA:167,7,1,6
BRDA:171,8,0,0
BRDA:171,8,1,6
BRF:18
BRH:15
end_of_record
TN:
SF:components\organisms\ClassFilters.tsx
FN:42,ClassFilters
FN:67,(anonymous_1)
FN:70,(anonymous_2)
FNF:3
FNH:3
FNDA:14,ClassFilters
FNDA:38,(anonymous_1)
FNDA:5,(anonymous_2)
DA:49,14
DA:51,14
DA:68,38
DA:70,5
LF:4
LH:4
BRDA:46,0,0,2
BRDA:53,1,0,14
BRDA:53,1,1,12
BRDA:75,2,0,14
BRDA:75,2,1,24
BRDA:77,3,0,14
BRDA:77,3,1,24
BRDA:84,4,0,14
BRDA:84,4,1,24
BRDA:95,5,0,14
BRDA:95,5,1,24
BRF:11
BRH:11
end_of_record
TN:
SF:components\organisms\CoinServiceGrid.tsx
FN:27,CoinServiceGrid
FN:49,(anonymous_1)
FN:60,(anonymous_2)
FNF:3
FNH:3
FNDA:2,CoinServiceGrid
FNDA:3,(anonymous_1)
FNDA:1,(anonymous_2)
DA:7,19
DA:33,2
DA:35,1
DA:50,3
DA:60,1
LF:5
LH:5
BRDA:29,0,0,1
BRDA:33,1,0,1
BRDA:33,1,1,1
BRDA:37,2,0,1
BRDA:37,2,1,1
BRDA:37,2,2,1
BRF:6
BRH:6
end_of_record
TN:
SF:components\organisms\ExclusiveCarousel.tsx
FN:26,ExclusiveCarousel
FN:38,(anonymous_1)
FN:41,(anonymous_2)
FN:42,(anonymous_3)
FN:56,(anonymous_4)
FN:72,(anonymous_5)
FN:75,(anonymous_6)
FN:93,(anonymous_7)
FNF:8
FNH:7
FNDA:9,ExclusiveCarousel
FNDA:3,(anonymous_1)
FNDA:3,(anonymous_2)
FNDA:3,(anonymous_3)
FNDA:1,(anonymous_4)
FNDA:0,(anonymous_5)
FNDA:17,(anonymous_6)
FNDA:15,(anonymous_7)
DA:6,20
DA:32,9
DA:33,9
DA:34,9
DA:35,9
DA:38,9
DA:39,3
DA:41,1
DA:42,3
DA:43,3
DA:44,3
DA:46,3
DA:47,1
DA:48,1
DA:51,2
DA:52,2
DA:56,1
DA:59,9
DA:61,7
DA:72,0
DA:76,17
DA:94,15
DA:95,15
LF:23
LH:22
BRDA:29,0,0,4
BRDA:30,1,0,9
BRDA:39,2,0,2
BRDA:39,2,1,1
BRDA:46,3,0,1
BRDA:46,3,1,2
BRDA:59,4,0,2
BRDA:59,4,1,7
BRDA:83,5,0,7
BRDA:83,5,1,5
BRDA:101,6,0,5
BRDA:101,6,1,10
BRDA:102,7,0,5
BRDA:102,7,1,10
BRF:14
BRH:14
end_of_record
TN:
SF:components\organisms\ExclusiveServicesCarousel.tsx
FN:25,ExclusiveServicesCarousel
FN:35,(anonymous_1)
FN:38,(anonymous_2)
FN:39,(anonymous_3)
FN:53,(anonymous_4)
FN:69,(anonymous_5)
FN:72,(anonymous_6)
FN:79,(anonymous_7)
FN:96,(anonymous_8)
FNF:9
FNH:8
FNDA:9,ExclusiveServicesCarousel
FNDA:3,(anonymous_1)
FNDA:3,(anonymous_2)
FNDA:3,(anonymous_3)
FNDA:2,(anonymous_4)
FNDA:0,(anonymous_5)
FNDA:19,(anonymous_6)
FNDA:1,(anonymous_7)
FNDA:19,(anonymous_8)
DA:7,20
DA:29,9
DA:30,9
DA:31,9
DA:32,9
DA:35,9
DA:36,3
DA:38,2
DA:39,3
DA:40,3
DA:41,3
DA:43,3
DA:44,1
DA:45,1
DA:48,2
DA:49,2
DA:53,2
DA:56,9
DA:58,7
DA:69,0
DA:73,19
DA:79,1
DA:97,19
DA:98,19
LF:24
LH:23
BRDA:36,0,0,1
BRDA:36,0,1,2
BRDA:43,1,0,1
BRDA:43,1,1,2
BRDA:56,2,0,2
BRDA:56,2,1,7
BRDA:86,3,0,7
BRDA:86,3,1,7
BRDA:104,4,0,7
BRDA:104,4,1,12
BRDA:105,5,0,7
BRDA:105,5,1,12
BRF:12
BRH:12
end_of_record
TN:
SF:components\organisms\ExclusiveTicketsCarousel.tsx
FN:24,ExclusiveTicketsCarousel
FN:34,(anonymous_1)
FN:37,(anonymous_2)
FN:38,(anonymous_3)
FN:52,(anonymous_4)
FN:68,(anonymous_5)
FN:71,(anonymous_6)
FN:80,(anonymous_7)
FN:97,(anonymous_8)
FNF:9
FNH:8
FNDA:9,ExclusiveTicketsCarousel
FNDA:3,(anonymous_1)
FNDA:3,(anonymous_2)
FNDA:3,(anonymous_3)
FNDA:2,(anonymous_4)
FNDA:0,(anonymous_5)
FNDA:19,(anonymous_6)
FNDA:1,(anonymous_7)
FNDA:19,(anonymous_8)
DA:7,20
DA:28,9
DA:29,9
DA:30,9
DA:31,9
DA:34,9
DA:35,3
DA:37,2
DA:38,3
DA:39,3
DA:40,3
DA:42,3
DA:43,1
DA:44,1
DA:47,2
DA:48,2
DA:52,2
DA:55,9
DA:57,7
DA:68,0
DA:72,19
DA:80,1
DA:98,19
DA:99,19
LF:24
LH:23
BRDA:35,0,0,1
BRDA:35,0,1,2
BRDA:42,1,0,1
BRDA:42,1,1,2
BRDA:55,2,0,2
BRDA:55,2,1,7
BRDA:87,3,0,7
BRDA:87,3,1,7
BRDA:105,4,0,7
BRDA:105,4,1,12
BRDA:106,5,0,7
BRDA:106,5,1,12
BRF:12
BRH:12
end_of_record
TN:
SF:components\organisms\FloatingCartButton.tsx
FN:57,FloatingCartButton
FN:72,(anonymous_1)
FN:95,(anonymous_2)
FNF:3
FNH:3
FNDA:20,FloatingCartButton
FNDA:4,(anonymous_1)
FNDA:4,(anonymous_2)
DA:65,20
DA:68,20
DA:69,20
DA:70,20
DA:72,20
DA:73,4
DA:76,4
DA:77,4
DA:78,4
DA:81,4
DA:96,4
DA:101,20
DA:102,8
DA:105,12
LF:14
LH:14
BRDA:60,0,0,4
BRDA:61,1,0,4
BRDA:62,2,0,4
BRDA:63,3,0,4
BRDA:73,4,0,0
BRDA:73,4,1,4
BRDA:101,5,0,8
BRDA:101,5,1,12
BRDA:128,6,0,0
BRDA:128,6,1,12
BRF:10
BRH:8
end_of_record
TN:
SF:components\organisms\LocationSuggestions.tsx
FN:59,LocationSuggestions
FN:94,(anonymous_1)
FN:97,(anonymous_2)
FN:114,LocationItem
FNF:4
FNH:3
FNDA:10,LocationSuggestions
FNDA:8,(anonymous_1)
FNDA:0,(anonymous_2)
FNDA:2,LocationItem
DA:68,10
DA:70,10
DA:72,6
DA:95,8
DA:97,0
DA:115,2
DA:117,2
LF:7
LH:6
BRDA:65,0,0,10
BRDA:70,1,0,4
BRDA:70,1,1,6
BRDA:70,2,0,10
BRDA:70,2,1,8
BRDA:100,3,0,2
BRDA:100,3,1,6
BRF:7
BRH:7
end_of_record
TN:
SF:components\organisms\ModalHeader.tsx
FN:33,ModalHeader
FN:44,(anonymous_1)
FN:53,(anonymous_2)
FNF:3
FNH:3
FNDA:39,ModalHeader
FNDA:39,(anonymous_1)
FNDA:39,(anonymous_2)
DA:41,39
DA:42,39
DA:44,39
DA:45,39
DA:46,2
DA:47,2
DA:48,35
DA:49,0
DA:53,39
DA:54,39
DA:55,27
DA:56,8
DA:57,2
DA:58,2
DA:59,0
DA:63,39
LF:16
LH:14
BRDA:36,0,0,6
BRDA:37,1,0,8
BRDA:38,2,0,2
BRDA:39,3,0,2
BRDA:45,4,0,2
BRDA:45,4,1,2
BRDA:45,4,2,35
BRDA:45,4,3,0
BRDA:54,5,0,27
BRDA:54,5,1,8
BRDA:54,5,2,2
BRDA:54,5,3,2
BRDA:54,5,4,0
BRF:13
BRH:11
end_of_record
TN:
SF:components\organisms\ServiceGrid.tsx
FN:25,ServiceGrid
FN:49,(anonymous_1)
FNF:2
FNH:2
FNDA:2,ServiceGrid
FNDA:2,(anonymous_1)
DA:32,2
DA:34,1
DA:50,2
LF:3
LH:3
BRDA:28,0,0,2
BRDA:32,1,0,1
BRDA:32,1,1,1
BRDA:36,2,0,1
BRDA:36,2,1,0
BRDA:36,2,2,0
BRF:6
BRH:4
end_of_record
TN:
SF:components\organisms\TripTypeFilters.tsx
FN:37,TripTypeFilters
FN:53,(anonymous_1)
FN:56,(anonymous_2)
FNF:3
FNH:3
FNDA:12,TripTypeFilters
FNDA:24,(anonymous_1)
FNDA:4,(anonymous_2)
DA:46,12
DA:48,12
DA:54,24
DA:56,4
LF:4
LH:4
BRDA:40,0,0,2
BRDA:61,1,0,12
BRDA:61,1,1,12
BRDA:64,2,0,12
BRDA:64,2,1,12
BRDA:69,3,0,12
BRDA:69,3,1,12
BRF:7
BRH:7
end_of_record
TN:
SF:components\organisms\index.ts
FNF:0
FNH:0
LF:0
LH:0
BRF:0
BRH:0
end_of_record
TN:
SF:components\organisms\modals\BaseModal.tsx
FN:57,BaseModal
FN:72,(anonymous_1)
FN:105,(anonymous_2)
FN:166,(anonymous_3)
FN:189,(anonymous_4)
FNF:5
FNH:5
FNDA:56,BaseModal
FNDA:12,(anonymous_1)
FNDA:56,(anonymous_2)
FNDA:1,(anonymous_3)
FNDA:22,(anonymous_4)
DA:68,56
DA:69,56
DA:72,56
DA:73,12
DA:75,12
DA:77,4
DA:82,4
DA:87,2
DA:92,2
DA:97,0
DA:105,56
DA:106,56
DA:107,56
DA:109,44
DA:121,10
DA:130,2
DA:140,56
DA:142,56
DA:166,1
DA:189,22
DA:237,24
LF:21
LH:20
BRDA:62,0,0,6
BRDA:63,1,0,2
BRDA:64,2,0,46
BRDA:65,3,0,28
BRDA:75,4,0,4
BRDA:75,4,1,4
BRDA:75,4,2,2
BRDA:75,4,3,2
BRDA:75,4,4,0
BRDA:107,5,0,44
BRDA:107,5,1,10
BRDA:107,5,2,2
BRDA:107,5,3,2
BRDA:146,6,0,44
BRDA:146,6,1,12
BRDA:155,7,0,52
BRDA:155,7,1,4
BRDA:169,8,0,56
BRDA:169,8,1,10
BRDA:169,8,2,46
BRDA:180,9,0,46
BRDA:180,9,1,46
BRDA:186,10,0,46
BRDA:186,10,1,46
BRDA:191,11,0,0
BRDA:191,11,1,22
BRDA:205,12,0,28
BRDA:205,12,1,28
BRDA:213,13,0,56
BRDA:213,13,1,28
BRF:30
BRH:28
end_of_record
TN:
SF:components\organisms\modals\ConfirmModal.tsx
FN:57,ConfirmModal
FN:71,(anonymous_1)
FN:99,(anonymous_2)
FNF:3
FNH:3
FNDA:2,ConfirmModal
FNDA:2,(anonymous_1)
FNDA:1,(anonymous_2)
DA:68,2
DA:71,2
DA:72,2
DA:74,0
DA:79,0
DA:84,0
DA:90,2
DA:97,2
DA:99,2
DA:100,1
DA:101,1
DA:102,1
DA:106,2
LF:13
LH:10
BRDA:63,0,0,0
BRDA:64,1,0,2
BRDA:65,2,0,2
BRDA:66,3,0,2
BRDA:72,4,0,0
BRDA:72,4,1,0
BRDA:72,4,2,0
BRDA:72,4,3,2
BRDA:72,4,4,2
BRDA:101,5,0,1
BRDA:101,5,1,0
BRF:11
BRH:6
end_of_record
TN:
SF:components\organisms\modals\FormModal.tsx
FN:65,FormModal
FN:78,(anonymous_1)
FNF:2
FNH:2
FNDA:21,FormModal
FNDA:3,(anonymous_1)
DA:78,21
DA:79,3
DA:82,21
LF:3
LH:3
BRDA:71,0,0,20
BRDA:73,1,0,21
BRDA:74,2,0,20
BRDA:75,3,0,3
BRDA:76,4,0,21
BRDA:100,5,0,21
BRDA:100,5,1,2
BRF:7
BRH:7
end_of_record
TN:
SF:components\organisms\modals\SuccessModal.tsx
FN:56,SuccessModal
FN:72,(anonymous_1)
FN:95,(anonymous_2)
FN:98,(anonymous_3)
FN:110,(anonymous_4)
FNF:5
FNH:5
FNDA:10,SuccessModal
FNDA:5,(anonymous_1)
FNDA:1,(anonymous_2)
FNDA:1,(anonymous_3)
FNDA:10,(anonymous_4)
DA:67,10
DA:68,10
DA:69,10
DA:72,10
DA:73,5
DA:75,5
DA:76,5
DA:79,5
DA:94,5
DA:95,1
DA:96,1
DA:98,1
DA:104,10
DA:110,10
DA:111,10
DA:113,10
DA:115,2
DA:117,2
DA:120,6
DA:124,10
DA:181,20
LF:21
LH:21
BRDA:61,0,0,6
BRDA:62,1,0,10
BRDA:64,2,0,8
BRDA:65,3,0,8
BRDA:73,4,0,5
BRDA:73,4,1,0
BRDA:94,5,0,1
BRDA:94,5,1,4
BRDA:113,6,0,2
BRDA:113,6,1,2
BRDA:113,6,2,6
BRDA:113,6,3,6
BRDA:139,7,0,2
BRDA:139,7,1,8
BRDA:162,8,0,10
BRDA:162,8,1,8
BRDA:164,9,0,8
BRDA:164,9,1,6
BRF:18
BRH:17
end_of_record
TN:
SF:components\organisms\modals\index.ts
FNF:0
FNH:0
LF:0
LH:0
BRF:0
BRH:0
end_of_record
TN:
SF:components\templates\CategoryPageLayout.tsx
FN:23,CategoryPageLayout
FN:34,(anonymous_1)
FN:43,(anonymous_2)
FN:103,(anonymous_3)
FNF:4
FNH:4
FNDA:4,CategoryPageLayout
FNDA:2,(anonymous_1)
FNDA:2,(anonymous_2)
FNDA:4,(anonymous_3)
DA:11,20
DA:28,4
DA:29,4
DA:30,4
DA:31,4
DA:34,4
DA:35,2
DA:43,4
DA:44,2
DA:47,4
DA:103,4
DA:136,20
LF:12
LH:12
BRDA:108,0,0,0
BRDA:108,0,1,4
BRF:2
BRH:1
end_of_record
TN:
SF:components\templates\DetailLayout.tsx
FN:31,DetailLayout
FNF:1
FNH:1
FNDA:2,DetailLayout
DA:37,2
DA:39,2
DA:74,19
LF:3
LH:3
BRDA:57,0,0,2
BRDA:57,0,1,2
BRF:2
BRH:2
end_of_record
TN:
SF:components\templates\ListLayout.tsx
FN:39,ListLayout
FN:44,(anonymous_1)
FN:75,(anonymous_2)
FNF:3
FNH:3
FNDA:2,ListLayout
FNDA:4,(anonymous_1)
FNDA:4,(anonymous_2)
DA:44,4
DA:50,2
DA:52,2
DA:76,4
DA:88,19
LF:5
LH:5
BRDA:44,0,0,2
BRDA:46,1,0,2
BRDA:48,2,0,2
BRDA:58,3,0,0
BRDA:58,3,1,2
BRDA:64,4,0,2
BRDA:64,4,1,2
BRF:7
BRH:6
end_of_record
TN:
SF:components\templates\PublicServiceFormLayout.tsx
FN:38,PublicServiceFormLayout
FNF:1
FNH:1
FNDA:4,PublicServiceFormLayout
DA:51,4
DA:52,4
DA:54,4
DA:157,20
LF:4
LH:4
BRDA:48,0,0,4
BRDA:49,1,0,4
BRDA:59,2,0,4
BRDA:59,2,1,0
BRF:4
BRH:3
end_of_record
TN:
SF:components\templates\SearchLayout.tsx
FN:45,SearchLayout
FN:55,(anonymous_1)
FN:120,(anonymous_2)
FNF:3
FNH:3
FNDA:20,SearchLayout
FNDA:4,(anonymous_1)
FNDA:10,(anonymous_2)
DA:55,4
DA:59,20
DA:63,20
DA:68,20
DA:121,10
DA:138,20
LF:6
LH:6
BRDA:51,0,0,18
BRDA:55,1,0,16
BRDA:78,2,0,20
BRDA:78,2,1,8
BRDA:85,3,0,20
BRDA:85,3,1,8
BRDA:92,4,0,20
BRDA:92,4,1,8
BRDA:99,5,0,2
BRDA:99,5,1,18
BRDA:106,6,0,18
BRDA:106,6,1,16
BRDA:106,6,2,6
BRDA:111,7,0,4
BRDA:111,7,1,2
BRDA:111,8,0,4
BRDA:111,8,1,2
BRDA:116,9,0,2
BRDA:116,9,1,16
BRDA:118,10,0,6
BRDA:118,10,1,10
BRDA:127,11,0,10
BRDA:127,11,1,2
BRF:23
BRH:23
end_of_record
TN:
SF:components\templates\ServicePageLayout.tsx
FN:43,ServicePageLayout
FNF:1
FNH:1
FNDA:2,ServicePageLayout
DA:58,2
DA:60,2
LF:2
LH:2
BRDA:47,0,0,0
BRDA:53,1,0,2
BRDA:55,2,0,0
BRDA:56,3,0,0
BRDA:66,4,0,0
BRDA:66,4,1,2
BRDA:94,5,0,2
BRDA:94,5,1,0
BRF:8
BRH:3
end_of_record
TN:
SF:components\templates\ShoppingPageLayout.tsx
FN:65,ShoppingPageLayout
FN:112,(anonymous_1)
FN:113,(anonymous_2)
FN:168,(anonymous_3)
FN:179,(anonymous_4)
FN:191,(anonymous_5)
FN:230,(anonymous_6)
FN:233,(anonymous_7)
FN:270,(anonymous_8)
FN:273,(anonymous_9)
FN:310,(anonymous_10)
FN:313,(anonymous_11)
FN:342,(anonymous_12)
FN:346,(anonymous_13)
FN:347,(anonymous_14)
FN:365,(anonymous_15)
FN:376,(anonymous_16)
FN:379,(anonymous_17)
FN:380,(anonymous_18)
FN:389,(anonymous_19)
FN:391,(anonymous_20)
FN:401,(anonymous_21)
FNF:22
FNH:20
FNDA:16,ShoppingPageLayout
FNDA:0,(anonymous_1)
FNDA:0,(anonymous_2)
FNDA:1,(anonymous_3)
FNDA:1,(anonymous_4)
FNDA:1,(anonymous_5)
FNDA:24,(anonymous_6)
FNDA:1,(anonymous_7)
FNDA:30,(anonymous_8)
FNDA:1,(anonymous_9)
FNDA:30,(anonymous_10)
FNDA:8,(anonymous_11)
FNDA:16,(anonymous_12)
FNDA:2,(anonymous_13)
FNDA:2,(anonymous_14)
FNDA:5,(anonymous_15)
FNDA:1,(anonymous_16)
FNDA:1,(anonymous_17)
FNDA:1,(anonymous_18)
FNDA:1,(anonymous_19)
FNDA:1,(anonymous_20)
FNDA:1,(anonymous_21)
DA:103,16
DA:104,16
DA:106,16
DA:112,0
DA:113,0
DA:168,1
DA:179,1
DA:191,1
DA:231,24
DA:233,1
DA:271,30
DA:273,1
DA:311,30
DA:313,8
DA:343,16
DA:346,2
DA:347,2
DA:365,5
DA:376,1
DA:379,1
DA:380,1
DA:389,1
DA:392,1
DA:393,1
DA:401,1
DA:445,18
LF:26
LH:24
BRDA:113,0,0,0
BRDA:113,0,1,0
BRDA:117,1,0,16
BRDA:117,1,1,10
BRDA:131,2,0,10
BRDA:131,2,1,6
BRDA:183,3,0,16
BRDA:183,3,1,0
BRDA:188,4,0,16
BRDA:188,4,1,0
BRDA:195,5,0,0
BRDA:195,5,1,16
BRDA:200,6,0,0
BRDA:200,6,1,16
BRDA:207,7,0,16
BRDA:207,7,1,6
BRDA:237,8,0,6
BRDA:237,8,1,18
BRDA:246,9,0,6
BRDA:246,9,1,18
BRDA:277,10,0,6
BRDA:277,10,1,24
BRDA:286,11,0,6
BRDA:286,11,1,24
BRDA:317,12,0,6
BRDA:317,12,1,24
BRDA:326,13,0,6
BRDA:326,13,1,24
BRDA:341,14,0,16
BRDA:341,14,1,0
BRDA:353,15,0,16
BRDA:353,15,1,2
BRDA:386,16,0,16
BRDA:386,16,1,4
BRF:34
BRH:27
end_of_record
TN:
SF:components\templates\index.ts
FNF:0
FNH:0
LF:0
LH:0
BRF:0
BRH:0
end_of_record
TN:
SF:components\ui\Container.tsx
FN:55,Section
FN:108,Box
FN:165,Stack
FN:212,Row
FN:245,Divider
FN:282,Spacer
FN:313,Center
FNF:7
FNH:7
FNDA:34,Section
FNDA:8,Box
FNDA:232,Stack
FNDA:149,Row
FNDA:2,Divider
FNDA:2,Spacer
FNDA:33,Center
DA:62,34
DA:64,34
DA:79,34
DA:121,8
DA:123,8
DA:125,8
DA:126,8
DA:127,8
DA:128,8
DA:129,8
DA:130,8
DA:131,8
DA:132,8
DA:134,8
DA:174,232
DA:176,232
DA:220,149
DA:253,2
DA:255,2
DA:289,2
DA:291,2
DA:318,33
DA:335,41
LF:23
LH:23
BRDA:57,0,0,2
BRDA:58,1,0,34
BRDA:125,2,0,2
BRDA:125,2,1,6
BRDA:126,3,0,0
BRDA:126,3,1,8
BRDA:127,4,0,0
BRDA:127,4,1,8
BRDA:128,5,0,2
BRDA:128,5,1,6
BRDA:129,6,0,0
BRDA:129,6,1,8
BRDA:130,7,0,0
BRDA:130,7,1,8
BRDA:131,8,0,2
BRDA:131,8,1,6
BRDA:131,9,0,2
BRDA:131,9,1,0
BRDA:132,10,0,2
BRDA:132,10,1,6
BRDA:167,11,0,3
BRDA:168,12,0,82
BRDA:169,13,0,82
BRDA:170,14,0,59
BRDA:181,15,0,82
BRDA:181,15,1,150
BRDA:214,16,0,52
BRDA:215,17,0,77
BRDA:216,18,0,81
BRDA:246,19,0,2
BRDA:283,20,0,0
BRDA:284,21,0,1
BRDA:294,22,0,1
BRDA:294,22,1,1
BRF:34
BRH:28
end_of_record
TN:
SF:components\ui\animations.ts
FN:12,(anonymous_0)
FN:24,(anonymous_1)
FN:36,(anonymous_2)
FN:49,(anonymous_3)
FN:61,(anonymous_4)
FN:77,(anonymous_5)
FN:87,(anonymous_6)
FNF:7
FNH:7
FNDA:1,(anonymous_0)
FNDA:1,(anonymous_1)
FNDA:1,(anonymous_2)
FNDA:1,(anonymous_3)
FNDA:1,(anonymous_4)
FNDA:1,(anonymous_5)
FNDA:1,(anonymous_6)
DA:12,42
DA:16,1
DA:24,42
DA:28,1
DA:36,42
DA:40,1
DA:49,42
DA:53,1
DA:61,42
DA:62,1
DA:77,42
DA:78,1
DA:87,42
DA:88,1
LF:14
LH:14
BRDA:14,0,0,1
BRDA:26,1,0,1
BRDA:38,2,0,1
BRDA:51,3,0,1
BRF:4
BRH:4
end_of_record
TN:
SF:components\ui\index.ts
FNF:0
FNH:0
LF:0
LH:0
BRF:0
BRH:0
end_of_record
TN:
SF:hooks\index.ts
FNF:0
FNH:0
LF:0
LH:0
BRF:0
BRH:0
end_of_record
TN:
SF:hooks\useProductFilters.ts
FN:14,useProductFilters
FN:23,(anonymous_1)
FN:28,(anonymous_2)
FN:35,(anonymous_3)
FN:40,(anonymous_4)
FN:42,(anonymous_5)
FN:44,(anonymous_6)
FN:49,(anonymous_7)
FN:54,(anonymous_8)
FN:56,(anonymous_9)
FN:58,(anonymous_10)
FN:60,(anonymous_11)
FNF:12
FNH:7
FNDA:7,useProductFilters
FNDA:7,(anonymous_1)
FNDA:12,(anonymous_2)
FNDA:9,(anonymous_3)
FNDA:4,(anonymous_4)
FNDA:0,(anonymous_5)
FNDA:4,(anonymous_6)
FNDA:1,(anonymous_7)
FNDA:0,(anonymous_8)
FNDA:0,(anonymous_9)
FNDA:0,(anonymous_10)
FNDA:0,(anonymous_11)
DA:15,7
DA:16,7
DA:17,7
DA:18,7
DA:19,7
DA:20,7
DA:21,7
DA:23,7
DA:24,7
DA:27,7
DA:28,4
DA:29,12
DA:34,7
DA:35,9
DA:39,7
DA:40,4
DA:41,5
DA:42,0
DA:43,5
DA:44,4
DA:48,7
DA:49,1
DA:53,7
DA:54,0
DA:55,7
DA:56,0
DA:57,7
DA:58,0
DA:59,7
DA:60,2
DA:63,7
DA:66,7
LF:32
LH:28
BRDA:27,0,0,4
BRDA:27,0,1,3
BRDA:34,1,0,3
BRDA:34,1,1,4
BRDA:39,2,0,2
BRDA:39,2,1,5
BRDA:41,3,0,0
BRDA:41,3,1,5
BRDA:42,4,0,0
BRDA:42,4,1,0
BRDA:43,5,0,1
BRDA:43,5,1,4
BRDA:48,6,0,1
BRDA:48,6,1,6
BRDA:53,7,0,0
BRDA:53,7,1,7
BRDA:55,8,0,0
BRDA:55,8,1,7
BRDA:57,9,0,0
BRDA:57,9,1,7
BRDA:59,10,0,2
BRDA:59,10,1,5
BRF:22
BRH:16
end_of_record
TN:
SF:hooks\usePublicServiceForm.ts
FN:13,usePublicServiceForm
FN:22,(anonymous_1)
FN:28,(anonymous_2)
FN:39,(anonymous_3)
FN:59,(anonymous_4)
FNF:5
FNH:5
FNDA:5,usePublicServiceForm
FNDA:2,(anonymous_1)
FNDA:2,(anonymous_2)
FNDA:1,(anonymous_3)
FNDA:1,(anonymous_4)
DA:17,5
DA:18,5
DA:19,5
DA:20,5
DA:22,5
DA:27,2
DA:28,2
DA:31,2
DA:32,1
DA:33,1
DA:36,1
DA:39,1
DA:40,1
DA:41,1
DA:44,1
DA:59,1
DA:60,1
DA:61,1
DA:62,1
DA:63,1
DA:64,1
DA:69,5
LF:22
LH:22
BRDA:13,0,0,0
BRDA:15,1,0,0
BRDA:28,2,0,2
BRDA:28,2,1,1
BRDA:31,3,0,1
BRDA:31,3,1,1
BRF:6
BRH:4
end_of_record
TN:
SF:hooks\usePurchaseFlow.ts
FN:25,usePurchaseFlow
FN:33,(anonymous_1)
FN:38,(anonymous_2)
FN:57,(anonymous_3)
FN:62,(anonymous_4)
FN:67,(anonymous_5)
FNF:6
FNH:6
FNDA:6,usePurchaseFlow
FNDA:1,(anonymous_1)
FNDA:1,(anonymous_2)
FNDA:1,(anonymous_3)
FNDA:1,(anonymous_4)
FNDA:1,(anonymous_5)
DA:29,6
DA:30,6
DA:31,6
DA:33,6
DA:34,1
DA:35,1
DA:38,6
DA:39,1
DA:42,1
DA:49,1
DA:50,1
DA:54,1
DA:57,1
DA:58,1
DA:62,6
DA:63,1
DA:64,1
DA:67,6
DA:68,1
DA:71,6
LF:20
LH:20
BRDA:39,0,0,0
BRDA:39,0,1,1
BRDA:49,1,0,1
BRDA:49,1,1,0
BRDA:59,2,0,1
BRDA:59,2,1,0
BRF:6
BRH:3
end_of_record
TN:
SF:hooks\useServiceFilters.ts
FN:25,useServiceFilters
FN:30,(anonymous_1)
FN:31,(anonymous_2)
FN:36,(anonymous_3)
FN:37,(anonymous_4)
FN:41,(anonymous_5)
FN:46,(anonymous_6)
FN:53,(anonymous_7)
FNF:8
FNH:8
FNDA:4,useServiceFilters
FNDA:1,(anonymous_1)
FNDA:3,(anonymous_2)
FNDA:1,(anonymous_3)
FNDA:3,(anonymous_4)
FNDA:4,(anonymous_5)
FNDA:6,(anonymous_6)
FNDA:5,(anonymous_7)
DA:26,4
DA:27,4
DA:30,4
DA:31,3
DA:32,1
DA:36,4
DA:37,3
DA:41,4
DA:42,4
DA:45,4
DA:46,6
DA:50,4
DA:51,2
DA:52,2
DA:54,5
DA:60,4
DA:63,4
LF:17
LH:17
BRDA:45,0,0,2
BRDA:45,0,1,2
BRDA:50,1,0,2
BRDA:50,1,1,2
BRDA:54,2,0,5
BRDA:54,2,1,4
BRDA:54,2,2,0
BRDA:54,2,3,4
BRF:8
BRH:7
end_of_record
TN:
SF:hooks\useShoppingCart.ts
FN:21,useShoppingCart
FN:31,(anonymous_1)
FN:32,(anonymous_2)
FN:40,(anonymous_3)
FN:41,(anonymous_4)
FN:52,(anonymous_5)
FN:56,(anonymous_6)
FN:57,(anonymous_7)
FN:58,(anonymous_8)
FN:63,(anonymous_9)
FN:64,(anonymous_10)
FN:67,(anonymous_11)
FN:75,(anonymous_12)
FN:84,(anonymous_13)
FNF:14
FNH:14
FNDA:10,useShoppingCart
FNDA:4,(anonymous_1)
FNDA:4,(anonymous_2)
FNDA:1,(anonymous_3)
FNDA:1,(anonymous_4)
FNDA:1,(anonymous_5)
FNDA:3,(anonymous_6)
FNDA:4,(anonymous_7)
FNDA:6,(anonymous_8)
FNDA:8,(anonymous_9)
FNDA:6,(anonymous_10)
FNDA:2,(anonymous_11)
FNDA:1,(anonymous_12)
FNDA:1,(anonymous_13)
DA:22,10
DA:23,10
DA:24,10
DA:25,10
DA:26,10
DA:27,10
DA:28,10
DA:29,10
DA:31,10
DA:32,4
DA:34,4
DA:40,10
DA:41,1
DA:42,1
DA:43,1
DA:44,0
DA:46,1
DA:48,1
DA:52,10
DA:53,1
DA:56,10
DA:57,3
DA:58,6
DA:59,4
DA:63,10
DA:64,8
DA:67,10
DA:68,2
DA:69,1
DA:70,1
DA:72,1
DA:75,10
DA:76,1
DA:77,1
DA:79,1
DA:84,1
DA:85,1
DA:86,1
DA:87,1
DA:88,1
DA:92,10
LF:41
LH:40
BRDA:32,0,0,4
BRDA:32,0,1,4
BRDA:43,1,0,0
BRDA:43,1,1,1
BRDA:59,2,0,4
BRDA:59,2,1,0
BRDA:68,3,0,1
BRDA:68,3,1,1
BRF:8
BRH:6
end_of_record
TN:
SF:hooks\useSuccessModal.ts
FN:37,useSuccessModal
FN:46,(anonymous_1)
FN:53,(anonymous_2)
FN:54,(anonymous_3)
FNF:4
FNH:4
FNDA:3,useSuccessModal
FNDA:1,(anonymous_1)
FNDA:1,(anonymous_2)
FNDA:1,(anonymous_3)
DA:38,3
DA:39,3
DA:46,3
DA:47,1
DA:53,3
DA:54,1
DA:57,1
DA:58,1
DA:61,1
DA:62,1
DA:66,3
LF:11
LH:11
BRDA:37,0,0,0
BRDA:57,1,0,1
BRDA:57,1,1,0
BRDA:61,2,0,1
BRDA:61,2,1,0
BRF:5
BRH:2
end_of_record
TN:
SF:utils\logger.ts
FN:23,(anonymous_0)
FN:27,(anonymous_1)
FN:35,(anonymous_2)
FN:48,(anonymous_3)
FN:57,(anonymous_4)
FN:66,(anonymous_5)
FN:75,(anonymous_6)
FN:82,(anonymous_7)
FN:97,measurePerf
FNF:9
FNH:9
FNDA:5,(anonymous_0)
FNDA:15,(anonymous_1)
FNDA:14,(anonymous_2)
FNDA:9,(anonymous_3)
FNDA:2,(anonymous_4)
FNDA:2,(anonymous_5)
FNDA:4,(anonymous_6)
FNDA:1,(anonymous_7)
FNDA:1,measurePerf
DA:14,3
DA:24,5
DA:28,15
DA:31,15
DA:32,15
DA:36,14
DA:38,14
DA:39,14
DA:40,14
DA:42,14
DA:49,9
DA:50,8
DA:58,2
DA:59,1
DA:67,2
DA:68,2
DA:76,4
DA:83,1
DA:84,1
DA:85,1
DA:91,3
DA:98,1
DA:99,1
DA:100,1
DA:101,1
LF:25
LH:25
BRDA:23,0,0,3
BRDA:28,1,0,13
BRDA:28,1,1,2
BRDA:36,2,0,0
BRDA:36,2,1,14
BRDA:49,3,0,8
BRDA:49,3,1,1
BRDA:58,4,0,1
BRDA:58,4,1,1
BRDA:67,5,0,2
BRDA:67,5,1,0
BRDA:83,6,0,1
BRDA:83,6,1,0
BRF:13
BRH:10
end_of_record
TN:
SF:utils\navigation.ts
FN:18,useTypedNavigation
FN:25,(anonymous_1)
FN:33,(anonymous_2)
FN:41,(anonymous_3)
FN:49,(anonymous_4)
FN:54,(anonymous_5)
FN:59,(anonymous_6)
FN:74,(anonymous_7)
FN:78,(anonymous_8)
FN:87,(anonymous_9)
FNF:10
FNH:10
FNDA:1,useTypedNavigation
FNDA:1,(anonymous_1)
FNDA:1,(anonymous_2)
FNDA:1,(anonymous_3)
FNDA:1,(anonymous_4)
FNDA:1,(anonymous_5)
FNDA:2,(anonymous_6)
FNDA:1,(anonymous_7)
FNDA:2,(anonymous_8)
FNDA:2,(anonymous_9)
DA:19,1
DA:21,1
DA:26,1
DA:27,1
DA:34,1
DA:35,1
DA:42,1
DA:43,1
DA:49,1
DA:58,1
DA:59,2
DA:61,1
DA:62,1
DA:63,1
DA:72,2
DA:75,1
DA:79,2
DA:80,1
DA:81,1
DA:83,1
DA:84,1
DA:88,2
DA:89,1
DA:90,1
DA:92,1
DA:93,1
LF:26
LH:26
BRDA:79,0,0,1
BRDA:79,0,1,1
BRDA:88,1,0,1
BRDA:88,1,1,1
BRF:4
BRH:4
end_of_record
